<!DOCTYPE html PUBLIC "-//W3C//DTD XHTML 1.1//EN" "https://www.w3.org/TR/xhtml11/DTD/xhtml11.dtd">
<html xmlns="https://www.w3.org/1999/xhtml">
<head>
<meta http-equiv="content-type" content="text/html; charset=UTF-8"/>
<title>TestNG Report</title>
<style type="text/css">table {margin-bottom:10px;border-collapse:collapse;empty-cells:show}th,td {border:1px solid #009;padding:.25em .5em}th {vertical-align:bottom}td {vertical-align:top}table a {font-weight:bold}.stripe td {background-color: #E6EBF9}.num {text-align:right}.passedodd td {background-color: #3F3}.passedeven td {background-color: #0A0}.skippedodd td {background-color: #DDD}.skippedeven td {background-color: #CCC}.failedodd td,.attn {background-color: #F33}.failedeven td,.stripe .attn {background-color: #D00}.stacktrace {white-space:pre;font-family:monospace}.totop {font-size:85%;text-align:center;border-bottom:2px solid #000}.invisible {display:none}</style>
</head>
<body>
<table>
<tr><th>Test</th><th># Passed</th><th># Skipped</th><th># Retried</th><th># Failed</th><th>Time (ms)</th><th>Included Groups</th><th>Excluded Groups</th></tr>
<tr><th colspan="8">Axis Sanity Framework</th></tr>
<tr><td><a href="#t0">Account Creation </a></td><td class="num">0</td><td class="num attn">1</td><td class="num">0</td><td class="num">0</td><td class="num">859</td><td></td><td></td></tr>
<tr class="stripe"><td><a href="#t1">Lead Creation On Account</a></td><td class="num">0</td><td class="num attn">1</td><td class="num">0</td><td class="num">0</td><td class="num">2,409</td><td></td><td></td></tr>
<tr><td><a href="#t2">Activity Creation On Account</a></td><td class="num">0</td><td class="num attn">1</td><td class="num">0</td><td class="num">0</td><td class="num">744</td><td></td><td></td></tr>
<tr class="stripe"><td><a href="#t3">New Offer Creation On Account</a></td><td class="num">0</td><td class="num attn">1</td><td class="num">0</td><td class="num">0</td><td class="num">680</td><td></td><td></td></tr>
<tr><td><a href="#t4">Verify Tabs Visible On Account</a></td><td class="num">0</td><td class="num attn">1</td><td class="num">0</td><td class="num">0</td><td class="num">788</td><td></td><td></td></tr>
<tr class="stripe"><td><a href="#t5">Customer Search</a></td><td class="num">0</td><td class="num attn">1</td><td class="num">0</td><td class="num">0</td><td class="num">819</td><td></td><td></td></tr>
<tr><td><a href="#t6">Appointment Creation Page open</a></td><td class="num">0</td><td class="num attn">1</td><td class="num">0</td><td class="num">0</td><td class="num">916</td><td></td><td></td></tr>
<tr class="stripe"><td><a href="#t7">Activity Created</a></td><td class="num">0</td><td class="num attn">1</td><td class="num">0</td><td class="num">0</td><td class="num">837</td><td></td><td></td></tr>
<tr><td><a href="#t8">Activity Created Edited</a></td><td class="num">0</td><td class="num attn">1</td><td class="num">0</td><td class="num">0</td><td class="num">770</td><td></td><td></td></tr>
<tr class="stripe"><td><a href="#t9">Pagination On Appointment Listing Page</a></td><td class="num">0</td><td class="num attn">1</td><td class="num">0</td><td class="num">0</td><td class="num">1,023</td><td></td><td></td></tr>
<tr><td><a href="#t10">Scheduled Appointment</a></td><td class="num">0</td><td class="num attn">1</td><td class="num">0</td><td class="num">0</td><td class="num">902</td><td></td><td></td></tr>
<tr class="stripe"><td><a href="#t11">Category View Appointment</a></td><td class="num">0</td><td class="num attn">1</td><td class="num">0</td><td class="num">0</td><td class="num">979</td><td></td><td></td></tr>
<tr><td><a href="#t12"> Activity Created closed</a></td><td class="num">0</td><td class="num attn">1</td><td class="num">0</td><td class="num">0</td><td class="num">761</td><td></td><td></td></tr>
<tr class="stripe"><td><a href="#t13">Lead Creation Page Open</a></td><td class="num">0</td><td class="num attn">1</td><td class="num">0</td><td class="num">0</td><td class="num">874</td><td></td><td></td></tr>
<tr><td><a href="#t14">New Lead Created</a></td><td class="num">0</td><td class="num attn">1</td><td class="num">0</td><td class="num">0</td><td class="num">836</td><td></td><td></td></tr>
<tr class="stripe"><td><a href="#t15">Lead Search</a></td><td class="num">0</td><td class="num attn">1</td><td class="num">0</td><td class="num">0</td><td class="num">729</td><td></td><td></td></tr>
<tr><td><a href="#t16">Verify Edit Lead All Data Display In Edit Page</a></td><td class="num">0</td><td class="num attn">1</td><td class="num">0</td><td class="num">0</td><td class="num">764</td><td></td><td></td></tr>
<tr class="stripe"><td><a href="#t17">verify Document Attachement On Lead Details Page</a></td><td class="num">0</td><td class="num attn">1</td><td class="num">0</td><td class="num">0</td><td class="num">941</td><td></td><td></td></tr>
<tr><td><a href="#t18">verify Appointment Created On Lead</a></td><td class="num">0</td><td class="num attn">1</td><td class="num">0</td><td class="num">0</td><td class="num">755</td><td></td><td></td></tr>
<tr class="stripe"><td><a href="#t19">verify Task Created On Lead</a></td><td class="num">0</td><td class="num attn">1</td><td class="num">0</td><td class="num">0</td><td class="num">827</td><td></td><td></td></tr>
<tr><td><a href="#t20">verify Lead History Page</a></td><td class="num">0</td><td class="num attn">1</td><td class="num">0</td><td class="num">0</td><td class="num">730</td><td></td><td></td></tr>
<tr class="stripe"><td><a href="#t21">verify Pagination And Order By On Lead Listing Page</a></td><td class="num">0</td><td class="num attn">1</td><td class="num">0</td><td class="num">0</td><td class="num">781</td><td></td><td></td></tr>
<tr><td><a href="#t22">verify Category View Lead</a></td><td class="num">0</td><td class="num attn">1</td><td class="num">0</td><td class="num">0</td><td class="num">745</td><td></td><td></td></tr>
<tr class="stripe"><td><a href="#t23">verify Offer Creation Page Open</a></td><td class="num">0</td><td class="num attn">1</td><td class="num">0</td><td class="num">0</td><td class="num">652</td><td></td><td></td></tr>
<tr><td><a href="#t24">verify OfferCreation</a></td><td class="num">0</td><td class="num attn">1</td><td class="num">0</td><td class="num">0</td><td class="num">632</td><td></td><td></td></tr>
<tr class="stripe"><td><a href="#t25">Verify on Edit Offers All data Display In Edit Page</a></td><td class="num">1</td><td class="num">0</td><td class="num">0</td><td class="num">0</td><td class="num">72,391</td><td></td><td></td></tr>
<tr><td><a href="#t26">verify SR Is Getting Created</a></td><td class="num">0</td><td class="num attn">1</td><td class="num">0</td><td class="num">0</td><td class="num">724</td><td></td><td></td></tr>
<tr class="stripe"><td><a href="#t27">verify SR Is Assigned To User</a></td><td class="num">0</td><td class="num attn">1</td><td class="num">0</td><td class="num">0</td><td class="num">627</td><td></td><td></td></tr>
<tr><td><a href="#t28">verify SR Visible In Views</a></td><td class="num">0</td><td class="num attn">1</td><td class="num">0</td><td class="num">0</td><td class="num">620</td><td></td><td></td></tr>
<tr class="stripe"><td><a href="#t29">verify SR Search</a></td><td class="num">0</td><td class="num attn">1</td><td class="num">0</td><td class="num">0</td><td class="num">664</td><td></td><td></td></tr>
<tr><td><a href="#t30">verify SR Edited by Assigned to user</a></td><td class="num">0</td><td class="num attn">1</td><td class="num">0</td><td class="num">0</td><td class="num">590</td><td></td><td></td></tr>
<tr class="stripe"><td><a href="#t31">verify SR History Page</a></td><td class="num">0</td><td class="num attn">1</td><td class="num">0</td><td class="num">0</td><td class="num">560</td><td></td><td></td></tr>
<tr><td><a href="#t32">verify Dedupe</a></td><td class="num">0</td><td class="num attn">1</td><td class="num">0</td><td class="num">0</td><td class="num">577</td><td></td><td></td></tr>
<tr class="stripe"><td><a href="#t33">verify Import Functionality</a></td><td class="num">0</td><td class="num attn">1</td><td class="num">0</td><td class="num">0</td><td class="num">542</td><td></td><td></td></tr>
<tr><td><a href="#t34">verify Calendar Appointment</a></td><td class="num">0</td><td class="num attn">1</td><td class="num">0</td><td class="num">0</td><td class="num">601</td><td></td><td></td></tr>
<tr class="stripe"><td><a href="#t35">verify Task Creation</a></td><td class="num">0</td><td class="num attn">1</td><td class="num">0</td><td class="num">0</td><td class="num">602</td><td></td><td></td></tr>
<tr><td><a href="#t36">verify Alerts</a></td><td class="num">0</td><td class="num attn">1</td><td class="num">0</td><td class="num">0</td><td class="num">605</td><td></td><td></td></tr>
<tr class="stripe"><td><a href="#t37">verify Conditional Access</a></td><td class="num">0</td><td class="num attn">1</td><td class="num">0</td><td class="num">0</td><td class="num">605</td><td></td><td></td></tr>
<tr><td><a href="#t38">verify CustomAction Button</a></td><td class="num">0</td><td class="num attn">1</td><td class="num">0</td><td class="num">0</td><td class="num">640</td><td></td><td></td></tr>
<tr class="stripe"><td><a href="#t39">verify StandardSRProcess</a></td><td class="num">0</td><td class="num attn">1</td><td class="num">0</td><td class="num">0</td><td class="num">634</td><td></td><td></td></tr>
<tr><td><a href="#t40">verify ListOfReports</a></td><td class="num">0</td><td class="num attn">1</td><td class="num">0</td><td class="num">0</td><td class="num">615</td><td></td><td></td></tr>
<tr class="stripe"><td><a href="#t41">verify Reports Open</a></td><td class="num">0</td><td class="num attn">1</td><td class="num">0</td><td class="num">0</td><td class="num">579</td><td></td><td></td></tr>
<tr><td><a href="#t42">verify Execute Records Reports </a></td><td class="num">0</td><td class="num attn">1</td><td class="num">0</td><td class="num">0</td><td class="num">552</td><td></td><td></td></tr>
<tr class="stripe"><td><a href="#t43">verify Reports Added to quick links</a></td><td class="num">0</td><td class="num attn">1</td><td class="num">0</td><td class="num">0</td><td class="num">527</td><td></td><td></td></tr>
<tr><td><a href="#t44">verify ComposeEmail</a></td><td class="num">0</td><td class="num attn">1</td><td class="num">0</td><td class="num">0</td><td class="num">546</td><td></td><td></td></tr>
<tr class="stripe"><td><a href="#t45">verify Data Presenter EDs</a></td><td class="num">0</td><td class="num attn">1</td><td class="num">0</td><td class="num">0</td><td class="num">564</td><td></td><td></td></tr>
<tr><td><a href="#t46">verify Summary Page</a></td><td class="num">0</td><td class="num attn">1</td><td class="num">0</td><td class="num">0</td><td class="num">531</td><td></td><td></td></tr>
<tr class="stripe"><td><a href="#t47">verify Reports Filters</a></td><td class="num">0</td><td class="num attn">1</td><td class="num">0</td><td class="num">0</td><td class="num">532</td><td></td><td></td></tr>
<tr><th>Total</th><th class="num">1</th><th class="num attn">47</th><th class="num">0</th><th class="num">0</th><th class="num">107,181</th><th colspan="2"></th></tr>
</table>
<table id='summary'><thead><tr><th>Class</th><th>Method</th><th>Start</th><th>Time (ms)</th></tr></thead><tbody><tr><th colspan="4">Axis Sanity Framework</th></tr></tbody><tbody id="t0"><tr><th colspan="4">Account Creation  &#8212; failed (configuration methods)</th></tr><tr class="failedeven"><td rowspan="1">com.crm.testcases.TC01_ToverifyAccountIsCreatedTest</td><td><a href="#m0">teardown</a></td><td rowspan="1">1672313050680</td><td rowspan="1">3</td></tr><tr><th colspan="4">Account Creation  &#8212; skipped</th></tr><tr class="skippedeven"><td rowspan="1">com.crm.testcases.TC01_ToverifyAccountIsCreatedTest</td><td><a href="#m1">verifyAccountIsCreated</a></td><td rowspan="1">1672313049881</td><td rowspan="1">790</td></tr></tbody>
<tbody id="t1"><tr><th colspan="4">Lead Creation On Account &#8212; failed (configuration methods)</th></tr><tr class="failedeven"><td rowspan="1">com.crm.testcases.TC02_ToverifyLeadIsCreatedOnAccountTest</td><td><a href="#m2">teardown</a></td><td rowspan="1">1672313053550</td><td rowspan="1">0</td></tr><tr><th colspan="4">Lead Creation On Account &#8212; skipped</th></tr><tr class="skippedeven"><td rowspan="1">com.crm.testcases.TC02_ToverifyLeadIsCreatedOnAccountTest</td><td><a href="#m3">verifyLeadIsCreatedOnAccount</a></td><td rowspan="1">1672313051154</td><td rowspan="1">2394</td></tr></tbody>
<tbody id="t2"><tr><th colspan="4">Activity Creation On Account &#8212; failed (configuration methods)</th></tr><tr class="failedeven"><td rowspan="1">com.crm.testcases.TC03_ToverifyActivityCreatedOnAccountTest</td><td><a href="#m4">teardown</a></td><td rowspan="1">1672313054315</td><td rowspan="1">0</td></tr><tr><th colspan="4">Activity Creation On Account &#8212; skipped</th></tr><tr class="skippedeven"><td rowspan="1">com.crm.testcases.TC03_ToverifyActivityCreatedOnAccountTest</td><td><a href="#m5">verifyActivityCreationOnAccount</a></td><td rowspan="1">1672313053577</td><td rowspan="1">736</td></tr></tbody>
<tbody id="t3"><tr><th colspan="4">New Offer Creation On Account &#8212; failed (configuration methods)</th></tr><tr class="failedeven"><td rowspan="1">com.crm.testcases.TC04_ToverifyNewOfferCreatedOnAccountTest</td><td><a href="#m6">teardown</a></td><td rowspan="1">1672313055013</td><td rowspan="1">0</td></tr><tr><th colspan="4">New Offer Creation On Account &#8212; skipped</th></tr><tr class="skippedeven"><td rowspan="1">com.crm.testcases.TC04_ToverifyNewOfferCreatedOnAccountTest</td><td><a href="#m7">verifyNewOfferCreatedOnAccount</a></td><td rowspan="1">1672313054340</td><td rowspan="1">671</td></tr></tbody>
<tbody id="t4"><tr><th colspan="4">Verify Tabs Visible On Account &#8212; failed (configuration methods)</th></tr><tr class="failedeven"><td rowspan="1">com.crm.testcases.TC05_ToverifyTabsVisibleOnAccountTest</td><td><a href="#m8">teardown</a></td><td rowspan="1">1672313055823</td><td rowspan="1">1</td></tr><tr><th colspan="4">Verify Tabs Visible On Account &#8212; skipped</th></tr><tr class="skippedeven"><td rowspan="1">com.crm.testcases.TC05_ToverifyTabsVisibleOnAccountTest</td><td><a href="#m9">verifyTabsVisibleOnAccount</a></td><td rowspan="1">1672313055043</td><td rowspan="1">778</td></tr></tbody>
<tbody id="t5"><tr><th colspan="4">Customer Search &#8212; failed (configuration methods)</th></tr><tr class="failedeven"><td rowspan="1">com.crm.testcases.TC06_CustomerSearchTest</td><td><a href="#m10">teardown</a></td><td rowspan="1">1672313056690</td><td rowspan="1">0</td></tr><tr><th colspan="4">Customer Search &#8212; skipped</th></tr><tr class="skippedeven"><td rowspan="1">com.crm.testcases.TC06_CustomerSearchTest</td><td><a href="#m11">verifyCustomerSearch</a></td><td rowspan="1">1672313055880</td><td rowspan="1">808</td></tr></tbody>
<tbody id="t6"><tr><th colspan="4">Appointment Creation Page open &#8212; failed (configuration methods)</th></tr><tr class="failedeven"><td rowspan="1">com.crm.testcases.TC07_ToverifyAppointmentCreationPageOpenTest</td><td><a href="#m12">teardown</a></td><td rowspan="1">1672313057661</td><td rowspan="1">0</td></tr><tr><th colspan="4">Appointment Creation Page open &#8212; skipped</th></tr><tr class="skippedeven"><td rowspan="1">com.crm.testcases.TC07_ToverifyAppointmentCreationPageOpenTest</td><td><a href="#m13">verifyAppointmentPageOpen</a></td><td rowspan="1">1672313056751</td><td rowspan="1">908</td></tr></tbody>
<tbody id="t7"><tr><th colspan="4">Activity Created &#8212; failed (configuration methods)</th></tr><tr class="failedeven"><td rowspan="1">com.crm.testcases.TC08_ToverifyActivityCreatedIndependentlyTest</td><td><a href="#m14">teardown</a></td><td rowspan="1">1672313058525</td><td rowspan="1">2</td></tr><tr><th colspan="4">Activity Created &#8212; skipped</th></tr><tr class="skippedeven"><td rowspan="1">com.crm.testcases.TC08_ToverifyActivityCreatedIndependentlyTest</td><td><a href="#m15">verifyActivityCreated</a></td><td rowspan="1">1672313057696</td><td rowspan="1">828</td></tr></tbody>
<tbody id="t8"><tr><th colspan="4">Activity Created Edited &#8212; failed (configuration methods)</th></tr><tr class="failedeven"><td rowspan="1">com.crm.testcases.TC09_ToverifyCreatedActivityToBeEditedTest</td><td><a href="#m16">teardown</a></td><td rowspan="1">1672313059317</td><td rowspan="1">1</td></tr><tr><th colspan="4">Activity Created Edited &#8212; skipped</th></tr><tr class="skippedeven"><td rowspan="1">com.crm.testcases.TC09_ToverifyCreatedActivityToBeEditedTest</td><td><a href="#m17">verifyCreatedActivityEdited</a></td><td rowspan="1">1672313058554</td><td rowspan="1">762</td></tr></tbody>
<tbody id="t9"><tr><th colspan="4">Pagination On Appointment Listing Page &#8212; failed (configuration methods)</th></tr><tr class="failedeven"><td rowspan="1">com.crm.testcases.TC10_ToVerifyPaginationAndOrderByOnAppointmentListingTest</td><td><a href="#m18">teardown</a></td><td rowspan="1">1672313060362</td><td rowspan="1">0</td></tr><tr><th colspan="4">Pagination On Appointment Listing Page &#8212; skipped</th></tr><tr class="skippedeven"><td rowspan="1">com.crm.testcases.TC10_ToVerifyPaginationAndOrderByOnAppointmentListingTest</td><td><a href="#m19">verifyPaginationOnApppointment</a></td><td rowspan="1">1672313059346</td><td rowspan="1">1014</td></tr></tbody>
<tbody id="t10"><tr><th colspan="4">Scheduled Appointment &#8212; failed (configuration methods)</th></tr><tr class="failedeven"><td rowspan="1">com.crm.testcases.TC11_ToVerifyScheduledAppointmentTest</td><td><a href="#m20">teardown</a></td><td rowspan="1">1672313061295</td><td rowspan="1">0</td></tr><tr><th colspan="4">Scheduled Appointment &#8212; skipped</th></tr><tr class="skippedeven"><td rowspan="1">com.crm.testcases.TC11_ToVerifyScheduledAppointmentTest</td><td><a href="#m21">verifyScheduledAppointment</a></td><td rowspan="1">1672313060400</td><td rowspan="1">893</td></tr></tbody>
<tbody id="t11"><tr><th colspan="4">Category View Appointment &#8212; failed (configuration methods)</th></tr><tr class="failedeven"><td rowspan="1">com.crm.testcases.TC12_ToVerfiyCategoryViewAppointmentTest</td><td><a href="#m22">teardown</a></td><td rowspan="1">1672313062308</td><td rowspan="1">0</td></tr><tr><th colspan="4">Category View Appointment &#8212; skipped</th></tr><tr class="skippedeven"><td rowspan="1">com.crm.testcases.TC12_ToVerfiyCategoryViewAppointmentTest</td><td><a href="#m23">verfiyCategoryViewAppointment</a></td><td rowspan="1">1672313061335</td><td rowspan="1">971</td></tr></tbody>
<tbody id="t12"><tr><th colspan="4"> Activity Created closed &#8212; failed (configuration methods)</th></tr><tr class="failedeven"><td rowspan="1">com.crm.testcases.TC13_ToverifyCreatedActivityClosedTest</td><td><a href="#m24">teardown</a></td><td rowspan="1">1672313063115</td><td rowspan="1">1</td></tr><tr><th colspan="4"> Activity Created closed &#8212; skipped</th></tr><tr class="skippedeven"><td rowspan="1">com.crm.testcases.TC13_ToverifyCreatedActivityClosedTest</td><td><a href="#m25">verifyCreatedActivityClosed</a></td><td rowspan="1">1672313062360</td><td rowspan="1">753</td></tr></tbody>
<tbody id="t13"><tr><th colspan="4">Lead Creation Page Open &#8212; failed (configuration methods)</th></tr><tr class="failedeven"><td rowspan="1">com.crm.testcases.TC14_ToverifyLeadCreationPageOpenTest</td><td><a href="#m26">teardown</a></td><td rowspan="1">1672313064005</td><td rowspan="1">1</td></tr><tr><th colspan="4">Lead Creation Page Open &#8212; skipped</th></tr><tr class="skippedeven"><td rowspan="1">com.crm.testcases.TC14_ToverifyLeadCreationPageOpenTest</td><td><a href="#m27">verifyLeadPageOpen</a></td><td rowspan="1">1672313063137</td><td rowspan="1">866</td></tr></tbody>
<tbody id="t14"><tr><th colspan="4">New Lead Created &#8212; failed (configuration methods)</th></tr><tr class="failedeven"><td rowspan="1">com.crm.testcases.TC15_ToVerifyNewLeadCreatedTest</td><td><a href="#m28">teardown</a></td><td rowspan="1">1672313064862</td><td rowspan="1">1</td></tr><tr><th colspan="4">New Lead Created &#8212; skipped</th></tr><tr class="skippedeven"><td rowspan="1">com.crm.testcases.TC15_ToVerifyNewLeadCreatedTest</td><td><a href="#m29">verifyNewLeadIsCreated</a></td><td rowspan="1">1672313064034</td><td rowspan="1">827</td></tr></tbody>
<tbody id="t15"><tr><th colspan="4">Lead Search &#8212; failed (configuration methods)</th></tr><tr class="failedeven"><td rowspan="1">com.crm.testcases.TC16_LeadSearchTest</td><td><a href="#m30">teardown</a></td><td rowspan="1">1672313065611</td><td rowspan="1">1</td></tr><tr><th colspan="4">Lead Search &#8212; skipped</th></tr><tr class="skippedeven"><td rowspan="1">com.crm.testcases.TC16_LeadSearchTest</td><td><a href="#m31">verifyLeadSearch</a></td><td rowspan="1">1672313064889</td><td rowspan="1">721</td></tr></tbody>
<tbody id="t16"><tr><th colspan="4">Verify Edit Lead All Data Display In Edit Page &#8212; failed (configuration methods)</th></tr><tr class="failedeven"><td rowspan="1">com.crm.testcases.TC17_ToVerifyEditLeadAllDataDisplayInEditPageTest</td><td><a href="#m32">teardown</a></td><td rowspan="1">1672313066392</td><td rowspan="1">0</td></tr><tr><th colspan="4">Verify Edit Lead All Data Display In Edit Page &#8212; skipped</th></tr><tr class="skippedeven"><td rowspan="1">com.crm.testcases.TC17_ToVerifyEditLeadAllDataDisplayInEditPageTest</td><td><a href="#m33">verifyEditLead</a></td><td rowspan="1">1672313065634</td><td rowspan="1">756</td></tr></tbody>
<tbody id="t17"><tr><th colspan="4">verify Document Attachement On Lead Details Page &#8212; failed (configuration methods)</th></tr><tr class="failedeven"><td rowspan="1">com.crm.testcases.TC18_ToverifyDocumentAttachementOnLeadDetailsPageTest</td><td><a href="#m34">teardown</a></td><td rowspan="1">1672313067352</td><td rowspan="1">0</td></tr><tr><th colspan="4">verify Document Attachement On Lead Details Page &#8212; skipped</th></tr><tr class="skippedeven"><td rowspan="1">com.crm.testcases.TC18_ToverifyDocumentAttachementOnLeadDetailsPageTest</td><td><a href="#m35">verifyDocumentAttachementOnLead</a></td><td rowspan="1">1672313066416</td><td rowspan="1">934</td></tr></tbody>
<tbody id="t18"><tr><th colspan="4">verify Appointment Created On Lead &#8212; failed (configuration methods)</th></tr><tr class="failedeven"><td rowspan="1">com.crm.testcases.TC19_ToverifyAppointmentCreatedOnLeadTest</td><td><a href="#m36">teardown</a></td><td rowspan="1">1672313068153</td><td rowspan="1">0</td></tr><tr><th colspan="4">verify Appointment Created On Lead &#8212; skipped</th></tr><tr class="skippedeven"><td rowspan="1">com.crm.testcases.TC19_ToverifyAppointmentCreatedOnLeadTest</td><td><a href="#m37">verifyAppointmentCreatedOnLead</a></td><td rowspan="1">1672313067406</td><td rowspan="1">746</td></tr></tbody>
<tbody id="t19"><tr><th colspan="4">verify Task Created On Lead &#8212; failed (configuration methods)</th></tr><tr class="failedeven"><td rowspan="1">com.crm.testcases.TC20_ToverifyTaskCreatedOnLeadTest</td><td><a href="#m38">teardown</a></td><td rowspan="1">1672313068995</td><td rowspan="1">2</td></tr><tr><th colspan="4">verify Task Created On Lead &#8212; skipped</th></tr><tr class="skippedeven"><td rowspan="1">com.crm.testcases.TC20_ToverifyTaskCreatedOnLeadTest</td><td><a href="#m39">verifyTaskCreatedOnLead</a></td><td rowspan="1">1672313068175</td><td rowspan="1">819</td></tr></tbody>
<tbody id="t20"><tr><th colspan="4">verify Lead History Page &#8212; failed (configuration methods)</th></tr><tr class="failedeven"><td rowspan="1">com.crm.testcases.TC21_ToverifyLeadHistoryPageTest</td><td><a href="#m40">teardown</a></td><td rowspan="1">1672313069740</td><td rowspan="1">1</td></tr><tr><th colspan="4">verify Lead History Page &#8212; skipped</th></tr><tr class="skippedeven"><td rowspan="1">com.crm.testcases.TC21_ToverifyLeadHistoryPageTest</td><td><a href="#m41">verifyLeadHistoryPage</a></td><td rowspan="1">1672313069016</td><td rowspan="1">722</td></tr></tbody>
<tbody id="t21"><tr><th colspan="4">verify Pagination And Order By On Lead Listing Page &#8212; failed (configuration methods)</th></tr><tr class="failedeven"><td rowspan="1">com.crm.testcases.TC22_ToverifyPaginationAndOrderByOnLeadListingPageTest</td><td><a href="#m42">teardown</a></td><td rowspan="1">1672313070534</td><td rowspan="1">0</td></tr><tr><th colspan="4">verify Pagination And Order By On Lead Listing Page &#8212; skipped</th></tr><tr class="skippedeven"><td rowspan="1">com.crm.testcases.TC22_ToverifyPaginationAndOrderByOnLeadListingPageTest</td><td><a href="#m43">verifyPaginationOnLead</a></td><td rowspan="1">1672313069758</td><td rowspan="1">774</td></tr></tbody>
<tbody id="t22"><tr><th colspan="4">verify Category View Lead &#8212; failed (configuration methods)</th></tr><tr class="failedeven"><td rowspan="1">com.crm.testcases.TC23_ToverifyCategoryViewLeadTest</td><td><a href="#m44">teardown</a></td><td rowspan="1">1672313071297</td><td rowspan="1">1</td></tr><tr><th colspan="4">verify Category View Lead &#8212; skipped</th></tr><tr class="skippedeven"><td rowspan="1">com.crm.testcases.TC23_ToverifyCategoryViewLeadTest</td><td><a href="#m45">verifyCategoryViewLead</a></td><td rowspan="1">1672313070558</td><td rowspan="1">738</td></tr></tbody>
<tbody id="t23"><tr><th colspan="4">verify Offer Creation Page Open &#8212; failed (configuration methods)</th></tr><tr class="failedeven"><td rowspan="1">com.crm.testcases.TC24_ToverifyOfferCreationPageOpenTest</td><td><a href="#m46">teardown</a></td><td rowspan="1">1672313071963</td><td rowspan="1">1</td></tr><tr><th colspan="4">verify Offer Creation Page Open &#8212; skipped</th></tr><tr class="skippedeven"><td rowspan="1">com.crm.testcases.TC24_ToverifyOfferCreationPageOpenTest</td><td><a href="#m47">verifyOfferCreationPageOpen</a></td><td rowspan="1">1672313071315</td><td rowspan="1">647</td></tr></tbody>
<tbody id="t24"><tr><th colspan="4">verify OfferCreation &#8212; failed (configuration methods)</th></tr><tr class="failedeven"><td rowspan="1">com.crm.testcases.TC25_ToverifyOfferCreationTest</td><td><a href="#m48">teardown</a></td><td rowspan="1">1672313072610</td><td rowspan="1">0</td></tr><tr><th colspan="4">verify OfferCreation &#8212; skipped</th></tr><tr class="skippedeven"><td rowspan="1">com.crm.testcases.TC25_ToverifyOfferCreationTest</td><td><a href="#m49">verifyOfferCreation</a></td><td rowspan="1">1672313071982</td><td rowspan="1">627</td></tr></tbody>
<tbody id="t25"><tr><th colspan="4">Verify on Edit Offers All data Display In Edit Page &#8212; passed</th></tr><tr class="passedeven"><td rowspan="1">com.crm.testcases.TC26_ToVerifyonEditOffersAlldataDisplayInEditPageTest</td><td><a href="#m50">VerifyEditOnOffers</a></td><td rowspan="1">1672313072644</td><td rowspan="1">68697</td></tr></tbody>
<tbody id="t26"><tr><th colspan="4">verify SR Is Getting Created &#8212; skipped</th></tr><tr class="skippedeven"><td rowspan="1">com.crm.testcases.TC27_ToverifySRIsGettingCreatedTest</td><td><a href="#m51">verifySRIsCreated</a></td><td rowspan="1">1672313145079</td><td rowspan="1">720</td></tr></tbody>
<tbody id="t27"><tr><th colspan="4">verify SR Is Assigned To User &#8212; skipped</th></tr><tr class="skippedeven"><td rowspan="1">com.crm.testcases.TC28_ToVerifySRIsAssignedToUserTest</td><td><a href="#m52">verifySRIsAssignedToUser</a></td><td rowspan="1">1672313145817</td><td rowspan="1">623</td></tr></tbody>
<tbody id="t28"><tr><th colspan="4">verify SR Visible In Views &#8212; skipped</th></tr><tr class="skippedeven"><td rowspan="1">com.crm.testcases.TC29_ToVerifySRVisibleInViewsTest</td><td><a href="#m53">verifySRVisibleInViews</a></td><td rowspan="1">1672313146454</td><td rowspan="1">617</td></tr></tbody>
<tbody id="t29"><tr><th colspan="4">verify SR Search &#8212; skipped</th></tr><tr class="skippedeven"><td rowspan="1">com.crm.testcases.TC30_ToVerifySRSearchTest</td><td><a href="#m54">verifySRSearch</a></td><td rowspan="1">1672313147087</td><td rowspan="1">661</td></tr></tbody>
<tbody id="t30"><tr><th colspan="4">verify SR Edited by Assigned to user &#8212; skipped</th></tr><tr class="skippedeven"><td rowspan="1">com.crm.testcases.TC31_TOverifySREditedByAssignedUserTest</td><td><a href="#m55">verifySREditedByAssignedToUser</a></td><td rowspan="1">1672313147763</td><td rowspan="1">586</td></tr></tbody>
<tbody id="t31"><tr><th colspan="4">verify SR History Page &#8212; skipped</th></tr><tr class="skippedeven"><td rowspan="1">com.crm.testcases.TC32_ToVerifySRHistoryPageTest</td><td><a href="#m56">verifySRHistoryPage</a></td><td rowspan="1">1672313148364</td><td rowspan="1">557</td></tr></tbody>
<tbody id="t32"><tr><th colspan="4">verify Dedupe &#8212; skipped</th></tr><tr class="skippedeven"><td rowspan="1">com.crm.testcases.TC33_ToVerifyDedupeRuleTest</td><td><a href="#m57">verifyDedupeRule</a></td><td rowspan="1">1672313148937</td><td rowspan="1">575</td></tr></tbody>
<tbody id="t33"><tr><th colspan="4">verify Import Functionality &#8212; skipped</th></tr><tr class="skippedeven"><td rowspan="1">com.crm.testcases.TC34_ToVerifyImportFunctionalityTest</td><td><a href="#m58">verifyImportFunctionality</a></td><td rowspan="1">1672313149526</td><td rowspan="1">540</td></tr></tbody>
<tbody id="t34"><tr><th colspan="4">verify Calendar Appointment &#8212; skipped</th></tr><tr class="skippedeven"><td rowspan="1">com.crm.testcases.TC35_ToVerifyCalendarAppointmentCreationTest</td><td><a href="#m59">VerifyCalendarAppointment</a></td><td rowspan="1">1672313150099</td><td rowspan="1">598</td></tr></tbody>
<tbody id="t35"><tr><th colspan="4">verify Task Creation &#8212; skipped</th></tr><tr class="skippedeven"><td rowspan="1">com.crm.testcases.TC36_ToverifyTaskCreationTest</td><td><a href="#m60">verifyTaskCreation</a></td><td rowspan="1">1672313150710</td><td rowspan="1">598</td></tr></tbody>
<tbody id="t36"><tr><th colspan="4">verify Alerts &#8212; skipped</th></tr><tr class="skippedeven"><td rowspan="1">com.crm.testcases.TC37_ToverifyAlertsTest</td><td><a href="#m61">VerifyAlerts</a></td><td rowspan="1">1672313151322</td><td rowspan="1">601</td></tr></tbody>
<tbody id="t37"><tr><th colspan="4">verify Conditional Access &#8212; skipped</th></tr><tr class="skippedeven"><td rowspan="1">com.crm.testcases.TC38_ToverifyConditionalAccessTest</td><td><a href="#m62">verifyConditionalAccess</a></td><td rowspan="1">1672313151939</td><td rowspan="1">602</td></tr></tbody>
<tbody id="t38"><tr><th colspan="4">verify CustomAction Button &#8212; skipped</th></tr><tr class="skippedeven"><td rowspan="1">com.crm.testcases.TC39_ToverifyCustomActionButtonTest</td><td><a href="#m63">verifyCustomActionButton</a></td><td rowspan="1">1672313152557</td><td rowspan="1">635</td></tr></tbody>
<tbody id="t39"><tr><th colspan="4">verify StandardSRProcess &#8212; skipped</th></tr><tr class="skippedeven"><td rowspan="1">com.crm.testcases.TC40_ToverifyStandardSRProcessTest</td><td><a href="#m64">verifyStandardSRProcess</a></td><td rowspan="1">1672313153207</td><td rowspan="1">629</td></tr></tbody>
<tbody id="t40"><tr><th colspan="4">verify ListOfReports &#8212; skipped</th></tr><tr class="skippedeven"><td rowspan="1">com.crm.testcases.TC41_ToVerifyListOfReportsDisplayTest</td><td><a href="#m65">verifylistofReportsDisplay</a></td><td rowspan="1">1672313153851</td><td rowspan="1">611</td></tr></tbody>
<tbody id="t41"><tr><th colspan="4">verify Reports Open &#8212; skipped</th></tr><tr class="skippedeven"><td rowspan="1">com.crm.testcases.TC42_ToVerifyReportsOpenProperlyTest</td><td><a href="#m66">verifyReportsOpenProperly</a></td><td rowspan="1">1672313154475</td><td rowspan="1">575</td></tr></tbody>
<tbody id="t42"><tr><th colspan="4">verify Execute Records Reports  &#8212; skipped</th></tr><tr class="skippedeven"><td rowspan="1">com.crm.testcases.TC43_ToVerifyExecuteRecordsReportTest</td><td><a href="#m67">verifyExecuteRecordsReport</a></td><td rowspan="1">1672313155063</td><td rowspan="1">548</td></tr></tbody>
<tbody id="t43"><tr><th colspan="4">verify Reports Added to quick links &#8212; skipped</th></tr><tr class="skippedeven"><td rowspan="1">com.crm.testcases.TC44_ToVerifyReportsAddedToQuickLinksTest</td><td><a href="#m68">verifyReportsAddedToQuicklinks</a></td><td rowspan="1">1672313155640</td><td rowspan="1">524</td></tr></tbody>
<tbody id="t44"><tr><th colspan="4">verify ComposeEmail &#8212; skipped</th></tr><tr class="skippedeven"><td rowspan="1">com.crm.testcases.TC45_VerfyEmailSentToExistingSRTest</td><td><a href="#m69">verifyEmailSentToExistingSR</a></td><td rowspan="1">1672313156178</td><td rowspan="1">542</td></tr></tbody>
<tbody id="t45"><tr><th colspan="4">verify Data Presenter EDs &#8212; skipped</th></tr><tr class="skippedeven"><td rowspan="1">com.crm.testcases.TC46_VerifyDataPresenterTest</td><td><a href="#m70">verifyDataPresenter</a></td><td rowspan="1">1672313156733</td><td rowspan="1">561</td></tr></tbody>
<tbody id="t46"><tr><th colspan="4">verify Summary Page &#8212; skipped</th></tr><tr class="skippedeven"><td rowspan="1">com.crm.testcases.TC47_ToVerifySummaryPageTest</td><td><a href="#m71">verifySummaryPage</a></td><td rowspan="1">1672313157306</td><td rowspan="1">529</td></tr></tbody>
<tbody id="t47"><tr><th colspan="4">verify Reports Filters &#8212; skipped</th></tr><tr class="skippedeven"><td rowspan="1">com.crm.testcases.TC48_ToVerfiyListOfFilterDisplayInReportsTest</td><td><a href="#m72">verifyListOfFiltersReports</a></td><td rowspan="1">1672313157847</td><td rowspan="1">529</td></tr></tbody>
</table>
<h2>Account Creation </h2><h3 id="m0">com.crm.testcases.TC01_ToverifyAccountIsCreatedTest#teardown</h3><table class="result"><tr><th>Exception</th></tr><tr><td><div class="stacktrace">java.lang.NullPointerException: Cannot invoke &quot;org.openqa.selenium.WebDriver.quit()&quot; because &quot;com.crm.base.TestBase.driver&quot; is null
	at com.crm.base.TestBase.teardown(TestBase.java:149)
... Removed 22 stack frames</div></td></tr></table><p class="totop"><a href="#summary">back to summary</a></p>
<h3 id="m1">com.crm.testcases.TC01_ToverifyAccountIsCreatedTest#verifyAccountIsCreated</h3><table class="result"><tr class="param"><th>Parameter #1</th></tr><tr class="param stripe"><td>{LeadSource=Outbound Call, CustomerID=000006289, TC No=TC01, Mobile=9000000208, PAN=CJJPS4758Z, Email=test2074@gmail.com, CustomerType=NTB, UserName=axisadmin, Title=title, Password=acid_qa, ShortName=tests, RunMode=Yes, Territory=ALT004: Mumbai, Gender=Female, Role=Administrator, CustomerName=account7813}</td></tr><tr><th>Exception</th></tr><tr><td><div class="stacktrace">org.testng.SkipException: Skipping the test VERIFY ACCOUNT IS CREATEDas the Run mode is NO
	at com.crm.testcases.TC01_ToverifyAccountIsCreatedTest.verifyAccountIsCreated(TC01_ToverifyAccountIsCreatedTest.java:36)
	at java.base/java.util.ArrayList.forEach(ArrayList.java:1511)
... Removed 25 stack frames</div></td></tr></table><p class="totop"><a href="#summary">back to summary</a></p>
<h2>Lead Creation On Account</h2><h3 id="m2">com.crm.testcases.TC02_ToverifyLeadIsCreatedOnAccountTest#teardown</h3><table class="result"><tr><th>Exception</th></tr><tr><td><div class="stacktrace">java.lang.NullPointerException: Cannot invoke &quot;org.openqa.selenium.WebDriver.quit()&quot; because &quot;com.crm.base.TestBase.driver&quot; is null
	at com.crm.base.TestBase.teardown(TestBase.java:149)
... Removed 22 stack frames</div></td></tr></table><p class="totop"><a href="#summary">back to summary</a></p>
<h3 id="m3">com.crm.testcases.TC02_ToverifyLeadIsCreatedOnAccountTest#verifyLeadIsCreatedOnAccount</h3><table class="result"><tr class="param"><th>Parameter #1</th></tr><tr class="param stripe"><td>{Description=testlead, LeadSource=Email, Subproduct=4-In-1, CustomerID=000006289, TC No=TC02, AlternateMobile=9876543211, UserName=axisadmin, Product=Axis Direct, Password=acid_qa, RunMode=Yes, Role=BRO, Branch=ALT004: Mumbai}</td></tr><tr><th>Exception</th></tr><tr><td><div class="stacktrace">org.testng.SkipException: Skipping the test VERIFYLEADISCREATEDONACCOUNTas the Run mode is NO
	at com.crm.testcases.TC02_ToverifyLeadIsCreatedOnAccountTest.verifyLeadIsCreatedOnAccount(TC02_ToverifyLeadIsCreatedOnAccountTest.java:40)
	at java.base/java.util.ArrayList.forEach(ArrayList.java:1511)
... Removed 25 stack frames</div></td></tr></table><p class="totop"><a href="#summary">back to summary</a></p>
<h2>Activity Creation On Account</h2><h3 id="m4">com.crm.testcases.TC03_ToverifyActivityCreatedOnAccountTest#teardown</h3><table class="result"><tr><th>Exception</th></tr><tr><td><div class="stacktrace">java.lang.NullPointerException: Cannot invoke &quot;org.openqa.selenium.WebDriver.quit()&quot; because &quot;com.crm.base.TestBase.driver&quot; is null
	at com.crm.base.TestBase.teardown(TestBase.java:149)
... Removed 22 stack frames</div></td></tr></table><p class="totop"><a href="#summary">back to summary</a></p>
<h3 id="m5">com.crm.testcases.TC03_ToverifyActivityCreatedOnAccountTest#verifyActivityCreationOnAccount</h3><table class="result"><tr class="param"><th>Parameter #1</th></tr><tr class="param stripe"><td>{Subject=appointment2233, CustomerID=000006289, TC No=TC03, AppointmentStatus=Meeting Fixed, TypeofContact=Email, CustomerType=ETB, UserName=axisadmin, Password=acid_qa, RunMode=Yes, Details=appointmentcreation, Role=BRO, TypeOfCustomer=Priority}</td></tr><tr><th>Exception</th></tr><tr><td><div class="stacktrace">org.testng.SkipException: Skipping the test VERIFYACTIVITYCREATIONONACCOUNTas the Run mode is NO
	at com.crm.testcases.TC03_ToverifyActivityCreatedOnAccountTest.verifyActivityCreationOnAccount(TC03_ToverifyActivityCreatedOnAccountTest.java:42)
	at java.base/java.util.ArrayList.forEach(ArrayList.java:1511)
... Removed 25 stack frames</div></td></tr></table><p class="totop"><a href="#summary">back to summary</a></p>
<h2>New Offer Creation On Account</h2><h3 id="m6">com.crm.testcases.TC04_ToverifyNewOfferCreatedOnAccountTest#teardown</h3><table class="result"><tr><th>Exception</th></tr><tr><td><div class="stacktrace">java.lang.NullPointerException: Cannot invoke &quot;org.openqa.selenium.WebDriver.quit()&quot; because &quot;com.crm.base.TestBase.driver&quot; is null
	at com.crm.base.TestBase.teardown(TestBase.java:149)
... Removed 22 stack frames</div></td></tr></table><p class="totop"><a href="#summary">back to summary</a></p>
<h3 id="m7">com.crm.testcases.TC04_ToverifyNewOfferCreatedOnAccountTest#verifyNewOfferCreatedOnAccount</h3><table class="result"><tr class="param"><th>Parameter #1</th></tr><tr class="param stripe"><td>{Description=testoffer, CustomerID=000006289, TC No=TC04, UserName=axisadmin, Password=acid_qa, HotRating=Normal, RunMode=Yes, Role=BRO, SubProduct=03.Priority}</td></tr><tr><th>Exception</th></tr><tr><td><div class="stacktrace">org.testng.SkipException: Skipping the test VERIFYNEWOFFERCREATEDONACCOUNTas the Run mode is NO
	at com.crm.testcases.TC04_ToverifyNewOfferCreatedOnAccountTest.verifyNewOfferCreatedOnAccount(TC04_ToverifyNewOfferCreatedOnAccountTest.java:40)
	at java.base/java.util.ArrayList.forEach(ArrayList.java:1511)
... Removed 25 stack frames</div></td></tr></table><p class="totop"><a href="#summary">back to summary</a></p>
<h2>Verify Tabs Visible On Account</h2><h3 id="m8">com.crm.testcases.TC05_ToverifyTabsVisibleOnAccountTest#teardown</h3><table class="result"><tr><th>Exception</th></tr><tr><td><div class="stacktrace">java.lang.NullPointerException: Cannot invoke &quot;org.openqa.selenium.WebDriver.quit()&quot; because &quot;com.crm.base.TestBase.driver&quot; is null
	at com.crm.base.TestBase.teardown(TestBase.java:149)
... Removed 22 stack frames</div></td></tr></table><p class="totop"><a href="#summary">back to summary</a></p>
<h3 id="m9">com.crm.testcases.TC05_ToverifyTabsVisibleOnAccountTest#verifyTabsVisibleOnAccount</h3><table class="result"><tr class="param"><th>Parameter #1</th></tr><tr class="param stripe"><td>{RunMode=Yes, Password=acid_qa, Role=BRO, UserName=axisadmin, TC No=TC05}</td></tr><tr><th>Exception</th></tr><tr><td><div class="stacktrace">org.testng.SkipException: Skipping the test VERIFYTABSVISIBLEONACCOUNTas the Run mode is NO
	at com.crm.testcases.TC05_ToverifyTabsVisibleOnAccountTest.verifyTabsVisibleOnAccount(TC05_ToverifyTabsVisibleOnAccountTest.java:38)
	at java.base/java.util.ArrayList.forEach(ArrayList.java:1511)
... Removed 25 stack frames</div></td></tr></table><p class="totop"><a href="#summary">back to summary</a></p>
<h2>Customer Search</h2><h3 id="m10">com.crm.testcases.TC06_CustomerSearchTest#teardown</h3><table class="result"><tr><th>Exception</th></tr><tr><td><div class="stacktrace">java.lang.NullPointerException: Cannot invoke &quot;org.openqa.selenium.WebDriver.quit()&quot; because &quot;com.crm.base.TestBase.driver&quot; is null
	at com.crm.base.TestBase.teardown(TestBase.java:149)
... Removed 22 stack frames</div></td></tr></table><p class="totop"><a href="#summary">back to summary</a></p>
<h3 id="m11">com.crm.testcases.TC06_CustomerSearchTest#verifyCustomerSearch</h3><table class="result"><tr class="param"><th>Parameter #1</th></tr><tr class="param stripe"><td>{CustomerID=000006289, TC No=TC06, Mobile=9000000208, PAN=CJJPS4758Z, Email=test2074@gmail.com, UserName=axisadmin, Password=acid_qa, RunMode=Yes, Role=BRO, CustomerName=account7813}</td></tr><tr><th>Exception</th></tr><tr><td><div class="stacktrace">org.testng.SkipException: Skipping the test VERIFYCUSTOMERSEARCHas the Run mode is NO
	at com.crm.testcases.TC06_CustomerSearchTest.verifyCustomerSearch(TC06_CustomerSearchTest.java:43)
	at java.base/java.util.ArrayList.forEach(ArrayList.java:1511)
... Removed 25 stack frames</div></td></tr></table><p class="totop"><a href="#summary">back to summary</a></p>
<h2>Appointment Creation Page open</h2><h3 id="m12">com.crm.testcases.TC07_ToverifyAppointmentCreationPageOpenTest#teardown</h3><table class="result"><tr><th>Exception</th></tr><tr><td><div class="stacktrace">java.lang.NullPointerException: Cannot invoke &quot;org.openqa.selenium.WebDriver.quit()&quot; because &quot;com.crm.base.TestBase.driver&quot; is null
	at com.crm.base.TestBase.teardown(TestBase.java:149)
... Removed 22 stack frames</div></td></tr></table><p class="totop"><a href="#summary">back to summary</a></p>
<h3 id="m13">com.crm.testcases.TC07_ToverifyAppointmentCreationPageOpenTest#verifyAppointmentPageOpen</h3><table class="result"><tr class="param"><th>Parameter #1</th></tr><tr class="param stripe"><td>{RunMode=Yes, Password=acid_qa, Role=BRO, UserName=axisadmin, TC No=TC07}</td></tr><tr><th>Exception</th></tr><tr><td><div class="stacktrace">org.testng.SkipException: Skipping the test VERIFYAPPOINTMENTPAGEOPENas the Run mode is NO
	at com.crm.testcases.TC07_ToverifyAppointmentCreationPageOpenTest.verifyAppointmentPageOpen(TC07_ToverifyAppointmentCreationPageOpenTest.java:34)
	at java.base/java.util.ArrayList.forEach(ArrayList.java:1511)
... Removed 25 stack frames</div></td></tr></table><p class="totop"><a href="#summary">back to summary</a></p>
<h2>Activity Created</h2><h3 id="m14">com.crm.testcases.TC08_ToverifyActivityCreatedIndependentlyTest#teardown</h3><table class="result"><tr><th>Exception</th></tr><tr><td><div class="stacktrace">java.lang.NullPointerException: Cannot invoke &quot;org.openqa.selenium.WebDriver.quit()&quot; because &quot;com.crm.base.TestBase.driver&quot; is null
	at com.crm.base.TestBase.teardown(TestBase.java:149)
... Removed 22 stack frames</div></td></tr></table><p class="totop"><a href="#summary">back to summary</a></p>
<h3 id="m15">com.crm.testcases.TC08_ToverifyActivityCreatedIndependentlyTest#verifyActivityCreated</h3><table class="result"><tr class="param"><th>Parameter #1</th></tr><tr class="param stripe"><td>{Subject=appointment3902, TC No=TC07, AppointmentStatus=Meeting Fixed, ActivityID=06035433, TypeofContact=Email, CustomerType=NTB, UserName=axisadmin, Password=acid_qa, RunMode=Yes, Details=appointmentcreation, Role=BRO, TypeOfCustomer=Priority}</td></tr><tr><th>Exception</th></tr><tr><td><div class="stacktrace">org.testng.SkipException: Skipping the test VERIFYACTIVITYCREATED as the Run mode is NO
	at com.crm.testcases.TC08_ToverifyActivityCreatedIndependentlyTest.verifyActivityCreated(TC08_ToverifyActivityCreatedIndependentlyTest.java:34)
	at java.base/java.util.ArrayList.forEach(ArrayList.java:1511)
... Removed 25 stack frames</div></td></tr></table><p class="totop"><a href="#summary">back to summary</a></p>
<h2>Activity Created Edited</h2><h3 id="m16">com.crm.testcases.TC09_ToverifyCreatedActivityToBeEditedTest#teardown</h3><table class="result"><tr><th>Exception</th></tr><tr><td><div class="stacktrace">java.lang.NullPointerException: Cannot invoke &quot;org.openqa.selenium.WebDriver.quit()&quot; because &quot;com.crm.base.TestBase.driver&quot; is null
	at com.crm.base.TestBase.teardown(TestBase.java:149)
... Removed 22 stack frames</div></td></tr></table><p class="totop"><a href="#summary">back to summary</a></p>
<h3 id="m17">com.crm.testcases.TC09_ToverifyCreatedActivityToBeEditedTest#verifyCreatedActivityEdited</h3><table class="result"><tr class="param"><th>Parameter #1</th></tr><tr class="param stripe"><td>{Subject=appointment3902, TC No=TC09, AppointmentStatus=In Progress, ActivityID=06035433, TypeofContact=Email, UserName=axisadmin, Password=acid_qa, RunMode=Yes, Details=appointmentcreation, Role=BRO}</td></tr><tr><th>Exception</th></tr><tr><td><div class="stacktrace">org.testng.SkipException: Skipping the test VERIFYCREATEDACTIVITYEDITEDas the Run mode is NO
	at com.crm.testcases.TC09_ToverifyCreatedActivityToBeEditedTest.verifyCreatedActivityEdited(TC09_ToverifyCreatedActivityToBeEditedTest.java:35)
	at java.base/java.util.ArrayList.forEach(ArrayList.java:1511)
... Removed 25 stack frames</div></td></tr></table><p class="totop"><a href="#summary">back to summary</a></p>
<h2>Pagination On Appointment Listing Page</h2><h3 id="m18">com.crm.testcases.TC10_ToVerifyPaginationAndOrderByOnAppointmentListingTest#teardown</h3><table class="result"><tr><th>Exception</th></tr><tr><td><div class="stacktrace">java.lang.NullPointerException: Cannot invoke &quot;org.openqa.selenium.WebDriver.quit()&quot; because &quot;com.crm.base.TestBase.driver&quot; is null
	at com.crm.base.TestBase.teardown(TestBase.java:149)
... Removed 22 stack frames</div></td></tr></table><p class="totop"><a href="#summary">back to summary</a></p>
<h3 id="m19">com.crm.testcases.TC10_ToVerifyPaginationAndOrderByOnAppointmentListingTest#verifyPaginationOnApppointment</h3><table class="result"><tr class="param"><th>Parameter #1</th></tr><tr class="param stripe"><td>{RunMode=Yes, Password=acid_qa, Role=BRO, UserName=axisadmin, TC No=TC10}</td></tr><tr><th>Exception</th></tr><tr><td><div class="stacktrace">org.testng.SkipException: Skipping the test VERIFYPAGINATIONONAPPPOINTMENTas the Run mode is NO
	at com.crm.testcases.TC10_ToVerifyPaginationAndOrderByOnAppointmentListingTest.verifyPaginationOnApppointment(TC10_ToVerifyPaginationAndOrderByOnAppointmentListingTest.java:38)
	at java.base/java.util.ArrayList.forEach(ArrayList.java:1511)
... Removed 25 stack frames</div></td></tr></table><p class="totop"><a href="#summary">back to summary</a></p>
<h2>Scheduled Appointment</h2><h3 id="m20">com.crm.testcases.TC11_ToVerifyScheduledAppointmentTest#teardown</h3><table class="result"><tr><th>Exception</th></tr><tr><td><div class="stacktrace">java.lang.NullPointerException: Cannot invoke &quot;org.openqa.selenium.WebDriver.quit()&quot; because &quot;com.crm.base.TestBase.driver&quot; is null
	at com.crm.base.TestBase.teardown(TestBase.java:149)
... Removed 22 stack frames</div></td></tr></table><p class="totop"><a href="#summary">back to summary</a></p>
<h3 id="m21">com.crm.testcases.TC11_ToVerifyScheduledAppointmentTest#verifyScheduledAppointment</h3><table class="result"><tr class="param"><th>Parameter #1</th></tr><tr class="param stripe"><td>{Subject=appointment3902, RunMode=Yes, Password=acid_qa, Role=BRO, ActivityID=06035433, UserName=axisadmin, TC No=TC11}</td></tr><tr><th>Exception</th></tr><tr><td><div class="stacktrace">org.testng.SkipException: Skipping the test VERIFYSCHEDULEDAPPOINTMENTas the Run mode is NO
	at com.crm.testcases.TC11_ToVerifyScheduledAppointmentTest.verifyScheduledAppointment(TC11_ToVerifyScheduledAppointmentTest.java:38)
	at java.base/java.util.ArrayList.forEach(ArrayList.java:1511)
... Removed 25 stack frames</div></td></tr></table><p class="totop"><a href="#summary">back to summary</a></p>
<h2>Category View Appointment</h2><h3 id="m22">com.crm.testcases.TC12_ToVerfiyCategoryViewAppointmentTest#teardown</h3><table class="result"><tr><th>Exception</th></tr><tr><td><div class="stacktrace">java.lang.NullPointerException: Cannot invoke &quot;org.openqa.selenium.WebDriver.quit()&quot; because &quot;com.crm.base.TestBase.driver&quot; is null
	at com.crm.base.TestBase.teardown(TestBase.java:149)
... Removed 22 stack frames</div></td></tr></table><p class="totop"><a href="#summary">back to summary</a></p>
<h3 id="m23">com.crm.testcases.TC12_ToVerfiyCategoryViewAppointmentTest#verfiyCategoryViewAppointment</h3><table class="result"><tr class="param"><th>Parameter #1</th></tr><tr class="param stripe"><td>{Subject=appointment3902, RunMode=Yes, Password=acid_qa, Role=BRO, ActivityID=06035433, UserName=axisadmin, TC No=TC12}</td></tr><tr><th>Exception</th></tr><tr><td><div class="stacktrace">org.testng.SkipException: Skipping the test VERFIYCATEGORYVIEWAPPOINTMENTas the Run mode is NO
	at com.crm.testcases.TC12_ToVerfiyCategoryViewAppointmentTest.verfiyCategoryViewAppointment(TC12_ToVerfiyCategoryViewAppointmentTest.java:38)
	at java.base/java.util.ArrayList.forEach(ArrayList.java:1511)
... Removed 25 stack frames</div></td></tr></table><p class="totop"><a href="#summary">back to summary</a></p>
<h2> Activity Created closed</h2><h3 id="m24">com.crm.testcases.TC13_ToverifyCreatedActivityClosedTest#teardown</h3><table class="result"><tr><th>Exception</th></tr><tr><td><div class="stacktrace">java.lang.NullPointerException: Cannot invoke &quot;org.openqa.selenium.WebDriver.quit()&quot; because &quot;com.crm.base.TestBase.driver&quot; is null
	at com.crm.base.TestBase.teardown(TestBase.java:149)
... Removed 22 stack frames</div></td></tr></table><p class="totop"><a href="#summary">back to summary</a></p>
<h3 id="m25">com.crm.testcases.TC13_ToverifyCreatedActivityClosedTest#verifyCreatedActivityClosed</h3><table class="result"><tr class="param"><th>Parameter #1</th></tr><tr class="param stripe"><td>{TypeofContact=Email, Password=acid_qa, CustomerName=test, Role=BRO, CommunicationSent=Yes, Details=appointmentcreation, Subject=appointment3902, JointCall=No, UserName=axisadmin, TypeOfCustomer=Priority, AssignedTo=, MobileNumber=9000002044, TC No=TC13, RunMode=Yes, Reason=, ActivityID=06035433, ProductPitched=No, ClientSegmentCode=}</td></tr><tr><th>Exception</th></tr><tr><td><div class="stacktrace">org.testng.SkipException: Skipping the test VERIFYCREATEDACTIVITYCLOSEDas the Run mode is NO
	at com.crm.testcases.TC13_ToverifyCreatedActivityClosedTest.verifyCreatedActivityClosed(TC13_ToverifyCreatedActivityClosedTest.java:36)
	at java.base/java.util.ArrayList.forEach(ArrayList.java:1511)
... Removed 25 stack frames</div></td></tr></table><p class="totop"><a href="#summary">back to summary</a></p>
<h2>Lead Creation Page Open</h2><h3 id="m26">com.crm.testcases.TC14_ToverifyLeadCreationPageOpenTest#teardown</h3><table class="result"><tr><th>Exception</th></tr><tr><td><div class="stacktrace">java.lang.NullPointerException: Cannot invoke &quot;org.openqa.selenium.WebDriver.quit()&quot; because &quot;com.crm.base.TestBase.driver&quot; is null
	at com.crm.base.TestBase.teardown(TestBase.java:149)
... Removed 22 stack frames</div></td></tr></table><p class="totop"><a href="#summary">back to summary</a></p>
<h3 id="m27">com.crm.testcases.TC14_ToverifyLeadCreationPageOpenTest#verifyLeadPageOpen</h3><table class="result"><tr class="param"><th>Parameter #1</th></tr><tr class="param stripe"><td>{RunMode=Yes, Password=acid_qa, Role=BRO, UserName=axisadmin, TC No=TC14}</td></tr><tr><th>Exception</th></tr><tr><td><div class="stacktrace">org.testng.SkipException: Skipping the test VERIFYLEADPAGEOPENas the Run mode is NO
	at com.crm.testcases.TC14_ToverifyLeadCreationPageOpenTest.verifyLeadPageOpen(TC14_ToverifyLeadCreationPageOpenTest.java:34)
	at java.base/java.util.ArrayList.forEach(ArrayList.java:1511)
... Removed 25 stack frames</div></td></tr></table><p class="totop"><a href="#summary">back to summary</a></p>
<h2>New Lead Created</h2><h3 id="m28">com.crm.testcases.TC15_ToVerifyNewLeadCreatedTest#teardown</h3><table class="result"><tr><th>Exception</th></tr><tr><td><div class="stacktrace">java.lang.NullPointerException: Cannot invoke &quot;org.openqa.selenium.WebDriver.quit()&quot; because &quot;com.crm.base.TestBase.driver&quot; is null
	at com.crm.base.TestBase.teardown(TestBase.java:149)
... Removed 22 stack frames</div></td></tr></table><p class="totop"><a href="#summary">back to summary</a></p>
<h3 id="m29">com.crm.testcases.TC15_ToVerifyNewLeadCreatedTest#verifyNewLeadIsCreated</h3><table class="result"><tr class="param"><th>Parameter #1</th></tr><tr class="param stripe"><td>{Mobile=9000004610, Password=acid_qa, Role=BRO, Name=Mr., LeadSource=Walk-In, SubProduct=Activation, LeadDescription=lead creation, UserName=axisadmin, Branch=ALT004: Mumbai, LastName=leadlastname, LeadID=300088760, Subsource=AXIS Dept, Product=Axis Direct, FirstName=lead6280, TC No=TC15, RunMode=Yes, PAN=CJJPS7157Z, Address=Andheri,Chakala, DateofBirth=27/04/2022, Email=test1731@gmail.com}</td></tr><tr><th>Exception</th></tr><tr><td><div class="stacktrace">org.testng.SkipException: Skipping the test VERIFYNEWLEADISCREATEDas the Run mode is NO
	at com.crm.testcases.TC15_ToVerifyNewLeadCreatedTest.verifyNewLeadIsCreated(TC15_ToVerifyNewLeadCreatedTest.java:41)
	at java.base/java.util.ArrayList.forEach(ArrayList.java:1511)
... Removed 25 stack frames</div></td></tr></table><p class="totop"><a href="#summary">back to summary</a></p>
<h2>Lead Search</h2><h3 id="m30">com.crm.testcases.TC16_LeadSearchTest#teardown</h3><table class="result"><tr><th>Exception</th></tr><tr><td><div class="stacktrace">java.lang.NullPointerException: Cannot invoke &quot;org.openqa.selenium.WebDriver.quit()&quot; because &quot;com.crm.base.TestBase.driver&quot; is null
	at com.crm.base.TestBase.teardown(TestBase.java:149)
... Removed 22 stack frames</div></td></tr></table><p class="totop"><a href="#summary">back to summary</a></p>
<h3 id="m31">com.crm.testcases.TC16_LeadSearchTest#verifyLeadSearch</h3><table class="result"><tr class="param"><th>Parameter #1</th></tr><tr class="param stripe"><td>{TC No=TC16, Mobile=9000004610, PAN=CJJPS7157Z, Email=test1731@gmail.com, UserName=axisadmin, Password=acid_qa, LeadID=300088760, RunMode=Yes, Role=BRO}</td></tr><tr><th>Exception</th></tr><tr><td><div class="stacktrace">org.testng.SkipException: Skipping the test VERIFYLEADSEARCHas the Run mode is NO
	at com.crm.testcases.TC16_LeadSearchTest.verifyLeadSearch(TC16_LeadSearchTest.java:41)
	at java.base/java.util.ArrayList.forEach(ArrayList.java:1511)
... Removed 25 stack frames</div></td></tr></table><p class="totop"><a href="#summary">back to summary</a></p>
<h2>Verify Edit Lead All Data Display In Edit Page</h2><h3 id="m32">com.crm.testcases.TC17_ToVerifyEditLeadAllDataDisplayInEditPageTest#teardown</h3><table class="result"><tr><th>Exception</th></tr><tr><td><div class="stacktrace">java.lang.NullPointerException: Cannot invoke &quot;org.openqa.selenium.WebDriver.quit()&quot; because &quot;com.crm.base.TestBase.driver&quot; is null
	at com.crm.base.TestBase.teardown(TestBase.java:149)
... Removed 22 stack frames</div></td></tr></table><p class="totop"><a href="#summary">back to summary</a></p>
<h3 id="m33">com.crm.testcases.TC17_ToVerifyEditLeadAllDataDisplayInEditPageTest#verifyEditLead</h3><table class="result"><tr class="param"><th>Parameter #1</th></tr><tr class="param stripe"><td>{Mobile=9000004610, Password=acid_qa, Role=BRO, LeadSource=Walk-In, SubProduct=Activation, LeadDescription=lead creation, UserName=axisadmin, Branch=ALT004: Mumbai, LastName=leadlastname, LeadID=300088760, Subsource=AXIS Dept, Product=Axis Direct, FirstName=lead6280, TC No=TC17, RunMode=Yes, PAN=CJJPS7157Z, Address=Andheri,Chakala, DateofBirth=27/04/2022, Email=test1731@gmail.com}</td></tr><tr><th>Exception</th></tr><tr><td><div class="stacktrace">org.testng.SkipException: Skipping the test VERIFYEDITLEAD as the Run mode is NO
	at com.crm.testcases.TC17_ToVerifyEditLeadAllDataDisplayInEditPageTest.verifyEditLead(TC17_ToVerifyEditLeadAllDataDisplayInEditPageTest.java:38)
	at java.base/java.util.ArrayList.forEach(ArrayList.java:1511)
... Removed 25 stack frames</div></td></tr></table><p class="totop"><a href="#summary">back to summary</a></p>
<h2>verify Document Attachement On Lead Details Page</h2><h3 id="m34">com.crm.testcases.TC18_ToverifyDocumentAttachementOnLeadDetailsPageTest#teardown</h3><table class="result"><tr><th>Exception</th></tr><tr><td><div class="stacktrace">java.lang.NullPointerException: Cannot invoke &quot;org.openqa.selenium.WebDriver.quit()&quot; because &quot;com.crm.base.TestBase.driver&quot; is null
	at com.crm.base.TestBase.teardown(TestBase.java:149)
... Removed 22 stack frames</div></td></tr></table><p class="totop"><a href="#summary">back to summary</a></p>
<h3 id="m35">com.crm.testcases.TC18_ToverifyDocumentAttachementOnLeadDetailsPageTest#verifyDocumentAttachementOnLead</h3><table class="result"><tr class="param"><th>Parameter #1</th></tr><tr class="param stripe"><td>{RunMode=Yes, Password=acid_qa, LeadID=300088760, Role=BRO, UserName=axisadmin, TC No=TC18}</td></tr><tr><th>Exception</th></tr><tr><td><div class="stacktrace">org.testng.SkipException: Skipping the test VERIFYDOCUMENTATTACHEMENTONLEADas the Run mode is NO
	at com.crm.testcases.TC18_ToverifyDocumentAttachementOnLeadDetailsPageTest.verifyDocumentAttachementOnLead(TC18_ToverifyDocumentAttachementOnLeadDetailsPageTest.java:40)
	at java.base/java.util.ArrayList.forEach(ArrayList.java:1511)
... Removed 25 stack frames</div></td></tr></table><p class="totop"><a href="#summary">back to summary</a></p>
<h2>verify Appointment Created On Lead</h2><h3 id="m36">com.crm.testcases.TC19_ToverifyAppointmentCreatedOnLeadTest#teardown</h3><table class="result"><tr><th>Exception</th></tr><tr><td><div class="stacktrace">java.lang.NullPointerException: Cannot invoke &quot;org.openqa.selenium.WebDriver.quit()&quot; because &quot;com.crm.base.TestBase.driver&quot; is null
	at com.crm.base.TestBase.teardown(TestBase.java:149)
... Removed 22 stack frames</div></td></tr></table><p class="totop"><a href="#summary">back to summary</a></p>
<h3 id="m37">com.crm.testcases.TC19_ToverifyAppointmentCreatedOnLeadTest#verifyAppointmentCreatedOnLead</h3><table class="result"><tr class="param"><th>Parameter #1</th></tr><tr class="param stripe"><td>{TypeofContact=Email, Password=acid_qa, CustomerName=test, Role=BRO, CommunicationSent=Yes, Details=appointmentcreation, Subject=appointment2829, JointCall=No, UserName=axisadmin, TypeOfCustomer=Priority, AssignedTo=, LeadID=300088760, AppointmentStatus=Meeting Fixed, MobileNumber=9000002631, TC No=TC19, RunMode=Yes, Reason=, ProductPitched=No, ClientSegmentCode=}</td></tr><tr><th>Exception</th></tr><tr><td><div class="stacktrace">org.testng.SkipException: Skipping the test VERIFYAPPOINTMENTCREATEDONLEADas the Run mode is NO
	at com.crm.testcases.TC19_ToverifyAppointmentCreatedOnLeadTest.verifyAppointmentCreatedOnLead(TC19_ToverifyAppointmentCreatedOnLeadTest.java:40)
	at java.base/java.util.ArrayList.forEach(ArrayList.java:1511)
... Removed 25 stack frames</div></td></tr></table><p class="totop"><a href="#summary">back to summary</a></p>
<h2>verify Task Created On Lead</h2><h3 id="m38">com.crm.testcases.TC20_ToverifyTaskCreatedOnLeadTest#teardown</h3><table class="result"><tr><th>Exception</th></tr><tr><td><div class="stacktrace">java.lang.NullPointerException: Cannot invoke &quot;org.openqa.selenium.WebDriver.quit()&quot; because &quot;com.crm.base.TestBase.driver&quot; is null
	at com.crm.base.TestBase.teardown(TestBase.java:149)
... Removed 22 stack frames</div></td></tr></table><p class="totop"><a href="#summary">back to summary</a></p>
<h3 id="m39">com.crm.testcases.TC20_ToverifyTaskCreatedOnLeadTest#verifyTaskCreatedOnLead</h3><table class="result"><tr class="param"><th>Parameter #1</th></tr><tr class="param stripe"><td>{Subject=task4151, RunMode=Yes, Password=acid_qa, LeadID=300088760, Role=BRO, Description=taskcreation, UserName=axisadmin, TC No=TC20}</td></tr><tr><th>Exception</th></tr><tr><td><div class="stacktrace">org.testng.SkipException: Skipping the test  VERIFYTASKCREATEDONLEADas the Run mode is NO
	at com.crm.testcases.TC20_ToverifyTaskCreatedOnLeadTest.verifyTaskCreatedOnLead(TC20_ToverifyTaskCreatedOnLeadTest.java:39)
	at java.base/java.util.ArrayList.forEach(ArrayList.java:1511)
... Removed 25 stack frames</div></td></tr></table><p class="totop"><a href="#summary">back to summary</a></p>
<h2>verify Lead History Page</h2><h3 id="m40">com.crm.testcases.TC21_ToverifyLeadHistoryPageTest#teardown</h3><table class="result"><tr><th>Exception</th></tr><tr><td><div class="stacktrace">java.lang.NullPointerException: Cannot invoke &quot;org.openqa.selenium.WebDriver.quit()&quot; because &quot;com.crm.base.TestBase.driver&quot; is null
	at com.crm.base.TestBase.teardown(TestBase.java:149)
... Removed 22 stack frames</div></td></tr></table><p class="totop"><a href="#summary">back to summary</a></p>
<h3 id="m41">com.crm.testcases.TC21_ToverifyLeadHistoryPageTest#verifyLeadHistoryPage</h3><table class="result"><tr class="param"><th>Parameter #1</th></tr><tr class="param stripe"><td>{RunMode=Yes, Password=acid_qa, LeadID=300088760, Role=BRO, UserName=axisadmin, TC No=TC21}</td></tr><tr><th>Exception</th></tr><tr><td><div class="stacktrace">org.testng.SkipException: Skipping the test VERIFYLEADHISTORYPAGEas the Run mode is NO
	at com.crm.testcases.TC21_ToverifyLeadHistoryPageTest.verifyLeadHistoryPage(TC21_ToverifyLeadHistoryPageTest.java:40)
	at java.base/java.util.ArrayList.forEach(ArrayList.java:1511)
... Removed 25 stack frames</div></td></tr></table><p class="totop"><a href="#summary">back to summary</a></p>
<h2>verify Pagination And Order By On Lead Listing Page</h2><h3 id="m42">com.crm.testcases.TC22_ToverifyPaginationAndOrderByOnLeadListingPageTest#teardown</h3><table class="result"><tr><th>Exception</th></tr><tr><td><div class="stacktrace">java.lang.NullPointerException: Cannot invoke &quot;org.openqa.selenium.WebDriver.quit()&quot; because &quot;com.crm.base.TestBase.driver&quot; is null
	at com.crm.base.TestBase.teardown(TestBase.java:149)
... Removed 22 stack frames</div></td></tr></table><p class="totop"><a href="#summary">back to summary</a></p>
<h3 id="m43">com.crm.testcases.TC22_ToverifyPaginationAndOrderByOnLeadListingPageTest#verifyPaginationOnLead</h3><table class="result"><tr class="param"><th>Parameter #1</th></tr><tr class="param stripe"><td>{RunMode=Yes, Password=acid_qa, Role=BRO, UserName=axisadmin, TC No=TC22}</td></tr><tr><th>Exception</th></tr><tr><td><div class="stacktrace">org.testng.SkipException: Skipping the test VERIFYPAGINATIONONLEADas the Run mode is NO
	at com.crm.testcases.TC22_ToverifyPaginationAndOrderByOnLeadListingPageTest.verifyPaginationOnLead(TC22_ToverifyPaginationAndOrderByOnLeadListingPageTest.java:37)
	at java.base/java.util.ArrayList.forEach(ArrayList.java:1511)
... Removed 25 stack frames</div></td></tr></table><p class="totop"><a href="#summary">back to summary</a></p>
<h2>verify Category View Lead</h2><h3 id="m44">com.crm.testcases.TC23_ToverifyCategoryViewLeadTest#teardown</h3><table class="result"><tr><th>Exception</th></tr><tr><td><div class="stacktrace">java.lang.NullPointerException: Cannot invoke &quot;org.openqa.selenium.WebDriver.quit()&quot; because &quot;com.crm.base.TestBase.driver&quot; is null
	at com.crm.base.TestBase.teardown(TestBase.java:149)
... Removed 22 stack frames</div></td></tr></table><p class="totop"><a href="#summary">back to summary</a></p>
<h3 id="m45">com.crm.testcases.TC23_ToverifyCategoryViewLeadTest#verifyCategoryViewLead</h3><table class="result"><tr class="param"><th>Parameter #1</th></tr><tr class="param stripe"><td>{RunMode=Yes, Password=acid_qa, LeadID=300088760, Role=BRO, UserName=axisadmin, TC No=TC23}</td></tr><tr><th>Exception</th></tr><tr><td><div class="stacktrace">org.testng.SkipException: Skipping the test VERIFYCATEGORYVIEWLEADas the Run mode is NO
	at com.crm.testcases.TC23_ToverifyCategoryViewLeadTest.verifyCategoryViewLead(TC23_ToverifyCategoryViewLeadTest.java:35)
	at java.base/java.util.ArrayList.forEach(ArrayList.java:1511)
... Removed 25 stack frames</div></td></tr></table><p class="totop"><a href="#summary">back to summary</a></p>
<h2>verify Offer Creation Page Open</h2><h3 id="m46">com.crm.testcases.TC24_ToverifyOfferCreationPageOpenTest#teardown</h3><table class="result"><tr><th>Exception</th></tr><tr><td><div class="stacktrace">java.lang.NullPointerException: Cannot invoke &quot;org.openqa.selenium.WebDriver.quit()&quot; because &quot;com.crm.base.TestBase.driver&quot; is null
	at com.crm.base.TestBase.teardown(TestBase.java:149)
... Removed 22 stack frames</div></td></tr></table><p class="totop"><a href="#summary">back to summary</a></p>
<h3 id="m47">com.crm.testcases.TC24_ToverifyOfferCreationPageOpenTest#verifyOfferCreationPageOpen</h3><table class="result"><tr class="param"><th>Parameter #1</th></tr><tr class="param stripe"><td>{RunMode=Yes, Password=acid_qa, Role=Administrator, UserName=axisadmin, TC No=TC24}</td></tr><tr><th>Exception</th></tr><tr><td><div class="stacktrace">org.testng.SkipException: Skipping the test  VERIFYOFFERCREATIONPAGEOPENas the Run mode is NO
	at com.crm.testcases.TC24_ToverifyOfferCreationPageOpenTest.verifyOfferCreationPageOpen(TC24_ToverifyOfferCreationPageOpenTest.java:37)
	at java.base/java.util.ArrayList.forEach(ArrayList.java:1511)
... Removed 25 stack frames</div></td></tr></table><p class="totop"><a href="#summary">back to summary</a></p>
<h2>verify OfferCreation</h2><h3 id="m48">com.crm.testcases.TC25_ToverifyOfferCreationTest#teardown</h3><table class="result"><tr><th>Exception</th></tr><tr><td><div class="stacktrace">java.lang.NullPointerException: Cannot invoke &quot;org.openqa.selenium.WebDriver.quit()&quot; because &quot;com.crm.base.TestBase.driver&quot; is null
	at com.crm.base.TestBase.teardown(TestBase.java:149)
... Removed 22 stack frames</div></td></tr></table><p class="totop"><a href="#summary">back to summary</a></p>
<h3 id="m49">com.crm.testcases.TC25_ToverifyOfferCreationTest#verifyOfferCreation</h3><table class="result"><tr class="param"><th>Parameter #1</th></tr><tr class="param stripe"><td>{SubProduct=Activation, RunMode=Yes, Password=acid_qa, Product=Axis Direct, Priority=1, Role=Administrator, UserName=axisadmin, TC No=TC25}</td></tr><tr><th>Exception</th></tr><tr><td><div class="stacktrace">org.testng.SkipException: Skipping the test VERIFYOFFERCREATIONas the Run mode is NO
	at com.crm.testcases.TC25_ToverifyOfferCreationTest.verifyOfferCreation(TC25_ToverifyOfferCreationTest.java:37)
	at java.base/java.util.ArrayList.forEach(ArrayList.java:1511)
... Removed 25 stack frames</div></td></tr></table><p class="totop"><a href="#summary">back to summary</a></p>
<h2>Verify on Edit Offers All data Display In Edit Page</h2><h3 id="m50">com.crm.testcases.TC26_ToVerifyonEditOffersAlldataDisplayInEditPageTest#VerifyEditOnOffers</h3><table class="result"><tr class="param"><th>Parameter #1</th></tr><tr class="param stripe"><td>{SubProduct=Activation, RunMode=Yes, Password=acid_qa, Product=Axis Direct, Priority=1, Role=Administrator, UserName=axisadmin, TC No=TC26}</td></tr></table><p class="totop"><a href="#summary">back to summary</a></p>
<h2>verify SR Is Getting Created</h2><h3 id="m51">com.crm.testcases.TC27_ToverifySRIsGettingCreatedTest#verifySRIsCreated</h3><table class="result"><tr class="param"><th>Parameter #1</th></tr><tr class="param stripe"><td>{AccountCardDetailSearchParameter=Prospect Customer, SubFunction=Customer Details Maintenance, SRNumber=221229042268, AssignedTo=locadmin3, Function=Account Maintenance, TC No=TC27, NatureofQuery=Request, SubSubFunction=CIF ID Replacement And Suspension, UserName=initiator, LodgementUserTeam=CPU Dedupe, Product=PCS, Password=acid_qa, RunMode=Yes, password=acid_qa, LodgementRemarks=test}</td></tr><tr><th>Exception</th></tr><tr><td><div class="stacktrace">org.testng.SkipException: Skipping the test TO VERFIY SR IS CREATEDas the Run mode is NO
	at com.crm.testcases.TC27_ToverifySRIsGettingCreatedTest.verifySRIsCreated(TC27_ToverifySRIsGettingCreatedTest.java:37)
	at java.base/java.util.ArrayList.forEach(ArrayList.java:1511)
... Removed 25 stack frames</div></td></tr></table><p class="totop"><a href="#summary">back to summary</a></p>
<h2>verify SR Is Assigned To User</h2><h3 id="m52">com.crm.testcases.TC28_ToVerifySRIsAssignedToUserTest#verifySRIsAssignedToUser</h3><table class="result"><tr class="param"><th>Parameter #1</th></tr><tr class="param stripe"><td>{AccountCardDetailSearchParameter=Prospect Customer, SubFunction=Customer Details Maintenance, SRNumber=221229042269, AssignedTo=locadmin3, Function=Account Maintenance, TC No=TC28, NatureofQuery=Request, SubSubFunction=CIF ID Replacement And Suspension, LocAdminUserName=locadmin3, UserName=initiator, LodgementUserTeam=CPU Dedupe, Product=PCS, Password=acid_qa, RunMode=Yes, password=acid_qa, LodgementRemarks=test, =}</td></tr><tr><th>Exception</th></tr><tr><td><div class="stacktrace">org.testng.SkipException: Skipping the test TO VERIFY SR IS ASSIGNED TO USERas the Run mode is NO
	at com.crm.testcases.TC28_ToVerifySRIsAssignedToUserTest.verifySRIsAssignedToUser(TC28_ToVerifySRIsAssignedToUserTest.java:38)
	at java.base/java.util.ArrayList.forEach(ArrayList.java:1511)
... Removed 25 stack frames</div></td></tr></table><p class="totop"><a href="#summary">back to summary</a></p>
<h2>verify SR Visible In Views</h2><h3 id="m53">com.crm.testcases.TC29_ToVerifySRVisibleInViewsTest#verifySRVisibleInViews</h3><table class="result"><tr class="param"><th>Parameter #1</th></tr><tr class="param stripe"><td>{AccountCardDetailSearchParameter=Prospect Customer, SubFunction=Customer Details Maintenance, SRNumber=221228042261, AssignedTo=locadmin3, Function=Account Maintenance, TC No=TC29, NatureofQuery=Request, SubSubFunction=CIF ID Replacement And Suspension, LocAdminUserName=locadmin3, UserName=initiator, LodgementUserTeam=CPU Dedupe, Product=PCS, Password=acid_qa, RunMode=Yes, LodgementRemarks=test}</td></tr><tr><th>Exception</th></tr><tr><td><div class="stacktrace">org.testng.SkipException: Skipping the test VERIFYSRVISIBLEINVIEWSas the Run mode is NO
	at com.crm.testcases.TC29_ToVerifySRVisibleInViewsTest.verifySRVisibleInViews(TC29_ToVerifySRVisibleInViewsTest.java:34)
	at java.base/java.util.ArrayList.forEach(ArrayList.java:1511)
... Removed 25 stack frames</div></td></tr></table><p class="totop"><a href="#summary">back to summary</a></p>
<h2>verify SR Search</h2><h3 id="m54">com.crm.testcases.TC30_ToVerifySRSearchTest#verifySRSearch</h3><table class="result"><tr class="param"><th>Parameter #1</th></tr><tr class="param stripe"><td>{Password=acid_qa, ProductType=Cheque, ClientCode=0000001098, SRNumber=221229042270, PickUpAddress=Andheri, NatureofQuery=Request, Function=CMS LOGISTICS, CIFID=000006136, UserName=ccpho1, CommunicationEmailId=test1519@gmail.com, Product=Collection, TC No=TC30, RunMode=Yes, BriefDescription=test, SubSubFunction=FOR CASH/CHEQUE/CASH DELIVERY/CHEQUE DELIVERY/CDM, PickUpFrequency=On Call, SubFunction=FEASIBILITY CHECKING WITH VENDOR, CorporateName=corporatename8132}</td></tr><tr><th>Exception</th></tr><tr><td><div class="stacktrace">org.testng.SkipException: Skipping the test VERIFYSRSEARCHas the Run mode is NO
	at com.crm.testcases.TC30_ToVerifySRSearchTest.verifySRSearch(TC30_ToVerifySRSearchTest.java:33)
	at java.base/java.util.ArrayList.forEach(ArrayList.java:1511)
... Removed 25 stack frames</div></td></tr></table><p class="totop"><a href="#summary">back to summary</a></p>
<h2>verify SR Edited by Assigned to user</h2><h3 id="m55">com.crm.testcases.TC31_TOverifySREditedByAssignedUserTest#verifySREditedByAssignedToUser</h3><table class="result"><tr class="param"><th>Parameter #1</th></tr><tr class="param stripe"><td>{AccountCardDetailSearchParameter=Prospect Customer, SubFunction=Customer Details Maintenance, SRNumber=221229042271, AssignedTo=locadmin3, Function=Account Maintenance, TC No=TC31, NatureofQuery=Request, MakerUserName=maker1, SubSubFunction=CIF ID Replacement And Suspension, LocAdminUserName=locadmin3, UserName=initiator, LodgementUserTeam=CPU Dedupe, Product=PCS, Password=acid_qa, RunMode=Yes, LodgementRemarks=test}</td></tr><tr><th>Exception</th></tr><tr><td><div class="stacktrace">org.testng.SkipException: Skipping the test VERIFYSREDITEDBYASSIGNEDTOUSERas the Run mode is NO
	at com.crm.testcases.TC31_TOverifySREditedByAssignedUserTest.verifySREditedByAssignedToUser(TC31_TOverifySREditedByAssignedUserTest.java:41)
	at java.base/java.util.ArrayList.forEach(ArrayList.java:1511)
... Removed 25 stack frames</div></td></tr></table><p class="totop"><a href="#summary">back to summary</a></p>
<h2>verify SR History Page</h2><h3 id="m56">com.crm.testcases.TC32_ToVerifySRHistoryPageTest#verifySRHistoryPage</h3><table class="result"><tr class="param"><th>Parameter #1</th></tr><tr class="param stripe"><td>{Password=acid_qa, STATEMENTNOTRECEIVED=NO, Missedpaymentdate=, Preferrableaddress=Work, SRNumber=221229042272, NatureofQuery=Complaint, CustomerName=customertest, Function=Deliverables Related, UserName=cce1, CustomerID=000000290, TRAVELLING=YES, Product=CREDIT CARD, TC No=TC32, RunMode=Yes, SubSubFunction=R BLOCK - REDISPATCH Request not Processed, LodgementUserTeam=Phone Banking, RBLOCKCARDNO=123456, LodgementRemarks=test, STATEMENTRECEIVEDLATE=YES, CardAccount=Primary, AccountCardDetailSearchParameter=Prospect Customer, SubFunction=Card Not Received}</td></tr><tr><th>Exception</th></tr><tr><td><div class="stacktrace">org.testng.SkipException: Skipping the test VERIFYSRHISTORYPAGEas the Run mode is NO
	at com.crm.testcases.TC32_ToVerifySRHistoryPageTest.verifySRHistoryPage(TC32_ToVerifySRHistoryPageTest.java:35)
	at java.base/java.util.ArrayList.forEach(ArrayList.java:1511)
... Removed 25 stack frames</div></td></tr></table><p class="totop"><a href="#summary">back to summary</a></p>
<h2>verify Dedupe</h2><h3 id="m57">com.crm.testcases.TC33_ToVerifyDedupeRuleTest#verifyDedupeRule</h3><table class="result"><tr class="param"><th>Parameter #1</th></tr><tr class="param stripe"><td>{Password=acid_qa, ProductType=Cheque, ClientCode=0000006357, SRNumber=221229042273, PickUpAddress=Andheri, NatureofQuery=Request, Function=CMS LOGISTICS, CIFID=000008949, UserName=ccpho1, CommunicationEmailId=test0401@gmail.com, Product=Collection, TC No=TC33, RunMode=Yes, BriefDescription=test, SubSubFunction=FOR CASH/CHEQUE/CASH DELIVERY/CHEQUE DELIVERY/CDM, PickUpFrequency=On Call, SubFunction=FEASIBILITY CHECKING WITH VENDOR, CorporateName=corporatename7911}</td></tr><tr><th>Exception</th></tr><tr><td><div class="stacktrace">org.testng.SkipException: Skipping the test VERIFYDEDUPERULEas the Run mode is NO
	at com.crm.testcases.TC33_ToVerifyDedupeRuleTest.verifyDedupeRule(TC33_ToVerifyDedupeRuleTest.java:33)
	at java.base/java.util.ArrayList.forEach(ArrayList.java:1511)
... Removed 25 stack frames</div></td></tr></table><p class="totop"><a href="#summary">back to summary</a></p>
<h2>verify Import Functionality</h2><h3 id="m58">com.crm.testcases.TC34_ToVerifyImportFunctionalityTest#verifyImportFunctionality</h3><table class="result"><tr class="param"><th>Parameter #1</th></tr><tr class="param stripe"><td>{Password=acid_qa, ProductType=Cheque, ClientCode=0000006835, SRNumber=221229042274, PickUpAddress=Andheri, NatureofQuery=Request, Function=CMS LOGISTICS, CIFID=000009699, UserName=ccpho1, CommunicationEmailId=test5139@gmail.com, Product=Collection, TC No=TC34, RunMode=Yes, BriefDescription=test, SubSubFunction=FOR CASH/CHEQUE/CASH DELIVERY/CHEQUE DELIVERY/CDM, PickUpFrequency=On Call, SubFunction=FEASIBILITY CHECKING WITH VENDOR, CorporateName=corporatename1011}</td></tr><tr><th>Exception</th></tr><tr><td><div class="stacktrace">org.testng.SkipException: Skipping the test VERIFYIMPORTFUNCTIONALITYas the Run mode is NO
	at com.crm.testcases.TC34_ToVerifyImportFunctionalityTest.verifyImportFunctionality(TC34_ToVerifyImportFunctionalityTest.java:35)
	at java.base/java.util.ArrayList.forEach(ArrayList.java:1511)
... Removed 25 stack frames</div></td></tr></table><p class="totop"><a href="#summary">back to summary</a></p>
<h2>verify Calendar Appointment</h2><h3 id="m59">com.crm.testcases.TC35_ToVerifyCalendarAppointmentCreationTest#VerifyCalendarAppointment</h3><table class="result"><tr class="param"><th>Parameter #1</th></tr><tr class="param stripe"><td>{Subject=appointment2371, ClientSegmentCode=Others, RunMode=Yes, Password=acid_qa, Reason=Others, Role=BRO, UserName=axisadmin, TC No=TC35}</td></tr><tr><th>Exception</th></tr><tr><td><div class="stacktrace">org.testng.SkipException: Skipping the test VERIFYCALENDARAPPOINTMENTas the Run mode is NO
	at com.crm.testcases.TC35_ToVerifyCalendarAppointmentCreationTest.VerifyCalendarAppointment(TC35_ToVerifyCalendarAppointmentCreationTest.java:36)
	at java.base/java.util.ArrayList.forEach(ArrayList.java:1511)
... Removed 25 stack frames</div></td></tr></table><p class="totop"><a href="#summary">back to summary</a></p>
<h2>verify Task Creation</h2><h3 id="m60">com.crm.testcases.TC36_ToverifyTaskCreationTest#verifyTaskCreation</h3><table class="result"><tr class="param"><th>Parameter #1</th></tr><tr class="param stripe"><td>{Subject=task9348, RunMode=Yes, Password=acid_qa, Role=BRO, Description=taskcreation, UserName=axisadmin, TC No=TC36}</td></tr><tr><th>Exception</th></tr><tr><td><div class="stacktrace">org.testng.SkipException: Skipping the test TO VERIFY TASK CREATIONas the Run mode is NO
	at com.crm.testcases.TC36_ToverifyTaskCreationTest.verifyTaskCreation(TC36_ToverifyTaskCreationTest.java:37)
	at java.base/java.util.ArrayList.forEach(ArrayList.java:1511)
... Removed 25 stack frames</div></td></tr></table><p class="totop"><a href="#summary">back to summary</a></p>
<h2>verify Alerts</h2><h3 id="m61">com.crm.testcases.TC37_ToverifyAlertsTest#VerifyAlerts</h3><table class="result"><tr class="param"><th>Parameter #1</th></tr><tr class="param stripe"><td>{Subject=alert5533, TC No=TC37, UserName=axisadmin, Title=testalert, Password=acid_qa, RunMode=Yes, Details=alertcreation, AlertID=05469311, Role=Administrator}</td></tr><tr><th>Exception</th></tr><tr><td><div class="stacktrace">org.testng.SkipException: Skipping the test VERIFYALERTSas the Run mode is NO
	at com.crm.testcases.TC37_ToverifyAlertsTest.VerifyAlerts(TC37_ToverifyAlertsTest.java:35)
	at java.base/java.util.ArrayList.forEach(ArrayList.java:1511)
... Removed 25 stack frames</div></td></tr></table><p class="totop"><a href="#summary">back to summary</a></p>
<h2>verify Conditional Access</h2><h3 id="m62">com.crm.testcases.TC38_ToverifyConditionalAccessTest#verifyConditionalAccess</h3><table class="result"><tr class="param"><th>Parameter #1</th></tr><tr class="param stripe"><td>{AccountCardDetailSearchParameter=Prospect Customer, SubFunction=Customer Details Maintenance, SRNumber=221229042275, AssignedTo=locadmin3, Function=Account Maintenance, TC No=TC38, NatureofQuery=Request, MakerUserName=maker1, SubSubFunction=CIF ID Replacement And Suspension, LocAdminUserName=locadmin3, UserName=initiator, LodgementUserTeam=CPU Dedupe, Product=PCS, CheckerUserName=checker1, Password=acid_qa, RunMode=Yes, LodgementRemarks=test}</td></tr><tr><th>Exception</th></tr><tr><td><div class="stacktrace">org.testng.SkipException: Skipping the test TO VERIFY CONDITIONAL ACCESSas the Run mode is NO
	at com.crm.testcases.TC38_ToverifyConditionalAccessTest.verifyConditionalAccess(TC38_ToverifyConditionalAccessTest.java:36)
	at java.base/java.util.ArrayList.forEach(ArrayList.java:1511)
... Removed 25 stack frames</div></td></tr></table><p class="totop"><a href="#summary">back to summary</a></p>
<h2>verify CustomAction Button</h2><h3 id="m63">com.crm.testcases.TC39_ToverifyCustomActionButtonTest#verifyCustomActionButton</h3><table class="result"><tr class="param"><th>Parameter #1</th></tr><tr class="param stripe"><td>{AccountCardDetailSearchParameter=Prospect Customer, SubFunction=Customer Details Maintenance, SRNumber=221229042276, AssignedTo=locadmin3, Function=Account Maintenance, TC No=TC39, NatureofQuery=Request, MakerUserName=maker1, SubSubFunction=CIF ID Replacement And Suspension, LocAdminUserName=locadmin3, UserName=initiator, LodgementUserTeam=CPU Dedupe, Product=PCS, Password=acid_qa, RunMode=Yes, LodgementRemarks=test}</td></tr><tr><th>Exception</th></tr><tr><td><div class="stacktrace">org.testng.SkipException: Skipping the test TO VERIFY CUSTOM ACTION BUTTONas the Run mode is NO
	at com.crm.testcases.TC39_ToverifyCustomActionButtonTest.verifyCustomActionButton(TC39_ToverifyCustomActionButtonTest.java:33)
	at java.base/java.util.ArrayList.forEach(ArrayList.java:1511)
... Removed 25 stack frames</div></td></tr></table><p class="totop"><a href="#summary">back to summary</a></p>
<h2>verify StandardSRProcess</h2><h3 id="m64">com.crm.testcases.TC40_ToverifyStandardSRProcessTest#verifyStandardSRProcess</h3><table class="result"><tr class="param"><th>Parameter #1</th></tr><tr class="param stripe"><td>{Password=acid_qa, STATEMENTNOTRECEIVED=NO, Missedpaymentdate=, Preferrableaddress=Work, SRNumber=221229042279, NatureofQuery=Complaint, CustomerName=customertest, TeamExecutiveUserName=testteamexecutives, Function=Deliverables Related, UserName=cce1, CustomerID=000008521, TRAVELLING=YES, BranchUserName=71272, Product=CREDIT CARD, TC No=TC40, RunMode=Yes, SubSubFunction=R BLOCK - REDISPATCH Request not Processed, LodgementUserTeam=Phone Banking, RBLOCKCARDNO=123456, LodgementRemarks=test, STATEMENTRECEIVEDLATE=YES, CardAccount=Primary, AccountCardDetailSearchParameter=Prospect Customer, SubFunction=Card Not Received}</td></tr><tr><th>Exception</th></tr><tr><td><div class="stacktrace">org.testng.SkipException: Skipping the test VERIFYSTANDARDSRPROCESSas the Run mode is NO
	at com.crm.testcases.TC40_ToverifyStandardSRProcessTest.verifyStandardSRProcess(TC40_ToverifyStandardSRProcessTest.java:38)
	at java.base/java.util.ArrayList.forEach(ArrayList.java:1511)
... Removed 25 stack frames</div></td></tr></table><p class="totop"><a href="#summary">back to summary</a></p>
<h2>verify ListOfReports</h2><h3 id="m65">com.crm.testcases.TC41_ToVerifyListOfReportsDisplayTest#verifylistofReportsDisplay</h3><table class="result"><tr class="param"><th>Parameter #1</th></tr><tr class="param stripe"><td>{RunMode=Yes, Password=axis@123, UserName=dpdissupervisor, TC No=TC41}</td></tr><tr><th>Exception</th></tr><tr><td><div class="stacktrace">org.testng.SkipException: Skipping the test VERIFYLISTOFREPORTSDISPLAYas the Run mode is NO
	at com.crm.testcases.TC41_ToVerifyListOfReportsDisplayTest.verifylistofReportsDisplay(TC41_ToVerifyListOfReportsDisplayTest.java:35)
	at java.base/java.util.ArrayList.forEach(ArrayList.java:1511)
... Removed 25 stack frames</div></td></tr></table><p class="totop"><a href="#summary">back to summary</a></p>
<h2>verify Reports Open</h2><h3 id="m66">com.crm.testcases.TC42_ToVerifyReportsOpenProperlyTest#verifyReportsOpenProperly</h3><table class="result"><tr class="param"><th>Parameter #1</th></tr><tr class="param stripe"><td>{RunMode=Yes, Password=axis@123, UserName=dpdissupervisor, TC No=TC42}</td></tr><tr><th>Exception</th></tr><tr><td><div class="stacktrace">org.testng.SkipException: Skipping the test VERIFYREPORTSOPENPROPERLYas the Run mode is NO
	at com.crm.testcases.TC42_ToVerifyReportsOpenProperlyTest.verifyReportsOpenProperly(TC42_ToVerifyReportsOpenProperlyTest.java:38)
	at java.base/java.util.ArrayList.forEach(ArrayList.java:1511)
... Removed 25 stack frames</div></td></tr></table><p class="totop"><a href="#summary">back to summary</a></p>
<h2>verify Execute Records Reports </h2><h3 id="m67">com.crm.testcases.TC43_ToVerifyExecuteRecordsReportTest#verifyExecuteRecordsReport</h3><table class="result"><tr class="param"><th>Parameter #1</th></tr><tr class="param stripe"><td>{Password=acid_qa, SerialNo=1234567891, Date=30/12/2022, SRNumber=221229042286, SupervisorPassword=axis@123, Function=DP - DIS, UserName=187004, SlipSeries=23, TypeofRequest=Account Transfer, CustomerID=000008000, ClientID=0000000728, SupervisorUserName=dpdissupervisor, TC No=TC43, RunMode=Yes, SubSubFunction=DIS Execution NSDL, NatureOfQuery=Request, DigitallySignedDocument=Yes, LodgementRemarks=test, SubFunction=Settlement}</td></tr><tr><th>Exception</th></tr><tr><td><div class="stacktrace">org.testng.SkipException: Skipping the test TO VERIFY EXECUTE ALL RECORDS REPORTSas the Run mode is NO
	at com.crm.testcases.TC43_ToVerifyExecuteRecordsReportTest.verifyExecuteRecordsReport(TC43_ToVerifyExecuteRecordsReportTest.java:39)
	at java.base/java.util.ArrayList.forEach(ArrayList.java:1511)
... Removed 25 stack frames</div></td></tr></table><p class="totop"><a href="#summary">back to summary</a></p>
<h2>verify Reports Added to quick links</h2><h3 id="m68">com.crm.testcases.TC44_ToVerifyReportsAddedToQuickLinksTest#verifyReportsAddedToQuicklinks</h3><table class="result"><tr class="param"><th>Parameter #1</th></tr><tr class="param stripe"><td>{RunMode=Yes, Password=acid_qa, Role=Administrator, UserName=axisadmin, TC No=TC44}</td></tr><tr><th>Exception</th></tr><tr><td><div class="stacktrace">org.testng.SkipException: Skipping the test VERIFYREPORTSADDEDTOQUICKLINKSas the Run mode is NO
	at com.crm.testcases.TC44_ToVerifyReportsAddedToQuickLinksTest.verifyReportsAddedToQuicklinks(TC44_ToVerifyReportsAddedToQuickLinksTest.java:35)
	at java.base/java.util.ArrayList.forEach(ArrayList.java:1511)
... Removed 25 stack frames</div></td></tr></table><p class="totop"><a href="#summary">back to summary</a></p>
<h2>verify ComposeEmail</h2><h3 id="m69">com.crm.testcases.TC45_VerfyEmailSentToExistingSRTest#verifyEmailSentToExistingSR</h3><table class="result"><tr class="param"><th>Parameter #1</th></tr><tr class="param stripe"><td>{EmailBCC=rahul.jadhav@crmnext.com, Password=acid_qa, ProductType=Cheque, ClientCode=0000003911, SRNumber=221218042073, PickUpAddress=Andheri, NatureofQuery=Request, Function=CMS LOGISTICS, CIFID=000006267, UserName=ccpho1, EmailTO=kumuad.sagar@crmnext.com, EmailBody=The date is ready to move, CommunicationEmailId=test6674@gmail.com, Product=Collection, TC No=TC45, RunMode=Yes, BriefDescription=test, SubSubFunction=FOR CASH/CHEQUE/CASH DELIVERY/CHEQUE DELIVERY/CDM, PickUpFrequency=On Call, EmailSubject=EXCEL DATA READ, SubFunction=FEASIBILITY CHECKING WITH VENDOR, CorporateName=corporatename8377, EmailCC=ashwin.paikat@crmnext.com}</td></tr><tr><th>Exception</th></tr><tr><td><div class="stacktrace">org.testng.SkipException: Skipping the test VERIFYEMAILSENTTOEXISTINGSRas the Run mode is NO
	at com.crm.testcases.TC45_VerfyEmailSentToExistingSRTest.verifyEmailSentToExistingSR(TC45_VerfyEmailSentToExistingSRTest.java:36)
	at java.base/java.util.ArrayList.forEach(ArrayList.java:1511)
... Removed 25 stack frames</div></td></tr></table><p class="totop"><a href="#summary">back to summary</a></p>
<h2>verify Data Presenter EDs</h2><h3 id="m70">com.crm.testcases.TC46_VerifyDataPresenterTest#verifyDataPresenter</h3><table class="result"><tr class="param"><th>Parameter #1</th></tr><tr class="param stripe"><td>{SubFunction=FEASIBILITY CHECKING WITH VENDOR, SRNumber=221229042278, Function=CMS LOGISTICS, TC No=TC46, PickupFrequency=On Call, ClientCode=EX1234, SubSubFunction=FOR CASH/CHEQUE/CASH DELIVERY/CHEQUE DELIVERY/CDM, Natureofquery=Request, BriefQueryComplaintDescription=automationtest, UserName=ccpho1, PickUpAddress=Vishnu prasad complex,virar west,pin-401303, Product=Collection, Password=acid_qa, RunMode=Yes, ProductType=Cheque}</td></tr><tr><th>Exception</th></tr><tr><td><div class="stacktrace">org.testng.SkipException: Skipping the test TO VERFIY DATA PRESENTERas the Run mode is NO
	at com.crm.testcases.TC46_VerifyDataPresenterTest.verifyDataPresenter(TC46_VerifyDataPresenterTest.java:35)
	at java.base/java.util.ArrayList.forEach(ArrayList.java:1511)
... Removed 25 stack frames</div></td></tr></table><p class="totop"><a href="#summary">back to summary</a></p>
<h2>verify Summary Page</h2><h3 id="m71">com.crm.testcases.TC47_ToVerifySummaryPageTest#verifySummaryPage</h3><table class="result"><tr class="param"><th>Parameter #1</th></tr><tr class="param stripe"><td>{Subject=appointment2371, RunMode=Yes, Password=acid_qa, LeadID=300088760, Role=BRO, UserName=axisadmin, TC No=TC47}</td></tr><tr><th>Exception</th></tr><tr><td><div class="stacktrace">org.testng.SkipException: Skipping the test VERIFYSUMMARYPAGEas the Run mode is NO
	at com.crm.testcases.TC47_ToVerifySummaryPageTest.verifySummaryPage(TC47_ToVerifySummaryPageTest.java:36)
	at java.base/java.util.ArrayList.forEach(ArrayList.java:1511)
... Removed 25 stack frames</div></td></tr></table><p class="totop"><a href="#summary">back to summary</a></p>
<h2>verify Reports Filters</h2><h3 id="m72">com.crm.testcases.TC48_ToVerfiyListOfFilterDisplayInReportsTest#verifyListOfFiltersReports</h3><table class="result"><tr class="param"><th>Parameter #1</th></tr><tr class="param stripe"><td>{Password=acid_qa, SerialNo=1234567891, Date=30/12/2022, SRNumber=221229042285, SupervisorPassword=axis@123, Function=DP - DIS, UserName=187004, SlipSeries=23, TypeofRequest=Account Transfer, CustomerID=000008864, Source=Branch, ClientID=0000005974, SupervisorUserName=dpdissupervisor, TC No=TC48, RunMode=Yes, SubSubFunction=DIS Execution NSDL, NatureOfQuery=Request, DigitallySignedDocument=Yes, StatusCode=Sent to Maker, LodgementRemarks=test, AssignedToUser=dpdisUnassigned, SubFunction=Settlement}</td></tr><tr><th>Exception</th></tr><tr><td><div class="stacktrace">org.testng.SkipException: Skipping the test VERIFYLISTOFFILTERSREPORTSas the Run mode is NO
	at com.crm.testcases.TC48_ToVerfiyListOfFilterDisplayInReportsTest.verifyListOfFiltersReports(TC48_ToVerfiyListOfFilterDisplayInReportsTest.java:37)
	at java.base/java.util.ArrayList.forEach(ArrayList.java:1511)
... Removed 25 stack frames</div></td></tr></table><p class="totop"><a href="#summary">back to summary</a></p>
</body>
</html>
