<!DOCTYPE html>

<html>
  <head>
  <meta charset='utf-8'>
  <title>TestNG reports</title>

    <link type="text/css" href="testng-reports1.css" rel="stylesheet" id="ultra" />
    <link type="text/css" href="testng-reports.css" rel="stylesheet" id="retro" disabled="false"/>
    <script type="text/javascript" src="jquery.min.js"></script>
    <script type="text/javascript" src="testng-reports.js"></script>
    <script type="text/javascript" src="https://www.google.com/jsapi"></script>
    <script type='text/javascript'>
      google.load('visualization', '1', {packages:['table']});
      google.setOnLoadCallback(drawTable);
      var suiteTableInitFunctions = new Array();
      var suiteTableData = new Array();
    </script>
    <!--
      <script type="text/javascript" src="jquery-ui/js/jquery-ui-1.8.16.custom.min.js"></script>
     -->
  </head>

  <body>
    <div class="top-banner-root">
      <span class="top-banner-title-font">Test results</span>
      <button id="button" class="button">Switch Retro Theme</button> <!-- button -->
      <br/>
      <span class="top-banner-font-1">1 suite</span>
    </div> <!-- top-banner-root -->
    <div class="navigator-root">
      <div class="navigator-suite-header">
        <span>All suites</span>
        <a href="#" title="Collapse/expand all the suites" class="collapse-all-link">
          <img src="collapseall.gif" class="collapse-all-icon">
          </img> <!-- collapse-all-icon -->
        </a> <!-- collapse-all-link -->
      </div> <!-- navigator-suite-header -->
      <div class="suite">
        <div class="rounded-window">
          <div class="suite-header light-rounded-window-top">
            <a href="#" panel-name="suite-Axis_Sanity_Framework" class="navigator-link">
              <span class="suite-name border-skipped">Axis Sanity Framework</span>
            </a> <!-- navigator-link -->
          </div> <!-- suite-header light-rounded-window-top -->
          <div class="navigator-suite-content">
            <div class="suite-section-title">
              <span>Info</span>
            </div> <!-- suite-section-title -->
            <div class="suite-section-content">
              <ul>
                <li>
                  <a href="#" panel-name="test-xml-Axis_Sanity_Framework" class="navigator-link ">
                    <span>C:\Users\kumuad.sagar\eclipse-workspace\Axis_Sanity_DataProvider\src\test\resources\runner\testng.xml</span>
                  </a> <!-- navigator-link  -->
                </li>
                <li>
                  <a href="#" panel-name="testlist-Axis_Sanity_Framework" class="navigator-link ">
                    <span class="test-stats">48 tests</span>
                  </a> <!-- navigator-link  -->
                </li>
                <li>
                  <a href="#" panel-name="group-Axis_Sanity_Framework" class="navigator-link ">
                    <span>0 groups</span>
                  </a> <!-- navigator-link  -->
                </li>
                <li>
                  <a href="#" panel-name="times-Axis_Sanity_Framework" class="navigator-link ">
                    <span>Times</span>
                  </a> <!-- navigator-link  -->
                </li>
                <li>
                  <a href="#" panel-name="reporter-Axis_Sanity_Framework" class="navigator-link ">
                    <span>Reporter output</span>
                  </a> <!-- navigator-link  -->
                </li>
                <li>
                  <a href="#" panel-name="ignored-methods-Axis_Sanity_Framework" class="navigator-link ">
                    <span>Ignored methods</span>
                  </a> <!-- navigator-link  -->
                </li>
                <li>
                  <a href="#" panel-name="chronological-Axis_Sanity_Framework" class="navigator-link ">
                    <span>Chronological view</span>
                  </a> <!-- navigator-link  -->
                </li>
              </ul>
            </div> <!-- suite-section-content -->
            <div class="result-section">
              <div class="suite-section-title">
                <span>Results</span>
              </div> <!-- suite-section-title -->
              <div class="suite-section-content">
                <ul>
                  <li>
                    <span class="method-stats">48 methods,  47 skipped,  1 passed</span>
                  </li>
                  <li>
                    <span class="method-list-title skipped">Skipped methods</span>
                    <span class="show-or-hide-methods skipped">
                      <a href="#" panel-name="suite-Axis_Sanity_Framework" class="hide-methods skipped suite-Axis_Sanity_Framework"> (hide)</a> <!-- hide-methods skipped suite-Axis_Sanity_Framework -->
                      <a href="#" panel-name="suite-Axis_Sanity_Framework" class="show-methods skipped suite-Axis_Sanity_Framework"> (show)</a> <!-- show-methods skipped suite-Axis_Sanity_Framework -->
                    </span>
                    <div class="method-list-content skipped suite-Axis_Sanity_Framework">
                      <span>
                        <img src="skipped.png" width="3%"/>
                        <a href="#" panel-name="suite-Axis_Sanity_Framework" title="com.crm.testcases.TC37_ToverifyAlertsTest" class="method navigator-link" hash-for-method="VerifyAlerts({Subject=alert5533, TC No=TC37, UserName=axisadmin, Title=testalert, Password=acid_qa, RunMode=Yes, ...)">VerifyAlerts({Subject=alert5533, TC No=TC37, UserName=axisadmin, Title=testalert, Password=acid_qa, RunMode=Yes, ...)</a> <!-- method navigator-link -->
                      </span>
                      <br/>
                      <span>
                        <img src="skipped.png" width="3%"/>
                        <a href="#" panel-name="suite-Axis_Sanity_Framework" title="com.crm.testcases.TC35_ToVerifyCalendarAppointmentCreationTest" class="method navigator-link" hash-for-method="VerifyCalendarAppointment({Subject=appointment2371, ClientSegmentCode=Others, RunMode=Yes, Password=acid_qa, Reason=Others, Ro...)">VerifyCalendarAppointment({Subject=appointment2371, ClientSegmentCode=Others, RunMode=Yes, Password=acid_qa, Reason=Others, Ro...)</a> <!-- method navigator-link -->
                      </span>
                      <br/>
                      <span>
                        <img src="skipped.png" width="3%"/>
                        <a href="#" panel-name="suite-Axis_Sanity_Framework" title="com.crm.testcases.TC12_ToVerfiyCategoryViewAppointmentTest" class="method navigator-link" hash-for-method="verfiyCategoryViewAppointment({Subject=appointment3902, RunMode=Yes, Password=acid_qa, Role=BRO, ActivityID=06035433, UserName=axi...)">verfiyCategoryViewAppointment({Subject=appointment3902, RunMode=Yes, Password=acid_qa, Role=BRO, ActivityID=06035433, UserName=axi...)</a> <!-- method navigator-link -->
                      </span>
                      <br/>
                      <span>
                        <img src="skipped.png" width="3%"/>
                        <a href="#" panel-name="suite-Axis_Sanity_Framework" title="com.crm.testcases.TC01_ToverifyAccountIsCreatedTest" class="method navigator-link" hash-for-method="verifyAccountIsCreated({LeadSource=Outbound Call, CustomerID=000006289, TC No=TC01, Mobile=9000000208, PAN=CJJPS4758Z, Emai...)">verifyAccountIsCreated({LeadSource=Outbound Call, CustomerID=000006289, TC No=TC01, Mobile=9000000208, PAN=CJJPS4758Z, Emai...)</a> <!-- method navigator-link -->
                      </span>
                      <br/>
                      <span>
                        <img src="skipped.png" width="3%"/>
                        <a href="#" panel-name="suite-Axis_Sanity_Framework" title="com.crm.testcases.TC08_ToverifyActivityCreatedIndependentlyTest" class="method navigator-link" hash-for-method="verifyActivityCreated({Subject=appointment3902, TC No=TC07, AppointmentStatus=Meeting Fixed, ActivityID=06035433, TypeofCo...)">verifyActivityCreated({Subject=appointment3902, TC No=TC07, AppointmentStatus=Meeting Fixed, ActivityID=06035433, TypeofCo...)</a> <!-- method navigator-link -->
                      </span>
                      <br/>
                      <span>
                        <img src="skipped.png" width="3%"/>
                        <a href="#" panel-name="suite-Axis_Sanity_Framework" title="com.crm.testcases.TC03_ToverifyActivityCreatedOnAccountTest" class="method navigator-link" hash-for-method="verifyActivityCreationOnAccount({Subject=appointment2233, CustomerID=000006289, TC No=TC03, AppointmentStatus=Meeting Fixed, TypeofC...)">verifyActivityCreationOnAccount({Subject=appointment2233, CustomerID=000006289, TC No=TC03, AppointmentStatus=Meeting Fixed, TypeofC...)</a> <!-- method navigator-link -->
                      </span>
                      <br/>
                      <span>
                        <img src="skipped.png" width="3%"/>
                        <a href="#" panel-name="suite-Axis_Sanity_Framework" title="com.crm.testcases.TC19_ToverifyAppointmentCreatedOnLeadTest" class="method navigator-link" hash-for-method="verifyAppointmentCreatedOnLead({TypeofContact=Email, Password=acid_qa, CustomerName=test, Role=BRO, CommunicationSent=Yes, Details=...)">verifyAppointmentCreatedOnLead({TypeofContact=Email, Password=acid_qa, CustomerName=test, Role=BRO, CommunicationSent=Yes, Details=...)</a> <!-- method navigator-link -->
                      </span>
                      <br/>
                      <span>
                        <img src="skipped.png" width="3%"/>
                        <a href="#" panel-name="suite-Axis_Sanity_Framework" title="com.crm.testcases.TC07_ToverifyAppointmentCreationPageOpenTest" class="method navigator-link" hash-for-method="verifyAppointmentPageOpen({RunMode=Yes, Password=acid_qa, Role=BRO, UserName=axisadmin, TC No=TC07})">verifyAppointmentPageOpen({RunMode=Yes, Password=acid_qa, Role=BRO, UserName=axisadmin, TC No=TC07})</a> <!-- method navigator-link -->
                      </span>
                      <br/>
                      <span>
                        <img src="skipped.png" width="3%"/>
                        <a href="#" panel-name="suite-Axis_Sanity_Framework" title="com.crm.testcases.TC23_ToverifyCategoryViewLeadTest" class="method navigator-link" hash-for-method="verifyCategoryViewLead({RunMode=Yes, Password=acid_qa, LeadID=300088760, Role=BRO, UserName=axisadmin, TC No=TC23})">verifyCategoryViewLead({RunMode=Yes, Password=acid_qa, LeadID=300088760, Role=BRO, UserName=axisadmin, TC No=TC23})</a> <!-- method navigator-link -->
                      </span>
                      <br/>
                      <span>
                        <img src="skipped.png" width="3%"/>
                        <a href="#" panel-name="suite-Axis_Sanity_Framework" title="com.crm.testcases.TC38_ToverifyConditionalAccessTest" class="method navigator-link" hash-for-method="verifyConditionalAccess({AccountCardDetailSearchParameter=Prospect Customer, SubFunction=Customer Details Maintenance, SRNum...)">verifyConditionalAccess({AccountCardDetailSearchParameter=Prospect Customer, SubFunction=Customer Details Maintenance, SRNum...)</a> <!-- method navigator-link -->
                      </span>
                      <br/>
                      <span>
                        <img src="skipped.png" width="3%"/>
                        <a href="#" panel-name="suite-Axis_Sanity_Framework" title="com.crm.testcases.TC13_ToverifyCreatedActivityClosedTest" class="method navigator-link" hash-for-method="verifyCreatedActivityClosed({TypeofContact=Email, Password=acid_qa, CustomerName=test, Role=BRO, CommunicationSent=Yes, Details=...)">verifyCreatedActivityClosed({TypeofContact=Email, Password=acid_qa, CustomerName=test, Role=BRO, CommunicationSent=Yes, Details=...)</a> <!-- method navigator-link -->
                      </span>
                      <br/>
                      <span>
                        <img src="skipped.png" width="3%"/>
                        <a href="#" panel-name="suite-Axis_Sanity_Framework" title="com.crm.testcases.TC09_ToverifyCreatedActivityToBeEditedTest" class="method navigator-link" hash-for-method="verifyCreatedActivityEdited({Subject=appointment3902, TC No=TC09, AppointmentStatus=In Progress, ActivityID=06035433, TypeofCont...)">verifyCreatedActivityEdited({Subject=appointment3902, TC No=TC09, AppointmentStatus=In Progress, ActivityID=06035433, TypeofCont...)</a> <!-- method navigator-link -->
                      </span>
                      <br/>
                      <span>
                        <img src="skipped.png" width="3%"/>
                        <a href="#" panel-name="suite-Axis_Sanity_Framework" title="com.crm.testcases.TC39_ToverifyCustomActionButtonTest" class="method navigator-link" hash-for-method="verifyCustomActionButton({AccountCardDetailSearchParameter=Prospect Customer, SubFunction=Customer Details Maintenance, SRNum...)">verifyCustomActionButton({AccountCardDetailSearchParameter=Prospect Customer, SubFunction=Customer Details Maintenance, SRNum...)</a> <!-- method navigator-link -->
                      </span>
                      <br/>
                      <span>
                        <img src="skipped.png" width="3%"/>
                        <a href="#" panel-name="suite-Axis_Sanity_Framework" title="com.crm.testcases.TC06_CustomerSearchTest" class="method navigator-link" hash-for-method="verifyCustomerSearch({CustomerID=000006289, TC No=TC06, Mobile=9000000208, PAN=CJJPS4758Z, Email=test2074@gmail.com, User...)">verifyCustomerSearch({CustomerID=000006289, TC No=TC06, Mobile=9000000208, PAN=CJJPS4758Z, Email=test2074@gmail.com, User...)</a> <!-- method navigator-link -->
                      </span>
                      <br/>
                      <span>
                        <img src="skipped.png" width="3%"/>
                        <a href="#" panel-name="suite-Axis_Sanity_Framework" title="com.crm.testcases.TC46_VerifyDataPresenterTest" class="method navigator-link" hash-for-method="verifyDataPresenter({SubFunction=FEASIBILITY CHECKING WITH VENDOR, SRNumber=221229042278, Function=CMS LOGISTICS, TC No=...)">verifyDataPresenter({SubFunction=FEASIBILITY CHECKING WITH VENDOR, SRNumber=221229042278, Function=CMS LOGISTICS, TC No=...)</a> <!-- method navigator-link -->
                      </span>
                      <br/>
                      <span>
                        <img src="skipped.png" width="3%"/>
                        <a href="#" panel-name="suite-Axis_Sanity_Framework" title="com.crm.testcases.TC33_ToVerifyDedupeRuleTest" class="method navigator-link" hash-for-method="verifyDedupeRule({Password=acid_qa, ProductType=Cheque, ClientCode=0000006357, SRNumber=221229042273, PickUpAddress=A...)">verifyDedupeRule({Password=acid_qa, ProductType=Cheque, ClientCode=0000006357, SRNumber=221229042273, PickUpAddress=A...)</a> <!-- method navigator-link -->
                      </span>
                      <br/>
                      <span>
                        <img src="skipped.png" width="3%"/>
                        <a href="#" panel-name="suite-Axis_Sanity_Framework" title="com.crm.testcases.TC18_ToverifyDocumentAttachementOnLeadDetailsPageTest" class="method navigator-link" hash-for-method="verifyDocumentAttachementOnLead({RunMode=Yes, Password=acid_qa, LeadID=300088760, Role=BRO, UserName=axisadmin, TC No=TC18})">verifyDocumentAttachementOnLead({RunMode=Yes, Password=acid_qa, LeadID=300088760, Role=BRO, UserName=axisadmin, TC No=TC18})</a> <!-- method navigator-link -->
                      </span>
                      <br/>
                      <span>
                        <img src="skipped.png" width="3%"/>
                        <a href="#" panel-name="suite-Axis_Sanity_Framework" title="com.crm.testcases.TC17_ToVerifyEditLeadAllDataDisplayInEditPageTest" class="method navigator-link" hash-for-method="verifyEditLead({Mobile=9000004610, Password=acid_qa, Role=BRO, LeadSource=Walk-In, SubProduct=Activation, LeadDescr...)">verifyEditLead({Mobile=9000004610, Password=acid_qa, Role=BRO, LeadSource=Walk-In, SubProduct=Activation, LeadDescr...)</a> <!-- method navigator-link -->
                      </span>
                      <br/>
                      <span>
                        <img src="skipped.png" width="3%"/>
                        <a href="#" panel-name="suite-Axis_Sanity_Framework" title="com.crm.testcases.TC45_VerfyEmailSentToExistingSRTest" class="method navigator-link" hash-for-method="verifyEmailSentToExistingSR({EmailBCC=rahul.jadhav@crmnext.com, Password=acid_qa, ProductType=Cheque, ClientCode=0000003911, SRN...)">verifyEmailSentToExistingSR({EmailBCC=rahul.jadhav@crmnext.com, Password=acid_qa, ProductType=Cheque, ClientCode=0000003911, SRN...)</a> <!-- method navigator-link -->
                      </span>
                      <br/>
                      <span>
                        <img src="skipped.png" width="3%"/>
                        <a href="#" panel-name="suite-Axis_Sanity_Framework" title="com.crm.testcases.TC43_ToVerifyExecuteRecordsReportTest" class="method navigator-link" hash-for-method="verifyExecuteRecordsReport({Password=acid_qa, SerialNo=1234567891, Date=30/12/2022, SRNumber=221229042286, SupervisorPassword=a...)">verifyExecuteRecordsReport({Password=acid_qa, SerialNo=1234567891, Date=30/12/2022, SRNumber=221229042286, SupervisorPassword=a...)</a> <!-- method navigator-link -->
                      </span>
                      <br/>
                      <span>
                        <img src="skipped.png" width="3%"/>
                        <a href="#" panel-name="suite-Axis_Sanity_Framework" title="com.crm.testcases.TC34_ToVerifyImportFunctionalityTest" class="method navigator-link" hash-for-method="verifyImportFunctionality({Password=acid_qa, ProductType=Cheque, ClientCode=0000006835, SRNumber=221229042274, PickUpAddress=A...)">verifyImportFunctionality({Password=acid_qa, ProductType=Cheque, ClientCode=0000006835, SRNumber=221229042274, PickUpAddress=A...)</a> <!-- method navigator-link -->
                      </span>
                      <br/>
                      <span>
                        <img src="skipped.png" width="3%"/>
                        <a href="#" panel-name="suite-Axis_Sanity_Framework" title="com.crm.testcases.TC21_ToverifyLeadHistoryPageTest" class="method navigator-link" hash-for-method="verifyLeadHistoryPage({RunMode=Yes, Password=acid_qa, LeadID=300088760, Role=BRO, UserName=axisadmin, TC No=TC21})">verifyLeadHistoryPage({RunMode=Yes, Password=acid_qa, LeadID=300088760, Role=BRO, UserName=axisadmin, TC No=TC21})</a> <!-- method navigator-link -->
                      </span>
                      <br/>
                      <span>
                        <img src="skipped.png" width="3%"/>
                        <a href="#" panel-name="suite-Axis_Sanity_Framework" title="com.crm.testcases.TC02_ToverifyLeadIsCreatedOnAccountTest" class="method navigator-link" hash-for-method="verifyLeadIsCreatedOnAccount({Description=testlead, LeadSource=Email, Subproduct=4-In-1, CustomerID=000006289, TC No=TC02, Altern...)">verifyLeadIsCreatedOnAccount({Description=testlead, LeadSource=Email, Subproduct=4-In-1, CustomerID=000006289, TC No=TC02, Altern...)</a> <!-- method navigator-link -->
                      </span>
                      <br/>
                      <span>
                        <img src="skipped.png" width="3%"/>
                        <a href="#" panel-name="suite-Axis_Sanity_Framework" title="com.crm.testcases.TC14_ToverifyLeadCreationPageOpenTest" class="method navigator-link" hash-for-method="verifyLeadPageOpen({RunMode=Yes, Password=acid_qa, Role=BRO, UserName=axisadmin, TC No=TC14})">verifyLeadPageOpen({RunMode=Yes, Password=acid_qa, Role=BRO, UserName=axisadmin, TC No=TC14})</a> <!-- method navigator-link -->
                      </span>
                      <br/>
                      <span>
                        <img src="skipped.png" width="3%"/>
                        <a href="#" panel-name="suite-Axis_Sanity_Framework" title="com.crm.testcases.TC16_LeadSearchTest" class="method navigator-link" hash-for-method="verifyLeadSearch({TC No=TC16, Mobile=9000004610, PAN=CJJPS7157Z, Email=test1731@gmail.com, UserName=axisadmin, Passwo...)">verifyLeadSearch({TC No=TC16, Mobile=9000004610, PAN=CJJPS7157Z, Email=test1731@gmail.com, UserName=axisadmin, Passwo...)</a> <!-- method navigator-link -->
                      </span>
                      <br/>
                      <span>
                        <img src="skipped.png" width="3%"/>
                        <a href="#" panel-name="suite-Axis_Sanity_Framework" title="com.crm.testcases.TC48_ToVerfiyListOfFilterDisplayInReportsTest" class="method navigator-link" hash-for-method="verifyListOfFiltersReports({Password=acid_qa, SerialNo=1234567891, Date=30/12/2022, SRNumber=221229042285, SupervisorPassword=a...)">verifyListOfFiltersReports({Password=acid_qa, SerialNo=1234567891, Date=30/12/2022, SRNumber=221229042285, SupervisorPassword=a...)</a> <!-- method navigator-link -->
                      </span>
                      <br/>
                      <span>
                        <img src="skipped.png" width="3%"/>
                        <a href="#" panel-name="suite-Axis_Sanity_Framework" title="com.crm.testcases.TC15_ToVerifyNewLeadCreatedTest" class="method navigator-link" hash-for-method="verifyNewLeadIsCreated({Mobile=9000004610, Password=acid_qa, Role=BRO, Name=Mr., LeadSource=Walk-In, SubProduct=Activation,...)">verifyNewLeadIsCreated({Mobile=9000004610, Password=acid_qa, Role=BRO, Name=Mr., LeadSource=Walk-In, SubProduct=Activation,...)</a> <!-- method navigator-link -->
                      </span>
                      <br/>
                      <span>
                        <img src="skipped.png" width="3%"/>
                        <a href="#" panel-name="suite-Axis_Sanity_Framework" title="com.crm.testcases.TC04_ToverifyNewOfferCreatedOnAccountTest" class="method navigator-link" hash-for-method="verifyNewOfferCreatedOnAccount({Description=testoffer, CustomerID=000006289, TC No=TC04, UserName=axisadmin, Password=acid_qa, HotR...)">verifyNewOfferCreatedOnAccount({Description=testoffer, CustomerID=000006289, TC No=TC04, UserName=axisadmin, Password=acid_qa, HotR...)</a> <!-- method navigator-link -->
                      </span>
                      <br/>
                      <span>
                        <img src="skipped.png" width="3%"/>
                        <a href="#" panel-name="suite-Axis_Sanity_Framework" title="com.crm.testcases.TC25_ToverifyOfferCreationTest" class="method navigator-link" hash-for-method="verifyOfferCreation({SubProduct=Activation, RunMode=Yes, Password=acid_qa, Product=Axis Direct, Priority=1, Role=Adminis...)">verifyOfferCreation({SubProduct=Activation, RunMode=Yes, Password=acid_qa, Product=Axis Direct, Priority=1, Role=Adminis...)</a> <!-- method navigator-link -->
                      </span>
                      <br/>
                      <span>
                        <img src="skipped.png" width="3%"/>
                        <a href="#" panel-name="suite-Axis_Sanity_Framework" title="com.crm.testcases.TC24_ToverifyOfferCreationPageOpenTest" class="method navigator-link" hash-for-method="verifyOfferCreationPageOpen({RunMode=Yes, Password=acid_qa, Role=Administrator, UserName=axisadmin, TC No=TC24})">verifyOfferCreationPageOpen({RunMode=Yes, Password=acid_qa, Role=Administrator, UserName=axisadmin, TC No=TC24})</a> <!-- method navigator-link -->
                      </span>
                      <br/>
                      <span>
                        <img src="skipped.png" width="3%"/>
                        <a href="#" panel-name="suite-Axis_Sanity_Framework" title="com.crm.testcases.TC10_ToVerifyPaginationAndOrderByOnAppointmentListingTest" class="method navigator-link" hash-for-method="verifyPaginationOnApppointment({RunMode=Yes, Password=acid_qa, Role=BRO, UserName=axisadmin, TC No=TC10})">verifyPaginationOnApppointment({RunMode=Yes, Password=acid_qa, Role=BRO, UserName=axisadmin, TC No=TC10})</a> <!-- method navigator-link -->
                      </span>
                      <br/>
                      <span>
                        <img src="skipped.png" width="3%"/>
                        <a href="#" panel-name="suite-Axis_Sanity_Framework" title="com.crm.testcases.TC22_ToverifyPaginationAndOrderByOnLeadListingPageTest" class="method navigator-link" hash-for-method="verifyPaginationOnLead({RunMode=Yes, Password=acid_qa, Role=BRO, UserName=axisadmin, TC No=TC22})">verifyPaginationOnLead({RunMode=Yes, Password=acid_qa, Role=BRO, UserName=axisadmin, TC No=TC22})</a> <!-- method navigator-link -->
                      </span>
                      <br/>
                      <span>
                        <img src="skipped.png" width="3%"/>
                        <a href="#" panel-name="suite-Axis_Sanity_Framework" title="com.crm.testcases.TC44_ToVerifyReportsAddedToQuickLinksTest" class="method navigator-link" hash-for-method="verifyReportsAddedToQuicklinks({RunMode=Yes, Password=acid_qa, Role=Administrator, UserName=axisadmin, TC No=TC44})">verifyReportsAddedToQuicklinks({RunMode=Yes, Password=acid_qa, Role=Administrator, UserName=axisadmin, TC No=TC44})</a> <!-- method navigator-link -->
                      </span>
                      <br/>
                      <span>
                        <img src="skipped.png" width="3%"/>
                        <a href="#" panel-name="suite-Axis_Sanity_Framework" title="com.crm.testcases.TC42_ToVerifyReportsOpenProperlyTest" class="method navigator-link" hash-for-method="verifyReportsOpenProperly({RunMode=Yes, Password=axis@123, UserName=dpdissupervisor, TC No=TC42})">verifyReportsOpenProperly({RunMode=Yes, Password=axis@123, UserName=dpdissupervisor, TC No=TC42})</a> <!-- method navigator-link -->
                      </span>
                      <br/>
                      <span>
                        <img src="skipped.png" width="3%"/>
                        <a href="#" panel-name="suite-Axis_Sanity_Framework" title="com.crm.testcases.TC31_TOverifySREditedByAssignedUserTest" class="method navigator-link" hash-for-method="verifySREditedByAssignedToUser({AccountCardDetailSearchParameter=Prospect Customer, SubFunction=Customer Details Maintenance, SRNum...)">verifySREditedByAssignedToUser({AccountCardDetailSearchParameter=Prospect Customer, SubFunction=Customer Details Maintenance, SRNum...)</a> <!-- method navigator-link -->
                      </span>
                      <br/>
                      <span>
                        <img src="skipped.png" width="3%"/>
                        <a href="#" panel-name="suite-Axis_Sanity_Framework" title="com.crm.testcases.TC32_ToVerifySRHistoryPageTest" class="method navigator-link" hash-for-method="verifySRHistoryPage({Password=acid_qa, STATEMENTNOTRECEIVED=NO, Missedpaymentdate=, Preferrableaddress=Work, SRNumber=22...)">verifySRHistoryPage({Password=acid_qa, STATEMENTNOTRECEIVED=NO, Missedpaymentdate=, Preferrableaddress=Work, SRNumber=22...)</a> <!-- method navigator-link -->
                      </span>
                      <br/>
                      <span>
                        <img src="skipped.png" width="3%"/>
                        <a href="#" panel-name="suite-Axis_Sanity_Framework" title="com.crm.testcases.TC28_ToVerifySRIsAssignedToUserTest" class="method navigator-link" hash-for-method="verifySRIsAssignedToUser({AccountCardDetailSearchParameter=Prospect Customer, SubFunction=Customer Details Maintenance, SRNum...)">verifySRIsAssignedToUser({AccountCardDetailSearchParameter=Prospect Customer, SubFunction=Customer Details Maintenance, SRNum...)</a> <!-- method navigator-link -->
                      </span>
                      <br/>
                      <span>
                        <img src="skipped.png" width="3%"/>
                        <a href="#" panel-name="suite-Axis_Sanity_Framework" title="com.crm.testcases.TC27_ToverifySRIsGettingCreatedTest" class="method navigator-link" hash-for-method="verifySRIsCreated({AccountCardDetailSearchParameter=Prospect Customer, SubFunction=Customer Details Maintenance, SRNum...)">verifySRIsCreated({AccountCardDetailSearchParameter=Prospect Customer, SubFunction=Customer Details Maintenance, SRNum...)</a> <!-- method navigator-link -->
                      </span>
                      <br/>
                      <span>
                        <img src="skipped.png" width="3%"/>
                        <a href="#" panel-name="suite-Axis_Sanity_Framework" title="com.crm.testcases.TC30_ToVerifySRSearchTest" class="method navigator-link" hash-for-method="verifySRSearch({Password=acid_qa, ProductType=Cheque, ClientCode=0000001098, SRNumber=221229042270, PickUpAddress=A...)">verifySRSearch({Password=acid_qa, ProductType=Cheque, ClientCode=0000001098, SRNumber=221229042270, PickUpAddress=A...)</a> <!-- method navigator-link -->
                      </span>
                      <br/>
                      <span>
                        <img src="skipped.png" width="3%"/>
                        <a href="#" panel-name="suite-Axis_Sanity_Framework" title="com.crm.testcases.TC29_ToVerifySRVisibleInViewsTest" class="method navigator-link" hash-for-method="verifySRVisibleInViews({AccountCardDetailSearchParameter=Prospect Customer, SubFunction=Customer Details Maintenance, SRNum...)">verifySRVisibleInViews({AccountCardDetailSearchParameter=Prospect Customer, SubFunction=Customer Details Maintenance, SRNum...)</a> <!-- method navigator-link -->
                      </span>
                      <br/>
                      <span>
                        <img src="skipped.png" width="3%"/>
                        <a href="#" panel-name="suite-Axis_Sanity_Framework" title="com.crm.testcases.TC11_ToVerifyScheduledAppointmentTest" class="method navigator-link" hash-for-method="verifyScheduledAppointment({Subject=appointment3902, RunMode=Yes, Password=acid_qa, Role=BRO, ActivityID=06035433, UserName=axi...)">verifyScheduledAppointment({Subject=appointment3902, RunMode=Yes, Password=acid_qa, Role=BRO, ActivityID=06035433, UserName=axi...)</a> <!-- method navigator-link -->
                      </span>
                      <br/>
                      <span>
                        <img src="skipped.png" width="3%"/>
                        <a href="#" panel-name="suite-Axis_Sanity_Framework" title="com.crm.testcases.TC40_ToverifyStandardSRProcessTest" class="method navigator-link" hash-for-method="verifyStandardSRProcess({Password=acid_qa, STATEMENTNOTRECEIVED=NO, Missedpaymentdate=, Preferrableaddress=Work, SRNumber=22...)">verifyStandardSRProcess({Password=acid_qa, STATEMENTNOTRECEIVED=NO, Missedpaymentdate=, Preferrableaddress=Work, SRNumber=22...)</a> <!-- method navigator-link -->
                      </span>
                      <br/>
                      <span>
                        <img src="skipped.png" width="3%"/>
                        <a href="#" panel-name="suite-Axis_Sanity_Framework" title="com.crm.testcases.TC47_ToVerifySummaryPageTest" class="method navigator-link" hash-for-method="verifySummaryPage({Subject=appointment2371, RunMode=Yes, Password=acid_qa, LeadID=300088760, Role=BRO, UserName=axisad...)">verifySummaryPage({Subject=appointment2371, RunMode=Yes, Password=acid_qa, LeadID=300088760, Role=BRO, UserName=axisad...)</a> <!-- method navigator-link -->
                      </span>
                      <br/>
                      <span>
                        <img src="skipped.png" width="3%"/>
                        <a href="#" panel-name="suite-Axis_Sanity_Framework" title="com.crm.testcases.TC05_ToverifyTabsVisibleOnAccountTest" class="method navigator-link" hash-for-method="verifyTabsVisibleOnAccount({RunMode=Yes, Password=acid_qa, Role=BRO, UserName=axisadmin, TC No=TC05})">verifyTabsVisibleOnAccount({RunMode=Yes, Password=acid_qa, Role=BRO, UserName=axisadmin, TC No=TC05})</a> <!-- method navigator-link -->
                      </span>
                      <br/>
                      <span>
                        <img src="skipped.png" width="3%"/>
                        <a href="#" panel-name="suite-Axis_Sanity_Framework" title="com.crm.testcases.TC20_ToverifyTaskCreatedOnLeadTest" class="method navigator-link" hash-for-method="verifyTaskCreatedOnLead({Subject=task4151, RunMode=Yes, Password=acid_qa, LeadID=300088760, Role=BRO, Description=taskcreati...)">verifyTaskCreatedOnLead({Subject=task4151, RunMode=Yes, Password=acid_qa, LeadID=300088760, Role=BRO, Description=taskcreati...)</a> <!-- method navigator-link -->
                      </span>
                      <br/>
                      <span>
                        <img src="skipped.png" width="3%"/>
                        <a href="#" panel-name="suite-Axis_Sanity_Framework" title="com.crm.testcases.TC36_ToverifyTaskCreationTest" class="method navigator-link" hash-for-method="verifyTaskCreation({Subject=task9348, RunMode=Yes, Password=acid_qa, Role=BRO, Description=taskcreation, UserName=axisa...)">verifyTaskCreation({Subject=task9348, RunMode=Yes, Password=acid_qa, Role=BRO, Description=taskcreation, UserName=axisa...)</a> <!-- method navigator-link -->
                      </span>
                      <br/>
                      <span>
                        <img src="skipped.png" width="3%"/>
                        <a href="#" panel-name="suite-Axis_Sanity_Framework" title="com.crm.testcases.TC41_ToVerifyListOfReportsDisplayTest" class="method navigator-link" hash-for-method="verifylistofReportsDisplay({RunMode=Yes, Password=axis@123, UserName=dpdissupervisor, TC No=TC41})">verifylistofReportsDisplay({RunMode=Yes, Password=axis@123, UserName=dpdissupervisor, TC No=TC41})</a> <!-- method navigator-link -->
                      </span>
                      <br/>
                    </div> <!-- method-list-content skipped suite-Axis_Sanity_Framework -->
                  </li>
                  <li>
                    <span class="method-list-title passed">Passed methods</span>
                    <span class="show-or-hide-methods passed">
                      <a href="#" panel-name="suite-Axis_Sanity_Framework" class="hide-methods passed suite-Axis_Sanity_Framework"> (hide)</a> <!-- hide-methods passed suite-Axis_Sanity_Framework -->
                      <a href="#" panel-name="suite-Axis_Sanity_Framework" class="show-methods passed suite-Axis_Sanity_Framework"> (show)</a> <!-- show-methods passed suite-Axis_Sanity_Framework -->
                    </span>
                    <div class="method-list-content passed suite-Axis_Sanity_Framework">
                      <span>
                        <img src="passed.png" width="3%"/>
                        <a href="#" panel-name="suite-Axis_Sanity_Framework" title="com.crm.testcases.TC26_ToVerifyonEditOffersAlldataDisplayInEditPageTest" class="method navigator-link" hash-for-method="VerifyEditOnOffers({SubProduct=Activation, RunMode=Yes, Password=acid_qa, Product=Axis Direct, Priority=1, Role=Adminis...)">VerifyEditOnOffers({SubProduct=Activation, RunMode=Yes, Password=acid_qa, Product=Axis Direct, Priority=1, Role=Adminis...)</a> <!-- method navigator-link -->
                      </span>
                      <br/>
                    </div> <!-- method-list-content passed suite-Axis_Sanity_Framework -->
                  </li>
                </ul>
              </div> <!-- suite-section-content -->
            </div> <!-- result-section -->
          </div> <!-- navigator-suite-content -->
        </div> <!-- rounded-window -->
      </div> <!-- suite -->
    </div> <!-- navigator-root -->
    <div class="wrapper">
      <div class="main-panel-root">
        <div panel-name="suite-Axis_Sanity_Framework" class="panel Axis_Sanity_Framework">
          <div class="suite-Axis_Sanity_Framework-class-skipped">
            <div class="main-panel-header rounded-window-top">
              <img src="skipped.png"/>
              <span class="class-name">com.crm.testcases.TC38_ToverifyConditionalAccessTest</span>
            </div> <!-- main-panel-header rounded-window-top -->
            <div class="main-panel-content rounded-window-bottom">
              <div class="method">
                <div class="method-content">
                  <a name="verifyConditionalAccess({AccountCardDetailSearchParameter=Prospect Customer, SubFunction=Customer Details Maintenance, SRNum...)">
                  </a> <!-- verifyConditionalAccess({AccountCardDetailSearchParameter=Prospect Customer, SubFunction=Customer Details Maintenance, SRNum...) -->
                  <span class="method-name">verifyConditionalAccess</span>
                  <span class="parameters">({AccountCardDetailSearchParameter=Prospect Customer, SubFunction=Customer Details Maintenance, SRNumber=221229042275, AssignedTo=locadmin3, Function=Account Maintenance, TC No=TC38, NatureofQuery=Request, MakerUserName=maker1, SubSubFunction=CIF ID Replacement And Suspension, LocAdminUserName=locadmin3, UserName=initiator, LodgementUserTeam=CPU Dedupe, Product=PCS, CheckerUserName=checker1, Password=acid_qa, RunMode=Yes, LodgementRemarks=test})</span>
                  <div class="stack-trace">org.testng.SkipException: Skipping the test TO VERIFY CONDITIONAL ACCESSas the Run mode is NO
	at com.crm.testcases.TC38_ToverifyConditionalAccessTest.verifyConditionalAccess(TC38_ToverifyConditionalAccessTest.java:36)
	at java.base/java.util.ArrayList.forEach(ArrayList.java:1511)
... Removed 25 stack frames
</div> <!-- stack-trace -->
                </div> <!-- method-content -->
              </div> <!-- method -->
            </div> <!-- main-panel-content rounded-window-bottom -->
          </div> <!-- suite-Axis_Sanity_Framework-class-skipped -->
          <div class="suite-Axis_Sanity_Framework-class-skipped">
            <div class="main-panel-header rounded-window-top">
              <img src="skipped.png"/>
              <span class="class-name">com.crm.testcases.TC35_ToVerifyCalendarAppointmentCreationTest</span>
            </div> <!-- main-panel-header rounded-window-top -->
            <div class="main-panel-content rounded-window-bottom">
              <div class="method">
                <div class="method-content">
                  <a name="VerifyCalendarAppointment({Subject=appointment2371, ClientSegmentCode=Others, RunMode=Yes, Password=acid_qa, Reason=Others, Ro...)">
                  </a> <!-- VerifyCalendarAppointment({Subject=appointment2371, ClientSegmentCode=Others, RunMode=Yes, Password=acid_qa, Reason=Others, Ro...) -->
                  <span class="method-name">VerifyCalendarAppointment</span>
                  <span class="parameters">({Subject=appointment2371, ClientSegmentCode=Others, RunMode=Yes, Password=acid_qa, Reason=Others, Role=BRO, UserName=axisadmin, TC No=TC35})</span>
                  <div class="stack-trace">org.testng.SkipException: Skipping the test VERIFYCALENDARAPPOINTMENTas the Run mode is NO
	at com.crm.testcases.TC35_ToVerifyCalendarAppointmentCreationTest.VerifyCalendarAppointment(TC35_ToVerifyCalendarAppointmentCreationTest.java:36)
	at java.base/java.util.ArrayList.forEach(ArrayList.java:1511)
... Removed 25 stack frames
</div> <!-- stack-trace -->
                </div> <!-- method-content -->
              </div> <!-- method -->
            </div> <!-- main-panel-content rounded-window-bottom -->
          </div> <!-- suite-Axis_Sanity_Framework-class-skipped -->
          <div class="suite-Axis_Sanity_Framework-class-skipped">
            <div class="main-panel-header rounded-window-top">
              <img src="skipped.png"/>
              <span class="class-name">com.crm.testcases.TC16_LeadSearchTest</span>
            </div> <!-- main-panel-header rounded-window-top -->
            <div class="main-panel-content rounded-window-bottom">
              <div class="method">
                <div class="method-content">
                  <a name="verifyLeadSearch({TC No=TC16, Mobile=9000004610, PAN=CJJPS7157Z, Email=test1731@gmail.com, UserName=axisadmin, Passwo...)">
                  </a> <!-- verifyLeadSearch({TC No=TC16, Mobile=9000004610, PAN=CJJPS7157Z, Email=test1731@gmail.com, UserName=axisadmin, Passwo...) -->
                  <span class="method-name">verifyLeadSearch</span>
                  <span class="parameters">({TC No=TC16, Mobile=9000004610, PAN=CJJPS7157Z, Email=test1731@gmail.com, UserName=axisadmin, Password=acid_qa, LeadID=300088760, RunMode=Yes, Role=BRO})</span>
                  <div class="stack-trace">org.testng.SkipException: Skipping the test VERIFYLEADSEARCHas the Run mode is NO
	at com.crm.testcases.TC16_LeadSearchTest.verifyLeadSearch(TC16_LeadSearchTest.java:41)
	at java.base/java.util.ArrayList.forEach(ArrayList.java:1511)
... Removed 25 stack frames
</div> <!-- stack-trace -->
                </div> <!-- method-content -->
              </div> <!-- method -->
            </div> <!-- main-panel-content rounded-window-bottom -->
          </div> <!-- suite-Axis_Sanity_Framework-class-skipped -->
          <div class="suite-Axis_Sanity_Framework-class-skipped">
            <div class="main-panel-header rounded-window-top">
              <img src="skipped.png"/>
              <span class="class-name">com.crm.testcases.TC17_ToVerifyEditLeadAllDataDisplayInEditPageTest</span>
            </div> <!-- main-panel-header rounded-window-top -->
            <div class="main-panel-content rounded-window-bottom">
              <div class="method">
                <div class="method-content">
                  <a name="verifyEditLead({Mobile=9000004610, Password=acid_qa, Role=BRO, LeadSource=Walk-In, SubProduct=Activation, LeadDescr...)">
                  </a> <!-- verifyEditLead({Mobile=9000004610, Password=acid_qa, Role=BRO, LeadSource=Walk-In, SubProduct=Activation, LeadDescr...) -->
                  <span class="method-name">verifyEditLead</span>
                  <span class="parameters">({Mobile=9000004610, Password=acid_qa, Role=BRO, LeadSource=Walk-In, SubProduct=Activation, LeadDescription=lead creation, UserName=axisadmin, Branch=ALT004: Mumbai, LastName=leadlastname, LeadID=300088760, Subsource=AXIS Dept, Product=Axis Direct, FirstName=lead6280, TC No=TC17, RunMode=Yes, PAN=CJJPS7157Z, Address=Andheri,Chakala, DateofBirth=27/04/2022, Email=test1731@gmail.com})</span>
                  <div class="stack-trace">org.testng.SkipException: Skipping the test VERIFYEDITLEAD as the Run mode is NO
	at com.crm.testcases.TC17_ToVerifyEditLeadAllDataDisplayInEditPageTest.verifyEditLead(TC17_ToVerifyEditLeadAllDataDisplayInEditPageTest.java:38)
	at java.base/java.util.ArrayList.forEach(ArrayList.java:1511)
... Removed 25 stack frames
</div> <!-- stack-trace -->
                </div> <!-- method-content -->
              </div> <!-- method -->
            </div> <!-- main-panel-content rounded-window-bottom -->
          </div> <!-- suite-Axis_Sanity_Framework-class-skipped -->
          <div class="suite-Axis_Sanity_Framework-class-skipped">
            <div class="main-panel-header rounded-window-top">
              <img src="skipped.png"/>
              <span class="class-name">com.crm.testcases.TC21_ToverifyLeadHistoryPageTest</span>
            </div> <!-- main-panel-header rounded-window-top -->
            <div class="main-panel-content rounded-window-bottom">
              <div class="method">
                <div class="method-content">
                  <a name="verifyLeadHistoryPage({RunMode=Yes, Password=acid_qa, LeadID=300088760, Role=BRO, UserName=axisadmin, TC No=TC21})">
                  </a> <!-- verifyLeadHistoryPage({RunMode=Yes, Password=acid_qa, LeadID=300088760, Role=BRO, UserName=axisadmin, TC No=TC21}) -->
                  <span class="method-name">verifyLeadHistoryPage</span>
                  <span class="parameters">({RunMode=Yes, Password=acid_qa, LeadID=300088760, Role=BRO, UserName=axisadmin, TC No=TC21})</span>
                  <div class="stack-trace">org.testng.SkipException: Skipping the test VERIFYLEADHISTORYPAGEas the Run mode is NO
	at com.crm.testcases.TC21_ToverifyLeadHistoryPageTest.verifyLeadHistoryPage(TC21_ToverifyLeadHistoryPageTest.java:40)
	at java.base/java.util.ArrayList.forEach(ArrayList.java:1511)
... Removed 25 stack frames
</div> <!-- stack-trace -->
                </div> <!-- method-content -->
              </div> <!-- method -->
            </div> <!-- main-panel-content rounded-window-bottom -->
          </div> <!-- suite-Axis_Sanity_Framework-class-skipped -->
          <div class="suite-Axis_Sanity_Framework-class-skipped">
            <div class="main-panel-header rounded-window-top">
              <img src="skipped.png"/>
              <span class="class-name">com.crm.testcases.TC27_ToverifySRIsGettingCreatedTest</span>
            </div> <!-- main-panel-header rounded-window-top -->
            <div class="main-panel-content rounded-window-bottom">
              <div class="method">
                <div class="method-content">
                  <a name="verifySRIsCreated({AccountCardDetailSearchParameter=Prospect Customer, SubFunction=Customer Details Maintenance, SRNum...)">
                  </a> <!-- verifySRIsCreated({AccountCardDetailSearchParameter=Prospect Customer, SubFunction=Customer Details Maintenance, SRNum...) -->
                  <span class="method-name">verifySRIsCreated</span>
                  <span class="parameters">({AccountCardDetailSearchParameter=Prospect Customer, SubFunction=Customer Details Maintenance, SRNumber=221229042268, AssignedTo=locadmin3, Function=Account Maintenance, TC No=TC27, NatureofQuery=Request, SubSubFunction=CIF ID Replacement And Suspension, UserName=initiator, LodgementUserTeam=CPU Dedupe, Product=PCS, Password=acid_qa, RunMode=Yes, password=acid_qa, LodgementRemarks=test})</span>
                  <div class="stack-trace">org.testng.SkipException: Skipping the test TO VERFIY SR IS CREATEDas the Run mode is NO
	at com.crm.testcases.TC27_ToverifySRIsGettingCreatedTest.verifySRIsCreated(TC27_ToverifySRIsGettingCreatedTest.java:37)
	at java.base/java.util.ArrayList.forEach(ArrayList.java:1511)
... Removed 25 stack frames
</div> <!-- stack-trace -->
                </div> <!-- method-content -->
              </div> <!-- method -->
            </div> <!-- main-panel-content rounded-window-bottom -->
          </div> <!-- suite-Axis_Sanity_Framework-class-skipped -->
          <div class="suite-Axis_Sanity_Framework-class-skipped">
            <div class="main-panel-header rounded-window-top">
              <img src="skipped.png"/>
              <span class="class-name">com.crm.testcases.TC14_ToverifyLeadCreationPageOpenTest</span>
            </div> <!-- main-panel-header rounded-window-top -->
            <div class="main-panel-content rounded-window-bottom">
              <div class="method">
                <div class="method-content">
                  <a name="verifyLeadPageOpen({RunMode=Yes, Password=acid_qa, Role=BRO, UserName=axisadmin, TC No=TC14})">
                  </a> <!-- verifyLeadPageOpen({RunMode=Yes, Password=acid_qa, Role=BRO, UserName=axisadmin, TC No=TC14}) -->
                  <span class="method-name">verifyLeadPageOpen</span>
                  <span class="parameters">({RunMode=Yes, Password=acid_qa, Role=BRO, UserName=axisadmin, TC No=TC14})</span>
                  <div class="stack-trace">org.testng.SkipException: Skipping the test VERIFYLEADPAGEOPENas the Run mode is NO
	at com.crm.testcases.TC14_ToverifyLeadCreationPageOpenTest.verifyLeadPageOpen(TC14_ToverifyLeadCreationPageOpenTest.java:34)
	at java.base/java.util.ArrayList.forEach(ArrayList.java:1511)
... Removed 25 stack frames
</div> <!-- stack-trace -->
                </div> <!-- method-content -->
              </div> <!-- method -->
            </div> <!-- main-panel-content rounded-window-bottom -->
          </div> <!-- suite-Axis_Sanity_Framework-class-skipped -->
          <div class="suite-Axis_Sanity_Framework-class-skipped">
            <div class="main-panel-header rounded-window-top">
              <img src="skipped.png"/>
              <span class="class-name">com.crm.testcases.TC13_ToverifyCreatedActivityClosedTest</span>
            </div> <!-- main-panel-header rounded-window-top -->
            <div class="main-panel-content rounded-window-bottom">
              <div class="method">
                <div class="method-content">
                  <a name="verifyCreatedActivityClosed({TypeofContact=Email, Password=acid_qa, CustomerName=test, Role=BRO, CommunicationSent=Yes, Details=...)">
                  </a> <!-- verifyCreatedActivityClosed({TypeofContact=Email, Password=acid_qa, CustomerName=test, Role=BRO, CommunicationSent=Yes, Details=...) -->
                  <span class="method-name">verifyCreatedActivityClosed</span>
                  <span class="parameters">({TypeofContact=Email, Password=acid_qa, CustomerName=test, Role=BRO, CommunicationSent=Yes, Details=appointmentcreation, Subject=appointment3902, JointCall=No, UserName=axisadmin, TypeOfCustomer=Priority, AssignedTo=, MobileNumber=9000002044, TC No=TC13, RunMode=Yes, Reason=, ActivityID=06035433, ProductPitched=No, ClientSegmentCode=})</span>
                  <div class="stack-trace">org.testng.SkipException: Skipping the test VERIFYCREATEDACTIVITYCLOSEDas the Run mode is NO
	at com.crm.testcases.TC13_ToverifyCreatedActivityClosedTest.verifyCreatedActivityClosed(TC13_ToverifyCreatedActivityClosedTest.java:36)
	at java.base/java.util.ArrayList.forEach(ArrayList.java:1511)
... Removed 25 stack frames
</div> <!-- stack-trace -->
                </div> <!-- method-content -->
              </div> <!-- method -->
            </div> <!-- main-panel-content rounded-window-bottom -->
          </div> <!-- suite-Axis_Sanity_Framework-class-skipped -->
          <div class="suite-Axis_Sanity_Framework-class-skipped">
            <div class="main-panel-header rounded-window-top">
              <img src="skipped.png"/>
              <span class="class-name">com.crm.testcases.TC45_VerfyEmailSentToExistingSRTest</span>
            </div> <!-- main-panel-header rounded-window-top -->
            <div class="main-panel-content rounded-window-bottom">
              <div class="method">
                <div class="method-content">
                  <a name="verifyEmailSentToExistingSR({EmailBCC=rahul.jadhav@crmnext.com, Password=acid_qa, ProductType=Cheque, ClientCode=0000003911, SRN...)">
                  </a> <!-- verifyEmailSentToExistingSR({EmailBCC=rahul.jadhav@crmnext.com, Password=acid_qa, ProductType=Cheque, ClientCode=0000003911, SRN...) -->
                  <span class="method-name">verifyEmailSentToExistingSR</span>
                  <span class="parameters">({EmailBCC=rahul.jadhav@crmnext.com, Password=acid_qa, ProductType=Cheque, ClientCode=0000003911, SRNumber=221218042073, PickUpAddress=Andheri, NatureofQuery=Request, Function=CMS LOGISTICS, CIFID=000006267, UserName=ccpho1, EmailTO=kumuad.sagar@crmnext.com, EmailBody=The date is ready to move, CommunicationEmailId=test6674@gmail.com, Product=Collection, TC No=TC45, RunMode=Yes, BriefDescription=test, SubSubFunction=FOR CASH/CHEQUE/CASH DELIVERY/CHEQUE DELIVERY/CDM, PickUpFrequency=On Call, EmailSubject=EXCEL DATA READ, SubFunction=FEASIBILITY CHECKING WITH VENDOR, CorporateName=corporatename8377, EmailCC=ashwin.paikat@crmnext.com})</span>
                  <div class="stack-trace">org.testng.SkipException: Skipping the test VERIFYEMAILSENTTOEXISTINGSRas the Run mode is NO
	at com.crm.testcases.TC45_VerfyEmailSentToExistingSRTest.verifyEmailSentToExistingSR(TC45_VerfyEmailSentToExistingSRTest.java:36)
	at java.base/java.util.ArrayList.forEach(ArrayList.java:1511)
... Removed 25 stack frames
</div> <!-- stack-trace -->
                </div> <!-- method-content -->
              </div> <!-- method -->
            </div> <!-- main-panel-content rounded-window-bottom -->
          </div> <!-- suite-Axis_Sanity_Framework-class-skipped -->
          <div class="suite-Axis_Sanity_Framework-class-skipped">
            <div class="main-panel-header rounded-window-top">
              <img src="skipped.png"/>
              <span class="class-name">com.crm.testcases.TC01_ToverifyAccountIsCreatedTest</span>
            </div> <!-- main-panel-header rounded-window-top -->
            <div class="main-panel-content rounded-window-bottom">
              <div class="method">
                <div class="method-content">
                  <a name="verifyAccountIsCreated({LeadSource=Outbound Call, CustomerID=000006289, TC No=TC01, Mobile=9000000208, PAN=CJJPS4758Z, Emai...)">
                  </a> <!-- verifyAccountIsCreated({LeadSource=Outbound Call, CustomerID=000006289, TC No=TC01, Mobile=9000000208, PAN=CJJPS4758Z, Emai...) -->
                  <span class="method-name">verifyAccountIsCreated</span>
                  <span class="parameters">({LeadSource=Outbound Call, CustomerID=000006289, TC No=TC01, Mobile=9000000208, PAN=CJJPS4758Z, Email=test2074@gmail.com, CustomerType=NTB, UserName=axisadmin, Title=title, Password=acid_qa, ShortName=tests, RunMode=Yes, Territory=ALT004: Mumbai, Gender=Female, Role=Administrator, CustomerName=account7813})</span>
                  <div class="stack-trace">org.testng.SkipException: Skipping the test VERIFY ACCOUNT IS CREATEDas the Run mode is NO
	at com.crm.testcases.TC01_ToverifyAccountIsCreatedTest.verifyAccountIsCreated(TC01_ToverifyAccountIsCreatedTest.java:36)
	at java.base/java.util.ArrayList.forEach(ArrayList.java:1511)
... Removed 25 stack frames
</div> <!-- stack-trace -->
                </div> <!-- method-content -->
              </div> <!-- method -->
            </div> <!-- main-panel-content rounded-window-bottom -->
          </div> <!-- suite-Axis_Sanity_Framework-class-skipped -->
          <div class="suite-Axis_Sanity_Framework-class-skipped">
            <div class="main-panel-header rounded-window-top">
              <img src="skipped.png"/>
              <span class="class-name">com.crm.testcases.TC44_ToVerifyReportsAddedToQuickLinksTest</span>
            </div> <!-- main-panel-header rounded-window-top -->
            <div class="main-panel-content rounded-window-bottom">
              <div class="method">
                <div class="method-content">
                  <a name="verifyReportsAddedToQuicklinks({RunMode=Yes, Password=acid_qa, Role=Administrator, UserName=axisadmin, TC No=TC44})">
                  </a> <!-- verifyReportsAddedToQuicklinks({RunMode=Yes, Password=acid_qa, Role=Administrator, UserName=axisadmin, TC No=TC44}) -->
                  <span class="method-name">verifyReportsAddedToQuicklinks</span>
                  <span class="parameters">({RunMode=Yes, Password=acid_qa, Role=Administrator, UserName=axisadmin, TC No=TC44})</span>
                  <div class="stack-trace">org.testng.SkipException: Skipping the test VERIFYREPORTSADDEDTOQUICKLINKSas the Run mode is NO
	at com.crm.testcases.TC44_ToVerifyReportsAddedToQuickLinksTest.verifyReportsAddedToQuicklinks(TC44_ToVerifyReportsAddedToQuickLinksTest.java:35)
	at java.base/java.util.ArrayList.forEach(ArrayList.java:1511)
... Removed 25 stack frames
</div> <!-- stack-trace -->
                </div> <!-- method-content -->
              </div> <!-- method -->
            </div> <!-- main-panel-content rounded-window-bottom -->
          </div> <!-- suite-Axis_Sanity_Framework-class-skipped -->
          <div class="suite-Axis_Sanity_Framework-class-skipped">
            <div class="main-panel-header rounded-window-top">
              <img src="skipped.png"/>
              <span class="class-name">com.crm.testcases.TC11_ToVerifyScheduledAppointmentTest</span>
            </div> <!-- main-panel-header rounded-window-top -->
            <div class="main-panel-content rounded-window-bottom">
              <div class="method">
                <div class="method-content">
                  <a name="verifyScheduledAppointment({Subject=appointment3902, RunMode=Yes, Password=acid_qa, Role=BRO, ActivityID=06035433, UserName=axi...)">
                  </a> <!-- verifyScheduledAppointment({Subject=appointment3902, RunMode=Yes, Password=acid_qa, Role=BRO, ActivityID=06035433, UserName=axi...) -->
                  <span class="method-name">verifyScheduledAppointment</span>
                  <span class="parameters">({Subject=appointment3902, RunMode=Yes, Password=acid_qa, Role=BRO, ActivityID=06035433, UserName=axisadmin, TC No=TC11})</span>
                  <div class="stack-trace">org.testng.SkipException: Skipping the test VERIFYSCHEDULEDAPPOINTMENTas the Run mode is NO
	at com.crm.testcases.TC11_ToVerifyScheduledAppointmentTest.verifyScheduledAppointment(TC11_ToVerifyScheduledAppointmentTest.java:38)
	at java.base/java.util.ArrayList.forEach(ArrayList.java:1511)
... Removed 25 stack frames
</div> <!-- stack-trace -->
                </div> <!-- method-content -->
              </div> <!-- method -->
            </div> <!-- main-panel-content rounded-window-bottom -->
          </div> <!-- suite-Axis_Sanity_Framework-class-skipped -->
          <div class="suite-Axis_Sanity_Framework-class-skipped">
            <div class="main-panel-header rounded-window-top">
              <img src="skipped.png"/>
              <span class="class-name">com.crm.testcases.TC25_ToverifyOfferCreationTest</span>
            </div> <!-- main-panel-header rounded-window-top -->
            <div class="main-panel-content rounded-window-bottom">
              <div class="method">
                <div class="method-content">
                  <a name="verifyOfferCreation({SubProduct=Activation, RunMode=Yes, Password=acid_qa, Product=Axis Direct, Priority=1, Role=Adminis...)">
                  </a> <!-- verifyOfferCreation({SubProduct=Activation, RunMode=Yes, Password=acid_qa, Product=Axis Direct, Priority=1, Role=Adminis...) -->
                  <span class="method-name">verifyOfferCreation</span>
                  <span class="parameters">({SubProduct=Activation, RunMode=Yes, Password=acid_qa, Product=Axis Direct, Priority=1, Role=Administrator, UserName=axisadmin, TC No=TC25})</span>
                  <div class="stack-trace">org.testng.SkipException: Skipping the test VERIFYOFFERCREATIONas the Run mode is NO
	at com.crm.testcases.TC25_ToverifyOfferCreationTest.verifyOfferCreation(TC25_ToverifyOfferCreationTest.java:37)
	at java.base/java.util.ArrayList.forEach(ArrayList.java:1511)
... Removed 25 stack frames
</div> <!-- stack-trace -->
                </div> <!-- method-content -->
              </div> <!-- method -->
            </div> <!-- main-panel-content rounded-window-bottom -->
          </div> <!-- suite-Axis_Sanity_Framework-class-skipped -->
          <div class="suite-Axis_Sanity_Framework-class-skipped">
            <div class="main-panel-header rounded-window-top">
              <img src="skipped.png"/>
              <span class="class-name">com.crm.testcases.TC12_ToVerfiyCategoryViewAppointmentTest</span>
            </div> <!-- main-panel-header rounded-window-top -->
            <div class="main-panel-content rounded-window-bottom">
              <div class="method">
                <div class="method-content">
                  <a name="verfiyCategoryViewAppointment({Subject=appointment3902, RunMode=Yes, Password=acid_qa, Role=BRO, ActivityID=06035433, UserName=axi...)">
                  </a> <!-- verfiyCategoryViewAppointment({Subject=appointment3902, RunMode=Yes, Password=acid_qa, Role=BRO, ActivityID=06035433, UserName=axi...) -->
                  <span class="method-name">verfiyCategoryViewAppointment</span>
                  <span class="parameters">({Subject=appointment3902, RunMode=Yes, Password=acid_qa, Role=BRO, ActivityID=06035433, UserName=axisadmin, TC No=TC12})</span>
                  <div class="stack-trace">org.testng.SkipException: Skipping the test VERFIYCATEGORYVIEWAPPOINTMENTas the Run mode is NO
	at com.crm.testcases.TC12_ToVerfiyCategoryViewAppointmentTest.verfiyCategoryViewAppointment(TC12_ToVerfiyCategoryViewAppointmentTest.java:38)
	at java.base/java.util.ArrayList.forEach(ArrayList.java:1511)
... Removed 25 stack frames
</div> <!-- stack-trace -->
                </div> <!-- method-content -->
              </div> <!-- method -->
            </div> <!-- main-panel-content rounded-window-bottom -->
          </div> <!-- suite-Axis_Sanity_Framework-class-skipped -->
          <div class="suite-Axis_Sanity_Framework-class-skipped">
            <div class="main-panel-header rounded-window-top">
              <img src="skipped.png"/>
              <span class="class-name">com.crm.testcases.TC09_ToverifyCreatedActivityToBeEditedTest</span>
            </div> <!-- main-panel-header rounded-window-top -->
            <div class="main-panel-content rounded-window-bottom">
              <div class="method">
                <div class="method-content">
                  <a name="verifyCreatedActivityEdited({Subject=appointment3902, TC No=TC09, AppointmentStatus=In Progress, ActivityID=06035433, TypeofCont...)">
                  </a> <!-- verifyCreatedActivityEdited({Subject=appointment3902, TC No=TC09, AppointmentStatus=In Progress, ActivityID=06035433, TypeofCont...) -->
                  <span class="method-name">verifyCreatedActivityEdited</span>
                  <span class="parameters">({Subject=appointment3902, TC No=TC09, AppointmentStatus=In Progress, ActivityID=06035433, TypeofContact=Email, UserName=axisadmin, Password=acid_qa, RunMode=Yes, Details=appointmentcreation, Role=BRO})</span>
                  <div class="stack-trace">org.testng.SkipException: Skipping the test VERIFYCREATEDACTIVITYEDITEDas the Run mode is NO
	at com.crm.testcases.TC09_ToverifyCreatedActivityToBeEditedTest.verifyCreatedActivityEdited(TC09_ToverifyCreatedActivityToBeEditedTest.java:35)
	at java.base/java.util.ArrayList.forEach(ArrayList.java:1511)
... Removed 25 stack frames
</div> <!-- stack-trace -->
                </div> <!-- method-content -->
              </div> <!-- method -->
            </div> <!-- main-panel-content rounded-window-bottom -->
          </div> <!-- suite-Axis_Sanity_Framework-class-skipped -->
          <div class="suite-Axis_Sanity_Framework-class-skipped">
            <div class="main-panel-header rounded-window-top">
              <img src="skipped.png"/>
              <span class="class-name">com.crm.testcases.TC02_ToverifyLeadIsCreatedOnAccountTest</span>
            </div> <!-- main-panel-header rounded-window-top -->
            <div class="main-panel-content rounded-window-bottom">
              <div class="method">
                <div class="method-content">
                  <a name="verifyLeadIsCreatedOnAccount({Description=testlead, LeadSource=Email, Subproduct=4-In-1, CustomerID=000006289, TC No=TC02, Altern...)">
                  </a> <!-- verifyLeadIsCreatedOnAccount({Description=testlead, LeadSource=Email, Subproduct=4-In-1, CustomerID=000006289, TC No=TC02, Altern...) -->
                  <span class="method-name">verifyLeadIsCreatedOnAccount</span>
                  <span class="parameters">({Description=testlead, LeadSource=Email, Subproduct=4-In-1, CustomerID=000006289, TC No=TC02, AlternateMobile=9876543211, UserName=axisadmin, Product=Axis Direct, Password=acid_qa, RunMode=Yes, Role=BRO, Branch=ALT004: Mumbai})</span>
                  <div class="stack-trace">org.testng.SkipException: Skipping the test VERIFYLEADISCREATEDONACCOUNTas the Run mode is NO
	at com.crm.testcases.TC02_ToverifyLeadIsCreatedOnAccountTest.verifyLeadIsCreatedOnAccount(TC02_ToverifyLeadIsCreatedOnAccountTest.java:40)
	at java.base/java.util.ArrayList.forEach(ArrayList.java:1511)
... Removed 25 stack frames
</div> <!-- stack-trace -->
                </div> <!-- method-content -->
              </div> <!-- method -->
            </div> <!-- main-panel-content rounded-window-bottom -->
          </div> <!-- suite-Axis_Sanity_Framework-class-skipped -->
          <div class="suite-Axis_Sanity_Framework-class-skipped">
            <div class="main-panel-header rounded-window-top">
              <img src="skipped.png"/>
              <span class="class-name">com.crm.testcases.TC33_ToVerifyDedupeRuleTest</span>
            </div> <!-- main-panel-header rounded-window-top -->
            <div class="main-panel-content rounded-window-bottom">
              <div class="method">
                <div class="method-content">
                  <a name="verifyDedupeRule({Password=acid_qa, ProductType=Cheque, ClientCode=0000006357, SRNumber=221229042273, PickUpAddress=A...)">
                  </a> <!-- verifyDedupeRule({Password=acid_qa, ProductType=Cheque, ClientCode=0000006357, SRNumber=221229042273, PickUpAddress=A...) -->
                  <span class="method-name">verifyDedupeRule</span>
                  <span class="parameters">({Password=acid_qa, ProductType=Cheque, ClientCode=0000006357, SRNumber=221229042273, PickUpAddress=Andheri, NatureofQuery=Request, Function=CMS LOGISTICS, CIFID=000008949, UserName=ccpho1, CommunicationEmailId=test0401@gmail.com, Product=Collection, TC No=TC33, RunMode=Yes, BriefDescription=test, SubSubFunction=FOR CASH/CHEQUE/CASH DELIVERY/CHEQUE DELIVERY/CDM, PickUpFrequency=On Call, SubFunction=FEASIBILITY CHECKING WITH VENDOR, CorporateName=corporatename7911})</span>
                  <div class="stack-trace">org.testng.SkipException: Skipping the test VERIFYDEDUPERULEas the Run mode is NO
	at com.crm.testcases.TC33_ToVerifyDedupeRuleTest.verifyDedupeRule(TC33_ToVerifyDedupeRuleTest.java:33)
	at java.base/java.util.ArrayList.forEach(ArrayList.java:1511)
... Removed 25 stack frames
</div> <!-- stack-trace -->
                </div> <!-- method-content -->
              </div> <!-- method -->
            </div> <!-- main-panel-content rounded-window-bottom -->
          </div> <!-- suite-Axis_Sanity_Framework-class-skipped -->
          <div class="suite-Axis_Sanity_Framework-class-skipped">
            <div class="main-panel-header rounded-window-top">
              <img src="skipped.png"/>
              <span class="class-name">com.crm.testcases.TC23_ToverifyCategoryViewLeadTest</span>
            </div> <!-- main-panel-header rounded-window-top -->
            <div class="main-panel-content rounded-window-bottom">
              <div class="method">
                <div class="method-content">
                  <a name="verifyCategoryViewLead({RunMode=Yes, Password=acid_qa, LeadID=300088760, Role=BRO, UserName=axisadmin, TC No=TC23})">
                  </a> <!-- verifyCategoryViewLead({RunMode=Yes, Password=acid_qa, LeadID=300088760, Role=BRO, UserName=axisadmin, TC No=TC23}) -->
                  <span class="method-name">verifyCategoryViewLead</span>
                  <span class="parameters">({RunMode=Yes, Password=acid_qa, LeadID=300088760, Role=BRO, UserName=axisadmin, TC No=TC23})</span>
                  <div class="stack-trace">org.testng.SkipException: Skipping the test VERIFYCATEGORYVIEWLEADas the Run mode is NO
	at com.crm.testcases.TC23_ToverifyCategoryViewLeadTest.verifyCategoryViewLead(TC23_ToverifyCategoryViewLeadTest.java:35)
	at java.base/java.util.ArrayList.forEach(ArrayList.java:1511)
... Removed 25 stack frames
</div> <!-- stack-trace -->
                </div> <!-- method-content -->
              </div> <!-- method -->
            </div> <!-- main-panel-content rounded-window-bottom -->
          </div> <!-- suite-Axis_Sanity_Framework-class-skipped -->
          <div class="suite-Axis_Sanity_Framework-class-skipped">
            <div class="main-panel-header rounded-window-top">
              <img src="skipped.png"/>
              <span class="class-name">com.crm.testcases.TC37_ToverifyAlertsTest</span>
            </div> <!-- main-panel-header rounded-window-top -->
            <div class="main-panel-content rounded-window-bottom">
              <div class="method">
                <div class="method-content">
                  <a name="VerifyAlerts({Subject=alert5533, TC No=TC37, UserName=axisadmin, Title=testalert, Password=acid_qa, RunMode=Yes, ...)">
                  </a> <!-- VerifyAlerts({Subject=alert5533, TC No=TC37, UserName=axisadmin, Title=testalert, Password=acid_qa, RunMode=Yes, ...) -->
                  <span class="method-name">VerifyAlerts</span>
                  <span class="parameters">({Subject=alert5533, TC No=TC37, UserName=axisadmin, Title=testalert, Password=acid_qa, RunMode=Yes, Details=alertcreation, AlertID=05469311, Role=Administrator})</span>
                  <div class="stack-trace">org.testng.SkipException: Skipping the test VERIFYALERTSas the Run mode is NO
	at com.crm.testcases.TC37_ToverifyAlertsTest.VerifyAlerts(TC37_ToverifyAlertsTest.java:35)
	at java.base/java.util.ArrayList.forEach(ArrayList.java:1511)
... Removed 25 stack frames
</div> <!-- stack-trace -->
                </div> <!-- method-content -->
              </div> <!-- method -->
            </div> <!-- main-panel-content rounded-window-bottom -->
          </div> <!-- suite-Axis_Sanity_Framework-class-skipped -->
          <div class="suite-Axis_Sanity_Framework-class-skipped">
            <div class="main-panel-header rounded-window-top">
              <img src="skipped.png"/>
              <span class="class-name">com.crm.testcases.TC24_ToverifyOfferCreationPageOpenTest</span>
            </div> <!-- main-panel-header rounded-window-top -->
            <div class="main-panel-content rounded-window-bottom">
              <div class="method">
                <div class="method-content">
                  <a name="verifyOfferCreationPageOpen({RunMode=Yes, Password=acid_qa, Role=Administrator, UserName=axisadmin, TC No=TC24})">
                  </a> <!-- verifyOfferCreationPageOpen({RunMode=Yes, Password=acid_qa, Role=Administrator, UserName=axisadmin, TC No=TC24}) -->
                  <span class="method-name">verifyOfferCreationPageOpen</span>
                  <span class="parameters">({RunMode=Yes, Password=acid_qa, Role=Administrator, UserName=axisadmin, TC No=TC24})</span>
                  <div class="stack-trace">org.testng.SkipException: Skipping the test  VERIFYOFFERCREATIONPAGEOPENas the Run mode is NO
	at com.crm.testcases.TC24_ToverifyOfferCreationPageOpenTest.verifyOfferCreationPageOpen(TC24_ToverifyOfferCreationPageOpenTest.java:37)
	at java.base/java.util.ArrayList.forEach(ArrayList.java:1511)
... Removed 25 stack frames
</div> <!-- stack-trace -->
                </div> <!-- method-content -->
              </div> <!-- method -->
            </div> <!-- main-panel-content rounded-window-bottom -->
          </div> <!-- suite-Axis_Sanity_Framework-class-skipped -->
          <div class="suite-Axis_Sanity_Framework-class-skipped">
            <div class="main-panel-header rounded-window-top">
              <img src="skipped.png"/>
              <span class="class-name">com.crm.testcases.TC10_ToVerifyPaginationAndOrderByOnAppointmentListingTest</span>
            </div> <!-- main-panel-header rounded-window-top -->
            <div class="main-panel-content rounded-window-bottom">
              <div class="method">
                <div class="method-content">
                  <a name="verifyPaginationOnApppointment({RunMode=Yes, Password=acid_qa, Role=BRO, UserName=axisadmin, TC No=TC10})">
                  </a> <!-- verifyPaginationOnApppointment({RunMode=Yes, Password=acid_qa, Role=BRO, UserName=axisadmin, TC No=TC10}) -->
                  <span class="method-name">verifyPaginationOnApppointment</span>
                  <span class="parameters">({RunMode=Yes, Password=acid_qa, Role=BRO, UserName=axisadmin, TC No=TC10})</span>
                  <div class="stack-trace">org.testng.SkipException: Skipping the test VERIFYPAGINATIONONAPPPOINTMENTas the Run mode is NO
	at com.crm.testcases.TC10_ToVerifyPaginationAndOrderByOnAppointmentListingTest.verifyPaginationOnApppointment(TC10_ToVerifyPaginationAndOrderByOnAppointmentListingTest.java:38)
	at java.base/java.util.ArrayList.forEach(ArrayList.java:1511)
... Removed 25 stack frames
</div> <!-- stack-trace -->
                </div> <!-- method-content -->
              </div> <!-- method -->
            </div> <!-- main-panel-content rounded-window-bottom -->
          </div> <!-- suite-Axis_Sanity_Framework-class-skipped -->
          <div class="suite-Axis_Sanity_Framework-class-skipped">
            <div class="main-panel-header rounded-window-top">
              <img src="skipped.png"/>
              <span class="class-name">com.crm.testcases.TC30_ToVerifySRSearchTest</span>
            </div> <!-- main-panel-header rounded-window-top -->
            <div class="main-panel-content rounded-window-bottom">
              <div class="method">
                <div class="method-content">
                  <a name="verifySRSearch({Password=acid_qa, ProductType=Cheque, ClientCode=0000001098, SRNumber=221229042270, PickUpAddress=A...)">
                  </a> <!-- verifySRSearch({Password=acid_qa, ProductType=Cheque, ClientCode=0000001098, SRNumber=221229042270, PickUpAddress=A...) -->
                  <span class="method-name">verifySRSearch</span>
                  <span class="parameters">({Password=acid_qa, ProductType=Cheque, ClientCode=0000001098, SRNumber=221229042270, PickUpAddress=Andheri, NatureofQuery=Request, Function=CMS LOGISTICS, CIFID=000006136, UserName=ccpho1, CommunicationEmailId=test1519@gmail.com, Product=Collection, TC No=TC30, RunMode=Yes, BriefDescription=test, SubSubFunction=FOR CASH/CHEQUE/CASH DELIVERY/CHEQUE DELIVERY/CDM, PickUpFrequency=On Call, SubFunction=FEASIBILITY CHECKING WITH VENDOR, CorporateName=corporatename8132})</span>
                  <div class="stack-trace">org.testng.SkipException: Skipping the test VERIFYSRSEARCHas the Run mode is NO
	at com.crm.testcases.TC30_ToVerifySRSearchTest.verifySRSearch(TC30_ToVerifySRSearchTest.java:33)
	at java.base/java.util.ArrayList.forEach(ArrayList.java:1511)
... Removed 25 stack frames
</div> <!-- stack-trace -->
                </div> <!-- method-content -->
              </div> <!-- method -->
            </div> <!-- main-panel-content rounded-window-bottom -->
          </div> <!-- suite-Axis_Sanity_Framework-class-skipped -->
          <div class="suite-Axis_Sanity_Framework-class-skipped">
            <div class="main-panel-header rounded-window-top">
              <img src="skipped.png"/>
              <span class="class-name">com.crm.testcases.TC03_ToverifyActivityCreatedOnAccountTest</span>
            </div> <!-- main-panel-header rounded-window-top -->
            <div class="main-panel-content rounded-window-bottom">
              <div class="method">
                <div class="method-content">
                  <a name="verifyActivityCreationOnAccount({Subject=appointment2233, CustomerID=000006289, TC No=TC03, AppointmentStatus=Meeting Fixed, TypeofC...)">
                  </a> <!-- verifyActivityCreationOnAccount({Subject=appointment2233, CustomerID=000006289, TC No=TC03, AppointmentStatus=Meeting Fixed, TypeofC...) -->
                  <span class="method-name">verifyActivityCreationOnAccount</span>
                  <span class="parameters">({Subject=appointment2233, CustomerID=000006289, TC No=TC03, AppointmentStatus=Meeting Fixed, TypeofContact=Email, CustomerType=ETB, UserName=axisadmin, Password=acid_qa, RunMode=Yes, Details=appointmentcreation, Role=BRO, TypeOfCustomer=Priority})</span>
                  <div class="stack-trace">org.testng.SkipException: Skipping the test VERIFYACTIVITYCREATIONONACCOUNTas the Run mode is NO
	at com.crm.testcases.TC03_ToverifyActivityCreatedOnAccountTest.verifyActivityCreationOnAccount(TC03_ToverifyActivityCreatedOnAccountTest.java:42)
	at java.base/java.util.ArrayList.forEach(ArrayList.java:1511)
... Removed 25 stack frames
</div> <!-- stack-trace -->
                </div> <!-- method-content -->
              </div> <!-- method -->
            </div> <!-- main-panel-content rounded-window-bottom -->
          </div> <!-- suite-Axis_Sanity_Framework-class-skipped -->
          <div class="suite-Axis_Sanity_Framework-class-skipped">
            <div class="main-panel-header rounded-window-top">
              <img src="skipped.png"/>
              <span class="class-name">com.crm.testcases.TC19_ToverifyAppointmentCreatedOnLeadTest</span>
            </div> <!-- main-panel-header rounded-window-top -->
            <div class="main-panel-content rounded-window-bottom">
              <div class="method">
                <div class="method-content">
                  <a name="verifyAppointmentCreatedOnLead({TypeofContact=Email, Password=acid_qa, CustomerName=test, Role=BRO, CommunicationSent=Yes, Details=...)">
                  </a> <!-- verifyAppointmentCreatedOnLead({TypeofContact=Email, Password=acid_qa, CustomerName=test, Role=BRO, CommunicationSent=Yes, Details=...) -->
                  <span class="method-name">verifyAppointmentCreatedOnLead</span>
                  <span class="parameters">({TypeofContact=Email, Password=acid_qa, CustomerName=test, Role=BRO, CommunicationSent=Yes, Details=appointmentcreation, Subject=appointment2829, JointCall=No, UserName=axisadmin, TypeOfCustomer=Priority, AssignedTo=, LeadID=300088760, AppointmentStatus=Meeting Fixed, MobileNumber=9000002631, TC No=TC19, RunMode=Yes, Reason=, ProductPitched=No, ClientSegmentCode=})</span>
                  <div class="stack-trace">org.testng.SkipException: Skipping the test VERIFYAPPOINTMENTCREATEDONLEADas the Run mode is NO
	at com.crm.testcases.TC19_ToverifyAppointmentCreatedOnLeadTest.verifyAppointmentCreatedOnLead(TC19_ToverifyAppointmentCreatedOnLeadTest.java:40)
	at java.base/java.util.ArrayList.forEach(ArrayList.java:1511)
... Removed 25 stack frames
</div> <!-- stack-trace -->
                </div> <!-- method-content -->
              </div> <!-- method -->
            </div> <!-- main-panel-content rounded-window-bottom -->
          </div> <!-- suite-Axis_Sanity_Framework-class-skipped -->
          <div class="suite-Axis_Sanity_Framework-class-skipped">
            <div class="main-panel-header rounded-window-top">
              <img src="skipped.png"/>
              <span class="class-name">com.crm.testcases.TC42_ToVerifyReportsOpenProperlyTest</span>
            </div> <!-- main-panel-header rounded-window-top -->
            <div class="main-panel-content rounded-window-bottom">
              <div class="method">
                <div class="method-content">
                  <a name="verifyReportsOpenProperly({RunMode=Yes, Password=axis@123, UserName=dpdissupervisor, TC No=TC42})">
                  </a> <!-- verifyReportsOpenProperly({RunMode=Yes, Password=axis@123, UserName=dpdissupervisor, TC No=TC42}) -->
                  <span class="method-name">verifyReportsOpenProperly</span>
                  <span class="parameters">({RunMode=Yes, Password=axis@123, UserName=dpdissupervisor, TC No=TC42})</span>
                  <div class="stack-trace">org.testng.SkipException: Skipping the test VERIFYREPORTSOPENPROPERLYas the Run mode is NO
	at com.crm.testcases.TC42_ToVerifyReportsOpenProperlyTest.verifyReportsOpenProperly(TC42_ToVerifyReportsOpenProperlyTest.java:38)
	at java.base/java.util.ArrayList.forEach(ArrayList.java:1511)
... Removed 25 stack frames
</div> <!-- stack-trace -->
                </div> <!-- method-content -->
              </div> <!-- method -->
            </div> <!-- main-panel-content rounded-window-bottom -->
          </div> <!-- suite-Axis_Sanity_Framework-class-skipped -->
          <div class="suite-Axis_Sanity_Framework-class-skipped">
            <div class="main-panel-header rounded-window-top">
              <img src="skipped.png"/>
              <span class="class-name">com.crm.testcases.TC40_ToverifyStandardSRProcessTest</span>
            </div> <!-- main-panel-header rounded-window-top -->
            <div class="main-panel-content rounded-window-bottom">
              <div class="method">
                <div class="method-content">
                  <a name="verifyStandardSRProcess({Password=acid_qa, STATEMENTNOTRECEIVED=NO, Missedpaymentdate=, Preferrableaddress=Work, SRNumber=22...)">
                  </a> <!-- verifyStandardSRProcess({Password=acid_qa, STATEMENTNOTRECEIVED=NO, Missedpaymentdate=, Preferrableaddress=Work, SRNumber=22...) -->
                  <span class="method-name">verifyStandardSRProcess</span>
                  <span class="parameters">({Password=acid_qa, STATEMENTNOTRECEIVED=NO, Missedpaymentdate=, Preferrableaddress=Work, SRNumber=221229042279, NatureofQuery=Complaint, CustomerName=customertest, TeamExecutiveUserName=testteamexecutives, Function=Deliverables Related, UserName=cce1, CustomerID=000008521, TRAVELLING=YES, BranchUserName=71272, Product=CREDIT CARD, TC No=TC40, RunMode=Yes, SubSubFunction=R BLOCK - REDISPATCH Request not Processed, LodgementUserTeam=Phone Banking, RBLOCKCARDNO=123456, LodgementRemarks=test, STATEMENTRECEIVEDLATE=YES, CardAccount=Primary, AccountCardDetailSearchParameter=Prospect Customer, SubFunction=Card Not Received})</span>
                  <div class="stack-trace">org.testng.SkipException: Skipping the test VERIFYSTANDARDSRPROCESSas the Run mode is NO
	at com.crm.testcases.TC40_ToverifyStandardSRProcessTest.verifyStandardSRProcess(TC40_ToverifyStandardSRProcessTest.java:38)
	at java.base/java.util.ArrayList.forEach(ArrayList.java:1511)
... Removed 25 stack frames
</div> <!-- stack-trace -->
                </div> <!-- method-content -->
              </div> <!-- method -->
            </div> <!-- main-panel-content rounded-window-bottom -->
          </div> <!-- suite-Axis_Sanity_Framework-class-skipped -->
          <div class="suite-Axis_Sanity_Framework-class-skipped">
            <div class="main-panel-header rounded-window-top">
              <img src="skipped.png"/>
              <span class="class-name">com.crm.testcases.TC22_ToverifyPaginationAndOrderByOnLeadListingPageTest</span>
            </div> <!-- main-panel-header rounded-window-top -->
            <div class="main-panel-content rounded-window-bottom">
              <div class="method">
                <div class="method-content">
                  <a name="verifyPaginationOnLead({RunMode=Yes, Password=acid_qa, Role=BRO, UserName=axisadmin, TC No=TC22})">
                  </a> <!-- verifyPaginationOnLead({RunMode=Yes, Password=acid_qa, Role=BRO, UserName=axisadmin, TC No=TC22}) -->
                  <span class="method-name">verifyPaginationOnLead</span>
                  <span class="parameters">({RunMode=Yes, Password=acid_qa, Role=BRO, UserName=axisadmin, TC No=TC22})</span>
                  <div class="stack-trace">org.testng.SkipException: Skipping the test VERIFYPAGINATIONONLEADas the Run mode is NO
	at com.crm.testcases.TC22_ToverifyPaginationAndOrderByOnLeadListingPageTest.verifyPaginationOnLead(TC22_ToverifyPaginationAndOrderByOnLeadListingPageTest.java:37)
	at java.base/java.util.ArrayList.forEach(ArrayList.java:1511)
... Removed 25 stack frames
</div> <!-- stack-trace -->
                </div> <!-- method-content -->
              </div> <!-- method -->
            </div> <!-- main-panel-content rounded-window-bottom -->
          </div> <!-- suite-Axis_Sanity_Framework-class-skipped -->
          <div class="suite-Axis_Sanity_Framework-class-skipped">
            <div class="main-panel-header rounded-window-top">
              <img src="skipped.png"/>
              <span class="class-name">com.crm.testcases.TC31_TOverifySREditedByAssignedUserTest</span>
            </div> <!-- main-panel-header rounded-window-top -->
            <div class="main-panel-content rounded-window-bottom">
              <div class="method">
                <div class="method-content">
                  <a name="verifySREditedByAssignedToUser({AccountCardDetailSearchParameter=Prospect Customer, SubFunction=Customer Details Maintenance, SRNum...)">
                  </a> <!-- verifySREditedByAssignedToUser({AccountCardDetailSearchParameter=Prospect Customer, SubFunction=Customer Details Maintenance, SRNum...) -->
                  <span class="method-name">verifySREditedByAssignedToUser</span>
                  <span class="parameters">({AccountCardDetailSearchParameter=Prospect Customer, SubFunction=Customer Details Maintenance, SRNumber=221229042271, AssignedTo=locadmin3, Function=Account Maintenance, TC No=TC31, NatureofQuery=Request, MakerUserName=maker1, SubSubFunction=CIF ID Replacement And Suspension, LocAdminUserName=locadmin3, UserName=initiator, LodgementUserTeam=CPU Dedupe, Product=PCS, Password=acid_qa, RunMode=Yes, LodgementRemarks=test})</span>
                  <div class="stack-trace">org.testng.SkipException: Skipping the test VERIFYSREDITEDBYASSIGNEDTOUSERas the Run mode is NO
	at com.crm.testcases.TC31_TOverifySREditedByAssignedUserTest.verifySREditedByAssignedToUser(TC31_TOverifySREditedByAssignedUserTest.java:41)
	at java.base/java.util.ArrayList.forEach(ArrayList.java:1511)
... Removed 25 stack frames
</div> <!-- stack-trace -->
                </div> <!-- method-content -->
              </div> <!-- method -->
            </div> <!-- main-panel-content rounded-window-bottom -->
          </div> <!-- suite-Axis_Sanity_Framework-class-skipped -->
          <div class="suite-Axis_Sanity_Framework-class-skipped">
            <div class="main-panel-header rounded-window-top">
              <img src="skipped.png"/>
              <span class="class-name">com.crm.testcases.TC28_ToVerifySRIsAssignedToUserTest</span>
            </div> <!-- main-panel-header rounded-window-top -->
            <div class="main-panel-content rounded-window-bottom">
              <div class="method">
                <div class="method-content">
                  <a name="verifySRIsAssignedToUser({AccountCardDetailSearchParameter=Prospect Customer, SubFunction=Customer Details Maintenance, SRNum...)">
                  </a> <!-- verifySRIsAssignedToUser({AccountCardDetailSearchParameter=Prospect Customer, SubFunction=Customer Details Maintenance, SRNum...) -->
                  <span class="method-name">verifySRIsAssignedToUser</span>
                  <span class="parameters">({AccountCardDetailSearchParameter=Prospect Customer, SubFunction=Customer Details Maintenance, SRNumber=221229042269, AssignedTo=locadmin3, Function=Account Maintenance, TC No=TC28, NatureofQuery=Request, SubSubFunction=CIF ID Replacement And Suspension, LocAdminUserName=locadmin3, UserName=initiator, LodgementUserTeam=CPU Dedupe, Product=PCS, Password=acid_qa, RunMode=Yes, password=acid_qa, LodgementRemarks=test, =})</span>
                  <div class="stack-trace">org.testng.SkipException: Skipping the test TO VERIFY SR IS ASSIGNED TO USERas the Run mode is NO
	at com.crm.testcases.TC28_ToVerifySRIsAssignedToUserTest.verifySRIsAssignedToUser(TC28_ToVerifySRIsAssignedToUserTest.java:38)
	at java.base/java.util.ArrayList.forEach(ArrayList.java:1511)
... Removed 25 stack frames
</div> <!-- stack-trace -->
                </div> <!-- method-content -->
              </div> <!-- method -->
            </div> <!-- main-panel-content rounded-window-bottom -->
          </div> <!-- suite-Axis_Sanity_Framework-class-skipped -->
          <div class="suite-Axis_Sanity_Framework-class-skipped">
            <div class="main-panel-header rounded-window-top">
              <img src="skipped.png"/>
              <span class="class-name">com.crm.testcases.TC05_ToverifyTabsVisibleOnAccountTest</span>
            </div> <!-- main-panel-header rounded-window-top -->
            <div class="main-panel-content rounded-window-bottom">
              <div class="method">
                <div class="method-content">
                  <a name="verifyTabsVisibleOnAccount({RunMode=Yes, Password=acid_qa, Role=BRO, UserName=axisadmin, TC No=TC05})">
                  </a> <!-- verifyTabsVisibleOnAccount({RunMode=Yes, Password=acid_qa, Role=BRO, UserName=axisadmin, TC No=TC05}) -->
                  <span class="method-name">verifyTabsVisibleOnAccount</span>
                  <span class="parameters">({RunMode=Yes, Password=acid_qa, Role=BRO, UserName=axisadmin, TC No=TC05})</span>
                  <div class="stack-trace">org.testng.SkipException: Skipping the test VERIFYTABSVISIBLEONACCOUNTas the Run mode is NO
	at com.crm.testcases.TC05_ToverifyTabsVisibleOnAccountTest.verifyTabsVisibleOnAccount(TC05_ToverifyTabsVisibleOnAccountTest.java:38)
	at java.base/java.util.ArrayList.forEach(ArrayList.java:1511)
... Removed 25 stack frames
</div> <!-- stack-trace -->
                </div> <!-- method-content -->
              </div> <!-- method -->
            </div> <!-- main-panel-content rounded-window-bottom -->
          </div> <!-- suite-Axis_Sanity_Framework-class-skipped -->
          <div class="suite-Axis_Sanity_Framework-class-skipped">
            <div class="main-panel-header rounded-window-top">
              <img src="skipped.png"/>
              <span class="class-name">com.crm.testcases.TC46_VerifyDataPresenterTest</span>
            </div> <!-- main-panel-header rounded-window-top -->
            <div class="main-panel-content rounded-window-bottom">
              <div class="method">
                <div class="method-content">
                  <a name="verifyDataPresenter({SubFunction=FEASIBILITY CHECKING WITH VENDOR, SRNumber=221229042278, Function=CMS LOGISTICS, TC No=...)">
                  </a> <!-- verifyDataPresenter({SubFunction=FEASIBILITY CHECKING WITH VENDOR, SRNumber=221229042278, Function=CMS LOGISTICS, TC No=...) -->
                  <span class="method-name">verifyDataPresenter</span>
                  <span class="parameters">({SubFunction=FEASIBILITY CHECKING WITH VENDOR, SRNumber=221229042278, Function=CMS LOGISTICS, TC No=TC46, PickupFrequency=On Call, ClientCode=EX1234, SubSubFunction=FOR CASH/CHEQUE/CASH DELIVERY/CHEQUE DELIVERY/CDM, Natureofquery=Request, BriefQueryComplaintDescription=automationtest, UserName=ccpho1, PickUpAddress=Vishnu prasad complex,virar west,pin-401303, Product=Collection, Password=acid_qa, RunMode=Yes, ProductType=Cheque})</span>
                  <div class="stack-trace">org.testng.SkipException: Skipping the test TO VERFIY DATA PRESENTERas the Run mode is NO
	at com.crm.testcases.TC46_VerifyDataPresenterTest.verifyDataPresenter(TC46_VerifyDataPresenterTest.java:35)
	at java.base/java.util.ArrayList.forEach(ArrayList.java:1511)
... Removed 25 stack frames
</div> <!-- stack-trace -->
                </div> <!-- method-content -->
              </div> <!-- method -->
            </div> <!-- main-panel-content rounded-window-bottom -->
          </div> <!-- suite-Axis_Sanity_Framework-class-skipped -->
          <div class="suite-Axis_Sanity_Framework-class-skipped">
            <div class="main-panel-header rounded-window-top">
              <img src="skipped.png"/>
              <span class="class-name">com.crm.testcases.TC39_ToverifyCustomActionButtonTest</span>
            </div> <!-- main-panel-header rounded-window-top -->
            <div class="main-panel-content rounded-window-bottom">
              <div class="method">
                <div class="method-content">
                  <a name="verifyCustomActionButton({AccountCardDetailSearchParameter=Prospect Customer, SubFunction=Customer Details Maintenance, SRNum...)">
                  </a> <!-- verifyCustomActionButton({AccountCardDetailSearchParameter=Prospect Customer, SubFunction=Customer Details Maintenance, SRNum...) -->
                  <span class="method-name">verifyCustomActionButton</span>
                  <span class="parameters">({AccountCardDetailSearchParameter=Prospect Customer, SubFunction=Customer Details Maintenance, SRNumber=221229042276, AssignedTo=locadmin3, Function=Account Maintenance, TC No=TC39, NatureofQuery=Request, MakerUserName=maker1, SubSubFunction=CIF ID Replacement And Suspension, LocAdminUserName=locadmin3, UserName=initiator, LodgementUserTeam=CPU Dedupe, Product=PCS, Password=acid_qa, RunMode=Yes, LodgementRemarks=test})</span>
                  <div class="stack-trace">org.testng.SkipException: Skipping the test TO VERIFY CUSTOM ACTION BUTTONas the Run mode is NO
	at com.crm.testcases.TC39_ToverifyCustomActionButtonTest.verifyCustomActionButton(TC39_ToverifyCustomActionButtonTest.java:33)
	at java.base/java.util.ArrayList.forEach(ArrayList.java:1511)
... Removed 25 stack frames
</div> <!-- stack-trace -->
                </div> <!-- method-content -->
              </div> <!-- method -->
            </div> <!-- main-panel-content rounded-window-bottom -->
          </div> <!-- suite-Axis_Sanity_Framework-class-skipped -->
          <div class="suite-Axis_Sanity_Framework-class-skipped">
            <div class="main-panel-header rounded-window-top">
              <img src="skipped.png"/>
              <span class="class-name">com.crm.testcases.TC20_ToverifyTaskCreatedOnLeadTest</span>
            </div> <!-- main-panel-header rounded-window-top -->
            <div class="main-panel-content rounded-window-bottom">
              <div class="method">
                <div class="method-content">
                  <a name="verifyTaskCreatedOnLead({Subject=task4151, RunMode=Yes, Password=acid_qa, LeadID=300088760, Role=BRO, Description=taskcreati...)">
                  </a> <!-- verifyTaskCreatedOnLead({Subject=task4151, RunMode=Yes, Password=acid_qa, LeadID=300088760, Role=BRO, Description=taskcreati...) -->
                  <span class="method-name">verifyTaskCreatedOnLead</span>
                  <span class="parameters">({Subject=task4151, RunMode=Yes, Password=acid_qa, LeadID=300088760, Role=BRO, Description=taskcreation, UserName=axisadmin, TC No=TC20})</span>
                  <div class="stack-trace">org.testng.SkipException: Skipping the test  VERIFYTASKCREATEDONLEADas the Run mode is NO
	at com.crm.testcases.TC20_ToverifyTaskCreatedOnLeadTest.verifyTaskCreatedOnLead(TC20_ToverifyTaskCreatedOnLeadTest.java:39)
	at java.base/java.util.ArrayList.forEach(ArrayList.java:1511)
... Removed 25 stack frames
</div> <!-- stack-trace -->
                </div> <!-- method-content -->
              </div> <!-- method -->
            </div> <!-- main-panel-content rounded-window-bottom -->
          </div> <!-- suite-Axis_Sanity_Framework-class-skipped -->
          <div class="suite-Axis_Sanity_Framework-class-skipped">
            <div class="main-panel-header rounded-window-top">
              <img src="skipped.png"/>
              <span class="class-name">com.crm.testcases.TC48_ToVerfiyListOfFilterDisplayInReportsTest</span>
            </div> <!-- main-panel-header rounded-window-top -->
            <div class="main-panel-content rounded-window-bottom">
              <div class="method">
                <div class="method-content">
                  <a name="verifyListOfFiltersReports({Password=acid_qa, SerialNo=1234567891, Date=30/12/2022, SRNumber=221229042285, SupervisorPassword=a...)">
                  </a> <!-- verifyListOfFiltersReports({Password=acid_qa, SerialNo=1234567891, Date=30/12/2022, SRNumber=221229042285, SupervisorPassword=a...) -->
                  <span class="method-name">verifyListOfFiltersReports</span>
                  <span class="parameters">({Password=acid_qa, SerialNo=1234567891, Date=30/12/2022, SRNumber=221229042285, SupervisorPassword=axis@123, Function=DP - DIS, UserName=187004, SlipSeries=23, TypeofRequest=Account Transfer, CustomerID=000008864, Source=Branch, ClientID=0000005974, SupervisorUserName=dpdissupervisor, TC No=TC48, RunMode=Yes, SubSubFunction=DIS Execution NSDL, NatureOfQuery=Request, DigitallySignedDocument=Yes, StatusCode=Sent to Maker, LodgementRemarks=test, AssignedToUser=dpdisUnassigned, SubFunction=Settlement})</span>
                  <div class="stack-trace">org.testng.SkipException: Skipping the test VERIFYLISTOFFILTERSREPORTSas the Run mode is NO
	at com.crm.testcases.TC48_ToVerfiyListOfFilterDisplayInReportsTest.verifyListOfFiltersReports(TC48_ToVerfiyListOfFilterDisplayInReportsTest.java:37)
	at java.base/java.util.ArrayList.forEach(ArrayList.java:1511)
... Removed 25 stack frames
</div> <!-- stack-trace -->
                </div> <!-- method-content -->
              </div> <!-- method -->
            </div> <!-- main-panel-content rounded-window-bottom -->
          </div> <!-- suite-Axis_Sanity_Framework-class-skipped -->
          <div class="suite-Axis_Sanity_Framework-class-skipped">
            <div class="main-panel-header rounded-window-top">
              <img src="skipped.png"/>
              <span class="class-name">com.crm.testcases.TC36_ToverifyTaskCreationTest</span>
            </div> <!-- main-panel-header rounded-window-top -->
            <div class="main-panel-content rounded-window-bottom">
              <div class="method">
                <div class="method-content">
                  <a name="verifyTaskCreation({Subject=task9348, RunMode=Yes, Password=acid_qa, Role=BRO, Description=taskcreation, UserName=axisa...)">
                  </a> <!-- verifyTaskCreation({Subject=task9348, RunMode=Yes, Password=acid_qa, Role=BRO, Description=taskcreation, UserName=axisa...) -->
                  <span class="method-name">verifyTaskCreation</span>
                  <span class="parameters">({Subject=task9348, RunMode=Yes, Password=acid_qa, Role=BRO, Description=taskcreation, UserName=axisadmin, TC No=TC36})</span>
                  <div class="stack-trace">org.testng.SkipException: Skipping the test TO VERIFY TASK CREATIONas the Run mode is NO
	at com.crm.testcases.TC36_ToverifyTaskCreationTest.verifyTaskCreation(TC36_ToverifyTaskCreationTest.java:37)
	at java.base/java.util.ArrayList.forEach(ArrayList.java:1511)
... Removed 25 stack frames
</div> <!-- stack-trace -->
                </div> <!-- method-content -->
              </div> <!-- method -->
            </div> <!-- main-panel-content rounded-window-bottom -->
          </div> <!-- suite-Axis_Sanity_Framework-class-skipped -->
          <div class="suite-Axis_Sanity_Framework-class-skipped">
            <div class="main-panel-header rounded-window-top">
              <img src="skipped.png"/>
              <span class="class-name">com.crm.testcases.TC07_ToverifyAppointmentCreationPageOpenTest</span>
            </div> <!-- main-panel-header rounded-window-top -->
            <div class="main-panel-content rounded-window-bottom">
              <div class="method">
                <div class="method-content">
                  <a name="verifyAppointmentPageOpen({RunMode=Yes, Password=acid_qa, Role=BRO, UserName=axisadmin, TC No=TC07})">
                  </a> <!-- verifyAppointmentPageOpen({RunMode=Yes, Password=acid_qa, Role=BRO, UserName=axisadmin, TC No=TC07}) -->
                  <span class="method-name">verifyAppointmentPageOpen</span>
                  <span class="parameters">({RunMode=Yes, Password=acid_qa, Role=BRO, UserName=axisadmin, TC No=TC07})</span>
                  <div class="stack-trace">org.testng.SkipException: Skipping the test VERIFYAPPOINTMENTPAGEOPENas the Run mode is NO
	at com.crm.testcases.TC07_ToverifyAppointmentCreationPageOpenTest.verifyAppointmentPageOpen(TC07_ToverifyAppointmentCreationPageOpenTest.java:34)
	at java.base/java.util.ArrayList.forEach(ArrayList.java:1511)
... Removed 25 stack frames
</div> <!-- stack-trace -->
                </div> <!-- method-content -->
              </div> <!-- method -->
            </div> <!-- main-panel-content rounded-window-bottom -->
          </div> <!-- suite-Axis_Sanity_Framework-class-skipped -->
          <div class="suite-Axis_Sanity_Framework-class-skipped">
            <div class="main-panel-header rounded-window-top">
              <img src="skipped.png"/>
              <span class="class-name">com.crm.testcases.TC41_ToVerifyListOfReportsDisplayTest</span>
            </div> <!-- main-panel-header rounded-window-top -->
            <div class="main-panel-content rounded-window-bottom">
              <div class="method">
                <div class="method-content">
                  <a name="verifylistofReportsDisplay({RunMode=Yes, Password=axis@123, UserName=dpdissupervisor, TC No=TC41})">
                  </a> <!-- verifylistofReportsDisplay({RunMode=Yes, Password=axis@123, UserName=dpdissupervisor, TC No=TC41}) -->
                  <span class="method-name">verifylistofReportsDisplay</span>
                  <span class="parameters">({RunMode=Yes, Password=axis@123, UserName=dpdissupervisor, TC No=TC41})</span>
                  <div class="stack-trace">org.testng.SkipException: Skipping the test VERIFYLISTOFREPORTSDISPLAYas the Run mode is NO
	at com.crm.testcases.TC41_ToVerifyListOfReportsDisplayTest.verifylistofReportsDisplay(TC41_ToVerifyListOfReportsDisplayTest.java:35)
	at java.base/java.util.ArrayList.forEach(ArrayList.java:1511)
... Removed 25 stack frames
</div> <!-- stack-trace -->
                </div> <!-- method-content -->
              </div> <!-- method -->
            </div> <!-- main-panel-content rounded-window-bottom -->
          </div> <!-- suite-Axis_Sanity_Framework-class-skipped -->
          <div class="suite-Axis_Sanity_Framework-class-skipped">
            <div class="main-panel-header rounded-window-top">
              <img src="skipped.png"/>
              <span class="class-name">com.crm.testcases.TC18_ToverifyDocumentAttachementOnLeadDetailsPageTest</span>
            </div> <!-- main-panel-header rounded-window-top -->
            <div class="main-panel-content rounded-window-bottom">
              <div class="method">
                <div class="method-content">
                  <a name="verifyDocumentAttachementOnLead({RunMode=Yes, Password=acid_qa, LeadID=300088760, Role=BRO, UserName=axisadmin, TC No=TC18})">
                  </a> <!-- verifyDocumentAttachementOnLead({RunMode=Yes, Password=acid_qa, LeadID=300088760, Role=BRO, UserName=axisadmin, TC No=TC18}) -->
                  <span class="method-name">verifyDocumentAttachementOnLead</span>
                  <span class="parameters">({RunMode=Yes, Password=acid_qa, LeadID=300088760, Role=BRO, UserName=axisadmin, TC No=TC18})</span>
                  <div class="stack-trace">org.testng.SkipException: Skipping the test VERIFYDOCUMENTATTACHEMENTONLEADas the Run mode is NO
	at com.crm.testcases.TC18_ToverifyDocumentAttachementOnLeadDetailsPageTest.verifyDocumentAttachementOnLead(TC18_ToverifyDocumentAttachementOnLeadDetailsPageTest.java:40)
	at java.base/java.util.ArrayList.forEach(ArrayList.java:1511)
... Removed 25 stack frames
</div> <!-- stack-trace -->
                </div> <!-- method-content -->
              </div> <!-- method -->
            </div> <!-- main-panel-content rounded-window-bottom -->
          </div> <!-- suite-Axis_Sanity_Framework-class-skipped -->
          <div class="suite-Axis_Sanity_Framework-class-skipped">
            <div class="main-panel-header rounded-window-top">
              <img src="skipped.png"/>
              <span class="class-name">com.crm.testcases.TC32_ToVerifySRHistoryPageTest</span>
            </div> <!-- main-panel-header rounded-window-top -->
            <div class="main-panel-content rounded-window-bottom">
              <div class="method">
                <div class="method-content">
                  <a name="verifySRHistoryPage({Password=acid_qa, STATEMENTNOTRECEIVED=NO, Missedpaymentdate=, Preferrableaddress=Work, SRNumber=22...)">
                  </a> <!-- verifySRHistoryPage({Password=acid_qa, STATEMENTNOTRECEIVED=NO, Missedpaymentdate=, Preferrableaddress=Work, SRNumber=22...) -->
                  <span class="method-name">verifySRHistoryPage</span>
                  <span class="parameters">({Password=acid_qa, STATEMENTNOTRECEIVED=NO, Missedpaymentdate=, Preferrableaddress=Work, SRNumber=221229042272, NatureofQuery=Complaint, CustomerName=customertest, Function=Deliverables Related, UserName=cce1, CustomerID=000000290, TRAVELLING=YES, Product=CREDIT CARD, TC No=TC32, RunMode=Yes, SubSubFunction=R BLOCK - REDISPATCH Request not Processed, LodgementUserTeam=Phone Banking, RBLOCKCARDNO=123456, LodgementRemarks=test, STATEMENTRECEIVEDLATE=YES, CardAccount=Primary, AccountCardDetailSearchParameter=Prospect Customer, SubFunction=Card Not Received})</span>
                  <div class="stack-trace">org.testng.SkipException: Skipping the test VERIFYSRHISTORYPAGEas the Run mode is NO
	at com.crm.testcases.TC32_ToVerifySRHistoryPageTest.verifySRHistoryPage(TC32_ToVerifySRHistoryPageTest.java:35)
	at java.base/java.util.ArrayList.forEach(ArrayList.java:1511)
... Removed 25 stack frames
</div> <!-- stack-trace -->
                </div> <!-- method-content -->
              </div> <!-- method -->
            </div> <!-- main-panel-content rounded-window-bottom -->
          </div> <!-- suite-Axis_Sanity_Framework-class-skipped -->
          <div class="suite-Axis_Sanity_Framework-class-skipped">
            <div class="main-panel-header rounded-window-top">
              <img src="skipped.png"/>
              <span class="class-name">com.crm.testcases.TC08_ToverifyActivityCreatedIndependentlyTest</span>
            </div> <!-- main-panel-header rounded-window-top -->
            <div class="main-panel-content rounded-window-bottom">
              <div class="method">
                <div class="method-content">
                  <a name="verifyActivityCreated({Subject=appointment3902, TC No=TC07, AppointmentStatus=Meeting Fixed, ActivityID=06035433, TypeofCo...)">
                  </a> <!-- verifyActivityCreated({Subject=appointment3902, TC No=TC07, AppointmentStatus=Meeting Fixed, ActivityID=06035433, TypeofCo...) -->
                  <span class="method-name">verifyActivityCreated</span>
                  <span class="parameters">({Subject=appointment3902, TC No=TC07, AppointmentStatus=Meeting Fixed, ActivityID=06035433, TypeofContact=Email, CustomerType=NTB, UserName=axisadmin, Password=acid_qa, RunMode=Yes, Details=appointmentcreation, Role=BRO, TypeOfCustomer=Priority})</span>
                  <div class="stack-trace">org.testng.SkipException: Skipping the test VERIFYACTIVITYCREATED as the Run mode is NO
	at com.crm.testcases.TC08_ToverifyActivityCreatedIndependentlyTest.verifyActivityCreated(TC08_ToverifyActivityCreatedIndependentlyTest.java:34)
	at java.base/java.util.ArrayList.forEach(ArrayList.java:1511)
... Removed 25 stack frames
</div> <!-- stack-trace -->
                </div> <!-- method-content -->
              </div> <!-- method -->
            </div> <!-- main-panel-content rounded-window-bottom -->
          </div> <!-- suite-Axis_Sanity_Framework-class-skipped -->
          <div class="suite-Axis_Sanity_Framework-class-skipped">
            <div class="main-panel-header rounded-window-top">
              <img src="skipped.png"/>
              <span class="class-name">com.crm.testcases.TC47_ToVerifySummaryPageTest</span>
            </div> <!-- main-panel-header rounded-window-top -->
            <div class="main-panel-content rounded-window-bottom">
              <div class="method">
                <div class="method-content">
                  <a name="verifySummaryPage({Subject=appointment2371, RunMode=Yes, Password=acid_qa, LeadID=300088760, Role=BRO, UserName=axisad...)">
                  </a> <!-- verifySummaryPage({Subject=appointment2371, RunMode=Yes, Password=acid_qa, LeadID=300088760, Role=BRO, UserName=axisad...) -->
                  <span class="method-name">verifySummaryPage</span>
                  <span class="parameters">({Subject=appointment2371, RunMode=Yes, Password=acid_qa, LeadID=300088760, Role=BRO, UserName=axisadmin, TC No=TC47})</span>
                  <div class="stack-trace">org.testng.SkipException: Skipping the test VERIFYSUMMARYPAGEas the Run mode is NO
	at com.crm.testcases.TC47_ToVerifySummaryPageTest.verifySummaryPage(TC47_ToVerifySummaryPageTest.java:36)
	at java.base/java.util.ArrayList.forEach(ArrayList.java:1511)
... Removed 25 stack frames
</div> <!-- stack-trace -->
                </div> <!-- method-content -->
              </div> <!-- method -->
            </div> <!-- main-panel-content rounded-window-bottom -->
          </div> <!-- suite-Axis_Sanity_Framework-class-skipped -->
          <div class="suite-Axis_Sanity_Framework-class-skipped">
            <div class="main-panel-header rounded-window-top">
              <img src="skipped.png"/>
              <span class="class-name">com.crm.testcases.TC04_ToverifyNewOfferCreatedOnAccountTest</span>
            </div> <!-- main-panel-header rounded-window-top -->
            <div class="main-panel-content rounded-window-bottom">
              <div class="method">
                <div class="method-content">
                  <a name="verifyNewOfferCreatedOnAccount({Description=testoffer, CustomerID=000006289, TC No=TC04, UserName=axisadmin, Password=acid_qa, HotR...)">
                  </a> <!-- verifyNewOfferCreatedOnAccount({Description=testoffer, CustomerID=000006289, TC No=TC04, UserName=axisadmin, Password=acid_qa, HotR...) -->
                  <span class="method-name">verifyNewOfferCreatedOnAccount</span>
                  <span class="parameters">({Description=testoffer, CustomerID=000006289, TC No=TC04, UserName=axisadmin, Password=acid_qa, HotRating=Normal, RunMode=Yes, Role=BRO, SubProduct=03.Priority})</span>
                  <div class="stack-trace">org.testng.SkipException: Skipping the test VERIFYNEWOFFERCREATEDONACCOUNTas the Run mode is NO
	at com.crm.testcases.TC04_ToverifyNewOfferCreatedOnAccountTest.verifyNewOfferCreatedOnAccount(TC04_ToverifyNewOfferCreatedOnAccountTest.java:40)
	at java.base/java.util.ArrayList.forEach(ArrayList.java:1511)
... Removed 25 stack frames
</div> <!-- stack-trace -->
                </div> <!-- method-content -->
              </div> <!-- method -->
            </div> <!-- main-panel-content rounded-window-bottom -->
          </div> <!-- suite-Axis_Sanity_Framework-class-skipped -->
          <div class="suite-Axis_Sanity_Framework-class-skipped">
            <div class="main-panel-header rounded-window-top">
              <img src="skipped.png"/>
              <span class="class-name">com.crm.testcases.TC43_ToVerifyExecuteRecordsReportTest</span>
            </div> <!-- main-panel-header rounded-window-top -->
            <div class="main-panel-content rounded-window-bottom">
              <div class="method">
                <div class="method-content">
                  <a name="verifyExecuteRecordsReport({Password=acid_qa, SerialNo=1234567891, Date=30/12/2022, SRNumber=221229042286, SupervisorPassword=a...)">
                  </a> <!-- verifyExecuteRecordsReport({Password=acid_qa, SerialNo=1234567891, Date=30/12/2022, SRNumber=221229042286, SupervisorPassword=a...) -->
                  <span class="method-name">verifyExecuteRecordsReport</span>
                  <span class="parameters">({Password=acid_qa, SerialNo=1234567891, Date=30/12/2022, SRNumber=221229042286, SupervisorPassword=axis@123, Function=DP - DIS, UserName=187004, SlipSeries=23, TypeofRequest=Account Transfer, CustomerID=000008000, ClientID=0000000728, SupervisorUserName=dpdissupervisor, TC No=TC43, RunMode=Yes, SubSubFunction=DIS Execution NSDL, NatureOfQuery=Request, DigitallySignedDocument=Yes, LodgementRemarks=test, SubFunction=Settlement})</span>
                  <div class="stack-trace">org.testng.SkipException: Skipping the test TO VERIFY EXECUTE ALL RECORDS REPORTSas the Run mode is NO
	at com.crm.testcases.TC43_ToVerifyExecuteRecordsReportTest.verifyExecuteRecordsReport(TC43_ToVerifyExecuteRecordsReportTest.java:39)
	at java.base/java.util.ArrayList.forEach(ArrayList.java:1511)
... Removed 25 stack frames
</div> <!-- stack-trace -->
                </div> <!-- method-content -->
              </div> <!-- method -->
            </div> <!-- main-panel-content rounded-window-bottom -->
          </div> <!-- suite-Axis_Sanity_Framework-class-skipped -->
          <div class="suite-Axis_Sanity_Framework-class-skipped">
            <div class="main-panel-header rounded-window-top">
              <img src="skipped.png"/>
              <span class="class-name">com.crm.testcases.TC29_ToVerifySRVisibleInViewsTest</span>
            </div> <!-- main-panel-header rounded-window-top -->
            <div class="main-panel-content rounded-window-bottom">
              <div class="method">
                <div class="method-content">
                  <a name="verifySRVisibleInViews({AccountCardDetailSearchParameter=Prospect Customer, SubFunction=Customer Details Maintenance, SRNum...)">
                  </a> <!-- verifySRVisibleInViews({AccountCardDetailSearchParameter=Prospect Customer, SubFunction=Customer Details Maintenance, SRNum...) -->
                  <span class="method-name">verifySRVisibleInViews</span>
                  <span class="parameters">({AccountCardDetailSearchParameter=Prospect Customer, SubFunction=Customer Details Maintenance, SRNumber=221228042261, AssignedTo=locadmin3, Function=Account Maintenance, TC No=TC29, NatureofQuery=Request, SubSubFunction=CIF ID Replacement And Suspension, LocAdminUserName=locadmin3, UserName=initiator, LodgementUserTeam=CPU Dedupe, Product=PCS, Password=acid_qa, RunMode=Yes, LodgementRemarks=test})</span>
                  <div class="stack-trace">org.testng.SkipException: Skipping the test VERIFYSRVISIBLEINVIEWSas the Run mode is NO
	at com.crm.testcases.TC29_ToVerifySRVisibleInViewsTest.verifySRVisibleInViews(TC29_ToVerifySRVisibleInViewsTest.java:34)
	at java.base/java.util.ArrayList.forEach(ArrayList.java:1511)
... Removed 25 stack frames
</div> <!-- stack-trace -->
                </div> <!-- method-content -->
              </div> <!-- method -->
            </div> <!-- main-panel-content rounded-window-bottom -->
          </div> <!-- suite-Axis_Sanity_Framework-class-skipped -->
          <div class="suite-Axis_Sanity_Framework-class-skipped">
            <div class="main-panel-header rounded-window-top">
              <img src="skipped.png"/>
              <span class="class-name">com.crm.testcases.TC06_CustomerSearchTest</span>
            </div> <!-- main-panel-header rounded-window-top -->
            <div class="main-panel-content rounded-window-bottom">
              <div class="method">
                <div class="method-content">
                  <a name="verifyCustomerSearch({CustomerID=000006289, TC No=TC06, Mobile=9000000208, PAN=CJJPS4758Z, Email=test2074@gmail.com, User...)">
                  </a> <!-- verifyCustomerSearch({CustomerID=000006289, TC No=TC06, Mobile=9000000208, PAN=CJJPS4758Z, Email=test2074@gmail.com, User...) -->
                  <span class="method-name">verifyCustomerSearch</span>
                  <span class="parameters">({CustomerID=000006289, TC No=TC06, Mobile=9000000208, PAN=CJJPS4758Z, Email=test2074@gmail.com, UserName=axisadmin, Password=acid_qa, RunMode=Yes, Role=BRO, CustomerName=account7813})</span>
                  <div class="stack-trace">org.testng.SkipException: Skipping the test VERIFYCUSTOMERSEARCHas the Run mode is NO
	at com.crm.testcases.TC06_CustomerSearchTest.verifyCustomerSearch(TC06_CustomerSearchTest.java:43)
	at java.base/java.util.ArrayList.forEach(ArrayList.java:1511)
... Removed 25 stack frames
</div> <!-- stack-trace -->
                </div> <!-- method-content -->
              </div> <!-- method -->
            </div> <!-- main-panel-content rounded-window-bottom -->
          </div> <!-- suite-Axis_Sanity_Framework-class-skipped -->
          <div class="suite-Axis_Sanity_Framework-class-skipped">
            <div class="main-panel-header rounded-window-top">
              <img src="skipped.png"/>
              <span class="class-name">com.crm.testcases.TC15_ToVerifyNewLeadCreatedTest</span>
            </div> <!-- main-panel-header rounded-window-top -->
            <div class="main-panel-content rounded-window-bottom">
              <div class="method">
                <div class="method-content">
                  <a name="verifyNewLeadIsCreated({Mobile=9000004610, Password=acid_qa, Role=BRO, Name=Mr., LeadSource=Walk-In, SubProduct=Activation,...)">
                  </a> <!-- verifyNewLeadIsCreated({Mobile=9000004610, Password=acid_qa, Role=BRO, Name=Mr., LeadSource=Walk-In, SubProduct=Activation,...) -->
                  <span class="method-name">verifyNewLeadIsCreated</span>
                  <span class="parameters">({Mobile=9000004610, Password=acid_qa, Role=BRO, Name=Mr., LeadSource=Walk-In, SubProduct=Activation, LeadDescription=lead creation, UserName=axisadmin, Branch=ALT004: Mumbai, LastName=leadlastname, LeadID=300088760, Subsource=AXIS Dept, Product=Axis Direct, FirstName=lead6280, TC No=TC15, RunMode=Yes, PAN=CJJPS7157Z, Address=Andheri,Chakala, DateofBirth=27/04/2022, Email=test1731@gmail.com})</span>
                  <div class="stack-trace">org.testng.SkipException: Skipping the test VERIFYNEWLEADISCREATEDas the Run mode is NO
	at com.crm.testcases.TC15_ToVerifyNewLeadCreatedTest.verifyNewLeadIsCreated(TC15_ToVerifyNewLeadCreatedTest.java:41)
	at java.base/java.util.ArrayList.forEach(ArrayList.java:1511)
... Removed 25 stack frames
</div> <!-- stack-trace -->
                </div> <!-- method-content -->
              </div> <!-- method -->
            </div> <!-- main-panel-content rounded-window-bottom -->
          </div> <!-- suite-Axis_Sanity_Framework-class-skipped -->
          <div class="suite-Axis_Sanity_Framework-class-skipped">
            <div class="main-panel-header rounded-window-top">
              <img src="skipped.png"/>
              <span class="class-name">com.crm.testcases.TC34_ToVerifyImportFunctionalityTest</span>
            </div> <!-- main-panel-header rounded-window-top -->
            <div class="main-panel-content rounded-window-bottom">
              <div class="method">
                <div class="method-content">
                  <a name="verifyImportFunctionality({Password=acid_qa, ProductType=Cheque, ClientCode=0000006835, SRNumber=221229042274, PickUpAddress=A...)">
                  </a> <!-- verifyImportFunctionality({Password=acid_qa, ProductType=Cheque, ClientCode=0000006835, SRNumber=221229042274, PickUpAddress=A...) -->
                  <span class="method-name">verifyImportFunctionality</span>
                  <span class="parameters">({Password=acid_qa, ProductType=Cheque, ClientCode=0000006835, SRNumber=221229042274, PickUpAddress=Andheri, NatureofQuery=Request, Function=CMS LOGISTICS, CIFID=000009699, UserName=ccpho1, CommunicationEmailId=test5139@gmail.com, Product=Collection, TC No=TC34, RunMode=Yes, BriefDescription=test, SubSubFunction=FOR CASH/CHEQUE/CASH DELIVERY/CHEQUE DELIVERY/CDM, PickUpFrequency=On Call, SubFunction=FEASIBILITY CHECKING WITH VENDOR, CorporateName=corporatename1011})</span>
                  <div class="stack-trace">org.testng.SkipException: Skipping the test VERIFYIMPORTFUNCTIONALITYas the Run mode is NO
	at com.crm.testcases.TC34_ToVerifyImportFunctionalityTest.verifyImportFunctionality(TC34_ToVerifyImportFunctionalityTest.java:35)
	at java.base/java.util.ArrayList.forEach(ArrayList.java:1511)
... Removed 25 stack frames
</div> <!-- stack-trace -->
                </div> <!-- method-content -->
              </div> <!-- method -->
            </div> <!-- main-panel-content rounded-window-bottom -->
          </div> <!-- suite-Axis_Sanity_Framework-class-skipped -->
          <div class="suite-Axis_Sanity_Framework-class-passed">
            <div class="main-panel-header rounded-window-top">
              <img src="passed.png"/>
              <span class="class-name">com.crm.testcases.TC26_ToVerifyonEditOffersAlldataDisplayInEditPageTest</span>
            </div> <!-- main-panel-header rounded-window-top -->
            <div class="main-panel-content rounded-window-bottom">
              <div class="method">
                <div class="method-content">
                  <a name="VerifyEditOnOffers({SubProduct=Activation, RunMode=Yes, Password=acid_qa, Product=Axis Direct, Priority=1, Role=Adminis...)">
                  </a> <!-- VerifyEditOnOffers({SubProduct=Activation, RunMode=Yes, Password=acid_qa, Product=Axis Direct, Priority=1, Role=Adminis...) -->
                  <span class="method-name">VerifyEditOnOffers</span>
                  <span class="parameters">({SubProduct=Activation, RunMode=Yes, Password=acid_qa, Product=Axis Direct, Priority=1, Role=Administrator, UserName=axisadmin, TC No=TC26})</span>
                </div> <!-- method-content -->
              </div> <!-- method -->
            </div> <!-- main-panel-content rounded-window-bottom -->
          </div> <!-- suite-Axis_Sanity_Framework-class-passed -->
        </div> <!-- panel Axis_Sanity_Framework -->
        <div panel-name="test-xml-Axis_Sanity_Framework" class="panel">
          <div class="main-panel-header rounded-window-top">
            <span class="header-content">C:\Users\kumuad.sagar\eclipse-workspace\Axis_Sanity_DataProvider\src\test\resources\runner\testng.xml</span>
          </div> <!-- main-panel-header rounded-window-top -->
          <div class="main-panel-content rounded-window-bottom">
            <pre>
&lt;?xml version=&quot;1.0&quot; encoding=&quot;UTF-8&quot;?&gt;
&lt;!DOCTYPE suite SYSTEM &quot;https://testng.org/testng-1.0.dtd&quot;&gt;
&lt;suite name=&quot;Axis Sanity Framework&quot; guice-stage=&quot;DEVELOPMENT&quot;&gt;
  &lt;listeners&gt;
    &lt;listener class-name=&quot;com.crm.listeners.CustomListener&quot;/&gt;
  &lt;/listeners&gt;
  &lt;test thread-count=&quot;5&quot; name=&quot;Account Creation &quot;&gt;
    &lt;classes&gt;
      &lt;class name=&quot;com.crm.testcases.TC01_ToverifyAccountIsCreatedTest&quot;/&gt;
    &lt;/classes&gt;
  &lt;/test&gt; &lt;!-- Account Creation  --&gt;
  &lt;test thread-count=&quot;5&quot; name=&quot;Lead Creation On Account&quot;&gt;
    &lt;classes&gt;
      &lt;class name=&quot;com.crm.testcases.TC02_ToverifyLeadIsCreatedOnAccountTest&quot;/&gt;
    &lt;/classes&gt;
  &lt;/test&gt; &lt;!-- Lead Creation On Account --&gt;
  &lt;test thread-count=&quot;5&quot; name=&quot;Activity Creation On Account&quot;&gt;
    &lt;classes&gt;
      &lt;class name=&quot;com.crm.testcases.TC03_ToverifyActivityCreatedOnAccountTest&quot;/&gt;
    &lt;/classes&gt;
  &lt;/test&gt; &lt;!-- Activity Creation On Account --&gt;
  &lt;test thread-count=&quot;5&quot; name=&quot;New Offer Creation On Account&quot;&gt;
    &lt;classes&gt;
      &lt;class name=&quot;com.crm.testcases.TC04_ToverifyNewOfferCreatedOnAccountTest&quot;/&gt;
    &lt;/classes&gt;
  &lt;/test&gt; &lt;!-- New Offer Creation On Account --&gt;
  &lt;test thread-count=&quot;5&quot; name=&quot;Verify Tabs Visible On Account&quot;&gt;
    &lt;classes&gt;
      &lt;class name=&quot;com.crm.testcases.TC05_ToverifyTabsVisibleOnAccountTest&quot;/&gt;
    &lt;/classes&gt;
  &lt;/test&gt; &lt;!-- Verify Tabs Visible On Account --&gt;
  &lt;test thread-count=&quot;5&quot; name=&quot;Customer Search&quot;&gt;
    &lt;classes&gt;
      &lt;class name=&quot;com.crm.testcases.TC06_CustomerSearchTest&quot;/&gt;
    &lt;/classes&gt;
  &lt;/test&gt; &lt;!-- Customer Search --&gt;
  &lt;test thread-count=&quot;5&quot; name=&quot;Appointment Creation Page open&quot;&gt;
    &lt;classes&gt;
      &lt;class name=&quot;com.crm.testcases.TC07_ToverifyAppointmentCreationPageOpenTest&quot;/&gt;
    &lt;/classes&gt;
  &lt;/test&gt; &lt;!-- Appointment Creation Page open --&gt;
  &lt;test thread-count=&quot;5&quot; name=&quot;Activity Created&quot;&gt;
    &lt;classes&gt;
      &lt;class name=&quot;com.crm.testcases.TC08_ToverifyActivityCreatedIndependentlyTest&quot;/&gt;
    &lt;/classes&gt;
  &lt;/test&gt; &lt;!-- Activity Created --&gt;
  &lt;test thread-count=&quot;5&quot; name=&quot;Activity Created Edited&quot;&gt;
    &lt;classes&gt;
      &lt;class name=&quot;com.crm.testcases.TC09_ToverifyCreatedActivityToBeEditedTest&quot;/&gt;
    &lt;/classes&gt;
  &lt;/test&gt; &lt;!-- Activity Created Edited --&gt;
  &lt;test thread-count=&quot;5&quot; name=&quot;Pagination On Appointment Listing Page&quot;&gt;
    &lt;classes&gt;
      &lt;class name=&quot;com.crm.testcases.TC10_ToVerifyPaginationAndOrderByOnAppointmentListingTest&quot;/&gt;
    &lt;/classes&gt;
  &lt;/test&gt; &lt;!-- Pagination On Appointment Listing Page --&gt;
  &lt;test thread-count=&quot;5&quot; name=&quot;Scheduled Appointment&quot;&gt;
    &lt;classes&gt;
      &lt;class name=&quot;com.crm.testcases.TC11_ToVerifyScheduledAppointmentTest&quot;/&gt;
    &lt;/classes&gt;
  &lt;/test&gt; &lt;!-- Scheduled Appointment --&gt;
  &lt;test thread-count=&quot;5&quot; name=&quot;Category View Appointment&quot;&gt;
    &lt;classes&gt;
      &lt;class name=&quot;com.crm.testcases.TC12_ToVerfiyCategoryViewAppointmentTest&quot;/&gt;
    &lt;/classes&gt;
  &lt;/test&gt; &lt;!-- Category View Appointment --&gt;
  &lt;test thread-count=&quot;5&quot; name=&quot; Activity Created closed&quot;&gt;
    &lt;classes&gt;
      &lt;class name=&quot;com.crm.testcases.TC13_ToverifyCreatedActivityClosedTest&quot;/&gt;
    &lt;/classes&gt;
  &lt;/test&gt; &lt;!--  Activity Created closed --&gt;
  &lt;test thread-count=&quot;5&quot; name=&quot;Lead Creation Page Open&quot;&gt;
    &lt;classes&gt;
      &lt;class name=&quot;com.crm.testcases.TC14_ToverifyLeadCreationPageOpenTest&quot;/&gt;
    &lt;/classes&gt;
  &lt;/test&gt; &lt;!-- Lead Creation Page Open --&gt;
  &lt;test thread-count=&quot;5&quot; name=&quot;New Lead Created&quot;&gt;
    &lt;classes&gt;
      &lt;class name=&quot;com.crm.testcases.TC15_ToVerifyNewLeadCreatedTest&quot;/&gt;
    &lt;/classes&gt;
  &lt;/test&gt; &lt;!-- New Lead Created --&gt;
  &lt;test thread-count=&quot;5&quot; name=&quot;Lead Search&quot;&gt;
    &lt;classes&gt;
      &lt;class name=&quot;com.crm.testcases.TC16_LeadSearchTest&quot;/&gt;
    &lt;/classes&gt;
  &lt;/test&gt; &lt;!-- Lead Search --&gt;
  &lt;test thread-count=&quot;5&quot; name=&quot;Verify Edit Lead All Data Display In Edit Page&quot;&gt;
    &lt;classes&gt;
      &lt;class name=&quot;com.crm.testcases.TC17_ToVerifyEditLeadAllDataDisplayInEditPageTest&quot;/&gt;
    &lt;/classes&gt;
  &lt;/test&gt; &lt;!-- Verify Edit Lead All Data Display In Edit Page --&gt;
  &lt;test thread-count=&quot;5&quot; name=&quot;verify Document Attachement On Lead Details Page&quot;&gt;
    &lt;classes&gt;
      &lt;class name=&quot;com.crm.testcases.TC18_ToverifyDocumentAttachementOnLeadDetailsPageTest&quot;/&gt;
    &lt;/classes&gt;
  &lt;/test&gt; &lt;!-- verify Document Attachement On Lead Details Page --&gt;
  &lt;test thread-count=&quot;5&quot; name=&quot;verify Appointment Created On Lead&quot;&gt;
    &lt;classes&gt;
      &lt;class name=&quot;com.crm.testcases.TC19_ToverifyAppointmentCreatedOnLeadTest&quot;/&gt;
    &lt;/classes&gt;
  &lt;/test&gt; &lt;!-- verify Appointment Created On Lead --&gt;
  &lt;test thread-count=&quot;5&quot; name=&quot;verify Task Created On Lead&quot;&gt;
    &lt;classes&gt;
      &lt;class name=&quot;com.crm.testcases.TC20_ToverifyTaskCreatedOnLeadTest&quot;/&gt;
    &lt;/classes&gt;
  &lt;/test&gt; &lt;!-- verify Task Created On Lead --&gt;
  &lt;test thread-count=&quot;5&quot; name=&quot;verify Lead History Page&quot;&gt;
    &lt;classes&gt;
      &lt;class name=&quot;com.crm.testcases.TC21_ToverifyLeadHistoryPageTest&quot;/&gt;
    &lt;/classes&gt;
  &lt;/test&gt; &lt;!-- verify Lead History Page --&gt;
  &lt;test thread-count=&quot;5&quot; name=&quot;verify Pagination And Order By On Lead Listing Page&quot;&gt;
    &lt;classes&gt;
      &lt;class name=&quot;com.crm.testcases.TC22_ToverifyPaginationAndOrderByOnLeadListingPageTest&quot;/&gt;
    &lt;/classes&gt;
  &lt;/test&gt; &lt;!-- verify Pagination And Order By On Lead Listing Page --&gt;
  &lt;test thread-count=&quot;5&quot; name=&quot;verify Category View Lead&quot;&gt;
    &lt;classes&gt;
      &lt;class name=&quot;com.crm.testcases.TC23_ToverifyCategoryViewLeadTest&quot;/&gt;
    &lt;/classes&gt;
  &lt;/test&gt; &lt;!-- verify Category View Lead --&gt;
  &lt;test thread-count=&quot;5&quot; name=&quot;verify Offer Creation Page Open&quot;&gt;
    &lt;classes&gt;
      &lt;class name=&quot;com.crm.testcases.TC24_ToverifyOfferCreationPageOpenTest&quot;/&gt;
    &lt;/classes&gt;
  &lt;/test&gt; &lt;!-- verify Offer Creation Page Open --&gt;
  &lt;test thread-count=&quot;5&quot; name=&quot;verify OfferCreation&quot;&gt;
    &lt;classes&gt;
      &lt;class name=&quot;com.crm.testcases.TC25_ToverifyOfferCreationTest&quot;/&gt;
    &lt;/classes&gt;
  &lt;/test&gt; &lt;!-- verify OfferCreation --&gt;
  &lt;test thread-count=&quot;5&quot; name=&quot;Verify on Edit Offers All data Display In Edit Page&quot;&gt;
    &lt;classes&gt;
      &lt;class name=&quot;com.crm.testcases.TC26_ToVerifyonEditOffersAlldataDisplayInEditPageTest&quot;/&gt;
    &lt;/classes&gt;
  &lt;/test&gt; &lt;!-- Verify on Edit Offers All data Display In Edit Page --&gt;
  &lt;test thread-count=&quot;5&quot; name=&quot;verify SR Is Getting Created&quot;&gt;
    &lt;classes&gt;
      &lt;class name=&quot;com.crm.testcases.TC27_ToverifySRIsGettingCreatedTest&quot;/&gt;
    &lt;/classes&gt;
  &lt;/test&gt; &lt;!-- verify SR Is Getting Created --&gt;
  &lt;test thread-count=&quot;5&quot; name=&quot;verify SR Is Assigned To User&quot;&gt;
    &lt;classes&gt;
      &lt;class name=&quot;com.crm.testcases.TC28_ToVerifySRIsAssignedToUserTest&quot;/&gt;
    &lt;/classes&gt;
  &lt;/test&gt; &lt;!-- verify SR Is Assigned To User --&gt;
  &lt;test thread-count=&quot;5&quot; name=&quot;verify SR Visible In Views&quot;&gt;
    &lt;classes&gt;
      &lt;class name=&quot;com.crm.testcases.TC29_ToVerifySRVisibleInViewsTest&quot;/&gt;
    &lt;/classes&gt;
  &lt;/test&gt; &lt;!-- verify SR Visible In Views --&gt;
  &lt;test thread-count=&quot;5&quot; name=&quot;verify SR Search&quot;&gt;
    &lt;classes&gt;
      &lt;class name=&quot;com.crm.testcases.TC30_ToVerifySRSearchTest&quot;/&gt;
    &lt;/classes&gt;
  &lt;/test&gt; &lt;!-- verify SR Search --&gt;
  &lt;test thread-count=&quot;5&quot; name=&quot;verify SR Edited by Assigned to user&quot;&gt;
    &lt;classes&gt;
      &lt;class name=&quot;com.crm.testcases.TC31_TOverifySREditedByAssignedUserTest&quot;/&gt;
    &lt;/classes&gt;
  &lt;/test&gt; &lt;!-- verify SR Edited by Assigned to user --&gt;
  &lt;test thread-count=&quot;5&quot; name=&quot;verify SR History Page&quot;&gt;
    &lt;classes&gt;
      &lt;class name=&quot;com.crm.testcases.TC32_ToVerifySRHistoryPageTest&quot;/&gt;
    &lt;/classes&gt;
  &lt;/test&gt; &lt;!-- verify SR History Page --&gt;
  &lt;test thread-count=&quot;5&quot; name=&quot;verify Dedupe&quot;&gt;
    &lt;classes&gt;
      &lt;class name=&quot;com.crm.testcases.TC33_ToVerifyDedupeRuleTest&quot;/&gt;
    &lt;/classes&gt;
  &lt;/test&gt; &lt;!-- verify Dedupe --&gt;
  &lt;test thread-count=&quot;5&quot; name=&quot;verify Import Functionality&quot;&gt;
    &lt;classes&gt;
      &lt;class name=&quot;com.crm.testcases.TC34_ToVerifyImportFunctionalityTest&quot;/&gt;
    &lt;/classes&gt;
  &lt;/test&gt; &lt;!-- verify Import Functionality --&gt;
  &lt;test thread-count=&quot;5&quot; name=&quot;verify Calendar Appointment&quot;&gt;
    &lt;classes&gt;
      &lt;class name=&quot;com.crm.testcases.TC35_ToVerifyCalendarAppointmentCreationTest&quot;/&gt;
    &lt;/classes&gt;
  &lt;/test&gt; &lt;!-- verify Calendar Appointment --&gt;
  &lt;test thread-count=&quot;5&quot; name=&quot;verify Task Creation&quot;&gt;
    &lt;classes&gt;
      &lt;class name=&quot;com.crm.testcases.TC36_ToverifyTaskCreationTest&quot;/&gt;
    &lt;/classes&gt;
  &lt;/test&gt; &lt;!-- verify Task Creation --&gt;
  &lt;test thread-count=&quot;5&quot; name=&quot;verify Alerts&quot;&gt;
    &lt;classes&gt;
      &lt;class name=&quot;com.crm.testcases.TC37_ToverifyAlertsTest&quot;/&gt;
    &lt;/classes&gt;
  &lt;/test&gt; &lt;!-- verify Alerts --&gt;
  &lt;test thread-count=&quot;5&quot; name=&quot;verify Conditional Access&quot;&gt;
    &lt;classes&gt;
      &lt;class name=&quot;com.crm.testcases.TC38_ToverifyConditionalAccessTest&quot;/&gt;
    &lt;/classes&gt;
  &lt;/test&gt; &lt;!-- verify Conditional Access --&gt;
  &lt;test thread-count=&quot;5&quot; name=&quot;verify CustomAction Button&quot;&gt;
    &lt;classes&gt;
      &lt;class name=&quot;com.crm.testcases.TC39_ToverifyCustomActionButtonTest&quot;/&gt;
    &lt;/classes&gt;
  &lt;/test&gt; &lt;!-- verify CustomAction Button --&gt;
  &lt;test thread-count=&quot;5&quot; name=&quot;verify StandardSRProcess&quot;&gt;
    &lt;classes&gt;
      &lt;class name=&quot;com.crm.testcases.TC40_ToverifyStandardSRProcessTest&quot;/&gt;
    &lt;/classes&gt;
  &lt;/test&gt; &lt;!-- verify StandardSRProcess --&gt;
  &lt;test thread-count=&quot;5&quot; name=&quot;verify ListOfReports&quot;&gt;
    &lt;classes&gt;
      &lt;class name=&quot;com.crm.testcases.TC41_ToVerifyListOfReportsDisplayTest&quot;/&gt;
    &lt;/classes&gt;
  &lt;/test&gt; &lt;!-- verify ListOfReports --&gt;
  &lt;test thread-count=&quot;5&quot; name=&quot;verify Reports Open&quot;&gt;
    &lt;classes&gt;
      &lt;class name=&quot;com.crm.testcases.TC42_ToVerifyReportsOpenProperlyTest&quot;/&gt;
    &lt;/classes&gt;
  &lt;/test&gt; &lt;!-- verify Reports Open --&gt;
  &lt;test thread-count=&quot;5&quot; name=&quot;verify Execute Records Reports &quot;&gt;
    &lt;classes&gt;
      &lt;class name=&quot;com.crm.testcases.TC43_ToVerifyExecuteRecordsReportTest&quot;/&gt;
    &lt;/classes&gt;
  &lt;/test&gt; &lt;!-- verify Execute Records Reports  --&gt;
  &lt;test thread-count=&quot;5&quot; name=&quot;verify Reports Added to quick links&quot;&gt;
    &lt;classes&gt;
      &lt;class name=&quot;com.crm.testcases.TC44_ToVerifyReportsAddedToQuickLinksTest&quot;/&gt;
    &lt;/classes&gt;
  &lt;/test&gt; &lt;!-- verify Reports Added to quick links --&gt;
  &lt;test thread-count=&quot;5&quot; name=&quot;verify ComposeEmail&quot;&gt;
    &lt;classes&gt;
      &lt;class name=&quot;com.crm.testcases.TC45_VerfyEmailSentToExistingSRTest&quot;/&gt;
    &lt;/classes&gt;
  &lt;/test&gt; &lt;!-- verify ComposeEmail --&gt;
  &lt;test thread-count=&quot;5&quot; name=&quot;verify Data Presenter EDs&quot;&gt;
    &lt;classes&gt;
      &lt;class name=&quot;com.crm.testcases.TC46_VerifyDataPresenterTest&quot;/&gt;
    &lt;/classes&gt;
  &lt;/test&gt; &lt;!-- verify Data Presenter EDs --&gt;
  &lt;test thread-count=&quot;5&quot; name=&quot;verify Summary Page&quot;&gt;
    &lt;classes&gt;
      &lt;class name=&quot;com.crm.testcases.TC47_ToVerifySummaryPageTest&quot;/&gt;
    &lt;/classes&gt;
  &lt;/test&gt; &lt;!-- verify Summary Page --&gt;
  &lt;test thread-count=&quot;5&quot; name=&quot;verify Reports Filters&quot;&gt;
    &lt;classes&gt;
      &lt;class name=&quot;com.crm.testcases.TC48_ToVerfiyListOfFilterDisplayInReportsTest&quot;/&gt;
    &lt;/classes&gt;
  &lt;/test&gt; &lt;!-- verify Reports Filters --&gt;
&lt;/suite&gt; &lt;!-- Axis Sanity Framework --&gt;
            </pre>
          </div> <!-- main-panel-content rounded-window-bottom -->
        </div> <!-- panel -->
        <div panel-name="testlist-Axis_Sanity_Framework" class="panel">
          <div class="main-panel-header rounded-window-top">
            <span class="header-content">Tests for Axis Sanity Framework</span>
          </div> <!-- main-panel-header rounded-window-top -->
          <div class="main-panel-content rounded-window-bottom">
            <ul>
              <li>
                <span class="test-name">Account Creation  (1 class)</span>
              </li>
              <li>
                <span class="test-name">Lead Creation On Account (1 class)</span>
              </li>
              <li>
                <span class="test-name">Activity Creation On Account (1 class)</span>
              </li>
              <li>
                <span class="test-name">New Offer Creation On Account (1 class)</span>
              </li>
              <li>
                <span class="test-name">Verify Tabs Visible On Account (1 class)</span>
              </li>
              <li>
                <span class="test-name">Customer Search (1 class)</span>
              </li>
              <li>
                <span class="test-name">Appointment Creation Page open (1 class)</span>
              </li>
              <li>
                <span class="test-name">Activity Created (1 class)</span>
              </li>
              <li>
                <span class="test-name">Activity Created Edited (1 class)</span>
              </li>
              <li>
                <span class="test-name">Pagination On Appointment Listing Page (1 class)</span>
              </li>
              <li>
                <span class="test-name">Scheduled Appointment (1 class)</span>
              </li>
              <li>
                <span class="test-name">Category View Appointment (1 class)</span>
              </li>
              <li>
                <span class="test-name"> Activity Created closed (1 class)</span>
              </li>
              <li>
                <span class="test-name">Lead Creation Page Open (1 class)</span>
              </li>
              <li>
                <span class="test-name">New Lead Created (1 class)</span>
              </li>
              <li>
                <span class="test-name">Lead Search (1 class)</span>
              </li>
              <li>
                <span class="test-name">Verify Edit Lead All Data Display In Edit Page (1 class)</span>
              </li>
              <li>
                <span class="test-name">verify Document Attachement On Lead Details Page (1 class)</span>
              </li>
              <li>
                <span class="test-name">verify Appointment Created On Lead (1 class)</span>
              </li>
              <li>
                <span class="test-name">verify Task Created On Lead (1 class)</span>
              </li>
              <li>
                <span class="test-name">verify Lead History Page (1 class)</span>
              </li>
              <li>
                <span class="test-name">verify Pagination And Order By On Lead Listing Page (1 class)</span>
              </li>
              <li>
                <span class="test-name">verify Category View Lead (1 class)</span>
              </li>
              <li>
                <span class="test-name">verify Offer Creation Page Open (1 class)</span>
              </li>
              <li>
                <span class="test-name">verify OfferCreation (1 class)</span>
              </li>
              <li>
                <span class="test-name">Verify on Edit Offers All data Display In Edit Page (1 class)</span>
              </li>
              <li>
                <span class="test-name">verify SR Is Getting Created (1 class)</span>
              </li>
              <li>
                <span class="test-name">verify SR Is Assigned To User (1 class)</span>
              </li>
              <li>
                <span class="test-name">verify SR Visible In Views (1 class)</span>
              </li>
              <li>
                <span class="test-name">verify SR Search (1 class)</span>
              </li>
              <li>
                <span class="test-name">verify SR Edited by Assigned to user (1 class)</span>
              </li>
              <li>
                <span class="test-name">verify SR History Page (1 class)</span>
              </li>
              <li>
                <span class="test-name">verify Dedupe (1 class)</span>
              </li>
              <li>
                <span class="test-name">verify Import Functionality (1 class)</span>
              </li>
              <li>
                <span class="test-name">verify Calendar Appointment (1 class)</span>
              </li>
              <li>
                <span class="test-name">verify Task Creation (1 class)</span>
              </li>
              <li>
                <span class="test-name">verify Alerts (1 class)</span>
              </li>
              <li>
                <span class="test-name">verify Conditional Access (1 class)</span>
              </li>
              <li>
                <span class="test-name">verify CustomAction Button (1 class)</span>
              </li>
              <li>
                <span class="test-name">verify StandardSRProcess (1 class)</span>
              </li>
              <li>
                <span class="test-name">verify ListOfReports (1 class)</span>
              </li>
              <li>
                <span class="test-name">verify Reports Open (1 class)</span>
              </li>
              <li>
                <span class="test-name">verify Execute Records Reports  (1 class)</span>
              </li>
              <li>
                <span class="test-name">verify Reports Added to quick links (1 class)</span>
              </li>
              <li>
                <span class="test-name">verify ComposeEmail (1 class)</span>
              </li>
              <li>
                <span class="test-name">verify Data Presenter EDs (1 class)</span>
              </li>
              <li>
                <span class="test-name">verify Summary Page (1 class)</span>
              </li>
              <li>
                <span class="test-name">verify Reports Filters (1 class)</span>
              </li>
            </ul>
          </div> <!-- main-panel-content rounded-window-bottom -->
        </div> <!-- panel -->
        <div panel-name="group-Axis_Sanity_Framework" class="panel">
          <div class="main-panel-header rounded-window-top">
            <span class="header-content">Groups for Axis Sanity Framework</span>
          </div> <!-- main-panel-header rounded-window-top -->
          <div class="main-panel-content rounded-window-bottom">
          </div> <!-- main-panel-content rounded-window-bottom -->
        </div> <!-- panel -->
        <div panel-name="times-Axis_Sanity_Framework" class="panel">
          <div class="main-panel-header rounded-window-top">
            <span class="header-content">Times for Axis Sanity Framework</span>
          </div> <!-- main-panel-header rounded-window-top -->
          <div class="main-panel-content rounded-window-bottom">
            <div class="times-div">
              <script type="text/javascript">
suiteTableInitFunctions.push('tableData_Axis_Sanity_Framework');
function tableData_Axis_Sanity_Framework() {
var data = new google.visualization.DataTable();
data.addColumn('number', 'Number');
data.addColumn('string', 'Method');
data.addColumn('string', 'Class');
data.addColumn('number', 'Time (ms)');
data.addRows(48);
data.setCell(0, 0, 0)
data.setCell(0, 1, 'VerifyEditOnOffers')
data.setCell(0, 2, 'com.crm.testcases.TC26_ToVerifyonEditOffersAlldataDisplayInEditPageTest')
data.setCell(0, 3, 68697);
data.setCell(1, 0, 1)
data.setCell(1, 1, 'verifyLeadIsCreatedOnAccount')
data.setCell(1, 2, 'com.crm.testcases.TC02_ToverifyLeadIsCreatedOnAccountTest')
data.setCell(1, 3, 2394);
data.setCell(2, 0, 2)
data.setCell(2, 1, 'verifyPaginationOnApppointment')
data.setCell(2, 2, 'com.crm.testcases.TC10_ToVerifyPaginationAndOrderByOnAppointmentListingTest')
data.setCell(2, 3, 1014);
data.setCell(3, 0, 3)
data.setCell(3, 1, 'verfiyCategoryViewAppointment')
data.setCell(3, 2, 'com.crm.testcases.TC12_ToVerfiyCategoryViewAppointmentTest')
data.setCell(3, 3, 971);
data.setCell(4, 0, 4)
data.setCell(4, 1, 'verifyDocumentAttachementOnLead')
data.setCell(4, 2, 'com.crm.testcases.TC18_ToverifyDocumentAttachementOnLeadDetailsPageTest')
data.setCell(4, 3, 934);
data.setCell(5, 0, 5)
data.setCell(5, 1, 'verifyAppointmentPageOpen')
data.setCell(5, 2, 'com.crm.testcases.TC07_ToverifyAppointmentCreationPageOpenTest')
data.setCell(5, 3, 908);
data.setCell(6, 0, 6)
data.setCell(6, 1, 'verifyScheduledAppointment')
data.setCell(6, 2, 'com.crm.testcases.TC11_ToVerifyScheduledAppointmentTest')
data.setCell(6, 3, 893);
data.setCell(7, 0, 7)
data.setCell(7, 1, 'verifyLeadPageOpen')
data.setCell(7, 2, 'com.crm.testcases.TC14_ToverifyLeadCreationPageOpenTest')
data.setCell(7, 3, 866);
data.setCell(8, 0, 8)
data.setCell(8, 1, 'verifyActivityCreated')
data.setCell(8, 2, 'com.crm.testcases.TC08_ToverifyActivityCreatedIndependentlyTest')
data.setCell(8, 3, 828);
data.setCell(9, 0, 9)
data.setCell(9, 1, 'verifyNewLeadIsCreated')
data.setCell(9, 2, 'com.crm.testcases.TC15_ToVerifyNewLeadCreatedTest')
data.setCell(9, 3, 827);
data.setCell(10, 0, 10)
data.setCell(10, 1, 'verifyTaskCreatedOnLead')
data.setCell(10, 2, 'com.crm.testcases.TC20_ToverifyTaskCreatedOnLeadTest')
data.setCell(10, 3, 819);
data.setCell(11, 0, 11)
data.setCell(11, 1, 'verifyCustomerSearch')
data.setCell(11, 2, 'com.crm.testcases.TC06_CustomerSearchTest')
data.setCell(11, 3, 808);
data.setCell(12, 0, 12)
data.setCell(12, 1, 'verifyAccountIsCreated')
data.setCell(12, 2, 'com.crm.testcases.TC01_ToverifyAccountIsCreatedTest')
data.setCell(12, 3, 790);
data.setCell(13, 0, 13)
data.setCell(13, 1, 'verifyTabsVisibleOnAccount')
data.setCell(13, 2, 'com.crm.testcases.TC05_ToverifyTabsVisibleOnAccountTest')
data.setCell(13, 3, 778);
data.setCell(14, 0, 14)
data.setCell(14, 1, 'verifyPaginationOnLead')
data.setCell(14, 2, 'com.crm.testcases.TC22_ToverifyPaginationAndOrderByOnLeadListingPageTest')
data.setCell(14, 3, 774);
data.setCell(15, 0, 15)
data.setCell(15, 1, 'verifyCreatedActivityEdited')
data.setCell(15, 2, 'com.crm.testcases.TC09_ToverifyCreatedActivityToBeEditedTest')
data.setCell(15, 3, 762);
data.setCell(16, 0, 16)
data.setCell(16, 1, 'verifyEditLead')
data.setCell(16, 2, 'com.crm.testcases.TC17_ToVerifyEditLeadAllDataDisplayInEditPageTest')
data.setCell(16, 3, 756);
data.setCell(17, 0, 17)
data.setCell(17, 1, 'verifyCreatedActivityClosed')
data.setCell(17, 2, 'com.crm.testcases.TC13_ToverifyCreatedActivityClosedTest')
data.setCell(17, 3, 753);
data.setCell(18, 0, 18)
data.setCell(18, 1, 'verifyAppointmentCreatedOnLead')
data.setCell(18, 2, 'com.crm.testcases.TC19_ToverifyAppointmentCreatedOnLeadTest')
data.setCell(18, 3, 746);
data.setCell(19, 0, 19)
data.setCell(19, 1, 'verifyCategoryViewLead')
data.setCell(19, 2, 'com.crm.testcases.TC23_ToverifyCategoryViewLeadTest')
data.setCell(19, 3, 738);
data.setCell(20, 0, 20)
data.setCell(20, 1, 'verifyActivityCreationOnAccount')
data.setCell(20, 2, 'com.crm.testcases.TC03_ToverifyActivityCreatedOnAccountTest')
data.setCell(20, 3, 736);
data.setCell(21, 0, 21)
data.setCell(21, 1, 'verifyLeadHistoryPage')
data.setCell(21, 2, 'com.crm.testcases.TC21_ToverifyLeadHistoryPageTest')
data.setCell(21, 3, 722);
data.setCell(22, 0, 22)
data.setCell(22, 1, 'verifyLeadSearch')
data.setCell(22, 2, 'com.crm.testcases.TC16_LeadSearchTest')
data.setCell(22, 3, 721);
data.setCell(23, 0, 23)
data.setCell(23, 1, 'verifySRIsCreated')
data.setCell(23, 2, 'com.crm.testcases.TC27_ToverifySRIsGettingCreatedTest')
data.setCell(23, 3, 720);
data.setCell(24, 0, 24)
data.setCell(24, 1, 'verifyNewOfferCreatedOnAccount')
data.setCell(24, 2, 'com.crm.testcases.TC04_ToverifyNewOfferCreatedOnAccountTest')
data.setCell(24, 3, 671);
data.setCell(25, 0, 25)
data.setCell(25, 1, 'verifySRSearch')
data.setCell(25, 2, 'com.crm.testcases.TC30_ToVerifySRSearchTest')
data.setCell(25, 3, 661);
data.setCell(26, 0, 26)
data.setCell(26, 1, 'verifyOfferCreationPageOpen')
data.setCell(26, 2, 'com.crm.testcases.TC24_ToverifyOfferCreationPageOpenTest')
data.setCell(26, 3, 647);
data.setCell(27, 0, 27)
data.setCell(27, 1, 'verifyCustomActionButton')
data.setCell(27, 2, 'com.crm.testcases.TC39_ToverifyCustomActionButtonTest')
data.setCell(27, 3, 635);
data.setCell(28, 0, 28)
data.setCell(28, 1, 'verifyStandardSRProcess')
data.setCell(28, 2, 'com.crm.testcases.TC40_ToverifyStandardSRProcessTest')
data.setCell(28, 3, 629);
data.setCell(29, 0, 29)
data.setCell(29, 1, 'verifyOfferCreation')
data.setCell(29, 2, 'com.crm.testcases.TC25_ToverifyOfferCreationTest')
data.setCell(29, 3, 627);
data.setCell(30, 0, 30)
data.setCell(30, 1, 'verifySRIsAssignedToUser')
data.setCell(30, 2, 'com.crm.testcases.TC28_ToVerifySRIsAssignedToUserTest')
data.setCell(30, 3, 623);
data.setCell(31, 0, 31)
data.setCell(31, 1, 'verifySRVisibleInViews')
data.setCell(31, 2, 'com.crm.testcases.TC29_ToVerifySRVisibleInViewsTest')
data.setCell(31, 3, 617);
data.setCell(32, 0, 32)
data.setCell(32, 1, 'verifylistofReportsDisplay')
data.setCell(32, 2, 'com.crm.testcases.TC41_ToVerifyListOfReportsDisplayTest')
data.setCell(32, 3, 611);
data.setCell(33, 0, 33)
data.setCell(33, 1, 'verifyConditionalAccess')
data.setCell(33, 2, 'com.crm.testcases.TC38_ToverifyConditionalAccessTest')
data.setCell(33, 3, 602);
data.setCell(34, 0, 34)
data.setCell(34, 1, 'VerifyAlerts')
data.setCell(34, 2, 'com.crm.testcases.TC37_ToverifyAlertsTest')
data.setCell(34, 3, 601);
data.setCell(35, 0, 35)
data.setCell(35, 1, 'VerifyCalendarAppointment')
data.setCell(35, 2, 'com.crm.testcases.TC35_ToVerifyCalendarAppointmentCreationTest')
data.setCell(35, 3, 598);
data.setCell(36, 0, 36)
data.setCell(36, 1, 'verifyTaskCreation')
data.setCell(36, 2, 'com.crm.testcases.TC36_ToverifyTaskCreationTest')
data.setCell(36, 3, 598);
data.setCell(37, 0, 37)
data.setCell(37, 1, 'verifySREditedByAssignedToUser')
data.setCell(37, 2, 'com.crm.testcases.TC31_TOverifySREditedByAssignedUserTest')
data.setCell(37, 3, 586);
data.setCell(38, 0, 38)
data.setCell(38, 1, 'verifyDedupeRule')
data.setCell(38, 2, 'com.crm.testcases.TC33_ToVerifyDedupeRuleTest')
data.setCell(38, 3, 575);
data.setCell(39, 0, 39)
data.setCell(39, 1, 'verifyReportsOpenProperly')
data.setCell(39, 2, 'com.crm.testcases.TC42_ToVerifyReportsOpenProperlyTest')
data.setCell(39, 3, 575);
data.setCell(40, 0, 40)
data.setCell(40, 1, 'verifyDataPresenter')
data.setCell(40, 2, 'com.crm.testcases.TC46_VerifyDataPresenterTest')
data.setCell(40, 3, 561);
data.setCell(41, 0, 41)
data.setCell(41, 1, 'verifySRHistoryPage')
data.setCell(41, 2, 'com.crm.testcases.TC32_ToVerifySRHistoryPageTest')
data.setCell(41, 3, 557);
data.setCell(42, 0, 42)
data.setCell(42, 1, 'verifyExecuteRecordsReport')
data.setCell(42, 2, 'com.crm.testcases.TC43_ToVerifyExecuteRecordsReportTest')
data.setCell(42, 3, 548);
data.setCell(43, 0, 43)
data.setCell(43, 1, 'verifyEmailSentToExistingSR')
data.setCell(43, 2, 'com.crm.testcases.TC45_VerfyEmailSentToExistingSRTest')
data.setCell(43, 3, 542);
data.setCell(44, 0, 44)
data.setCell(44, 1, 'verifyImportFunctionality')
data.setCell(44, 2, 'com.crm.testcases.TC34_ToVerifyImportFunctionalityTest')
data.setCell(44, 3, 540);
data.setCell(45, 0, 45)
data.setCell(45, 1, 'verifySummaryPage')
data.setCell(45, 2, 'com.crm.testcases.TC47_ToVerifySummaryPageTest')
data.setCell(45, 3, 529);
data.setCell(46, 0, 46)
data.setCell(46, 1, 'verifyListOfFiltersReports')
data.setCell(46, 2, 'com.crm.testcases.TC48_ToVerfiyListOfFilterDisplayInReportsTest')
data.setCell(46, 3, 529);
data.setCell(47, 0, 47)
data.setCell(47, 1, 'verifyReportsAddedToQuicklinks')
data.setCell(47, 2, 'com.crm.testcases.TC44_ToVerifyReportsAddedToQuickLinksTest')
data.setCell(47, 3, 524);
window.suiteTableData['Axis_Sanity_Framework']= { tableData: data, tableDiv: 'times-div-Axis_Sanity_Framework'}
return data;
}
              </script>
              <span class="suite-total-time">Total running time: 1 minutes</span>
              <div id="times-div-Axis_Sanity_Framework">
              </div> <!-- times-div-Axis_Sanity_Framework -->
            </div> <!-- times-div -->
          </div> <!-- main-panel-content rounded-window-bottom -->
        </div> <!-- panel -->
        <div panel-name="reporter-Axis_Sanity_Framework" class="panel">
          <div class="main-panel-header rounded-window-top">
            <span class="header-content">Reporter output for Axis Sanity Framework</span>
          </div> <!-- main-panel-header rounded-window-top -->
          <div class="main-panel-content rounded-window-bottom">
          </div> <!-- main-panel-content rounded-window-bottom -->
        </div> <!-- panel -->
        <div panel-name="ignored-methods-Axis_Sanity_Framework" class="panel">
          <div class="main-panel-header rounded-window-top">
            <span class="header-content">0 ignored methods</span>
          </div> <!-- main-panel-header rounded-window-top -->
          <div class="main-panel-content rounded-window-bottom">
          </div> <!-- main-panel-content rounded-window-bottom -->
        </div> <!-- panel -->
        <div panel-name="chronological-Axis_Sanity_Framework" class="panel">
          <div class="main-panel-header rounded-window-top">
            <span class="header-content">Methods in chronological order</span>
          </div> <!-- main-panel-header rounded-window-top -->
          <div class="main-panel-content rounded-window-bottom">
            <div class="chronological-class">
              <div class="chronological-class-name">com.crm.testcases.TC01_ToverifyAccountIsCreatedTest</div> <!-- chronological-class-name -->
              <div class="test-method">
                <span class="method-name">verifyAccountIsCreated({LeadSource=Outbound Call, CustomerID=000006289, TC No=TC01, Mobile=9000000208, PAN=CJJPS4758Z, Emai...)</span>
                <span class="method-start">0 ms</span>
              </div> <!-- test-method -->
              <div class="configuration-test after">
                <img src="failed.png">
                </img>
                <span class="method-name">teardown</span>
                <span class="method-start">799 ms</span>
              </div> <!-- configuration-test after -->
            </div> <!-- chronological-class -->
            <div class="chronological-class">
              <div class="chronological-class-name">com.crm.testcases.TC02_ToverifyLeadIsCreatedOnAccountTest</div> <!-- chronological-class-name -->
              <div class="test-method">
                <span class="method-name">verifyLeadIsCreatedOnAccount({Description=testlead, LeadSource=Email, Subproduct=4-In-1, CustomerID=000006289, TC No=TC02, Altern...)</span>
                <span class="method-start">1273 ms</span>
              </div> <!-- test-method -->
              <div class="configuration-test after">
                <img src="failed.png">
                </img>
                <span class="method-name">teardown</span>
                <span class="method-start">3669 ms</span>
              </div> <!-- configuration-test after -->
            </div> <!-- chronological-class -->
            <div class="chronological-class">
              <div class="chronological-class-name">com.crm.testcases.TC03_ToverifyActivityCreatedOnAccountTest</div> <!-- chronological-class-name -->
              <div class="test-method">
                <span class="method-name">verifyActivityCreationOnAccount({Subject=appointment2233, CustomerID=000006289, TC No=TC03, AppointmentStatus=Meeting Fixed, TypeofC...)</span>
                <span class="method-start">3696 ms</span>
              </div> <!-- test-method -->
              <div class="configuration-test after">
                <img src="failed.png">
                </img>
                <span class="method-name">teardown</span>
                <span class="method-start">4434 ms</span>
              </div> <!-- configuration-test after -->
            </div> <!-- chronological-class -->
            <div class="chronological-class">
              <div class="chronological-class-name">com.crm.testcases.TC04_ToverifyNewOfferCreatedOnAccountTest</div> <!-- chronological-class-name -->
              <div class="test-method">
                <span class="method-name">verifyNewOfferCreatedOnAccount({Description=testoffer, CustomerID=000006289, TC No=TC04, UserName=axisadmin, Password=acid_qa, HotR...)</span>
                <span class="method-start">4459 ms</span>
              </div> <!-- test-method -->
              <div class="configuration-test after">
                <img src="failed.png">
                </img>
                <span class="method-name">teardown</span>
                <span class="method-start">5132 ms</span>
              </div> <!-- configuration-test after -->
            </div> <!-- chronological-class -->
            <div class="chronological-class">
              <div class="chronological-class-name">com.crm.testcases.TC05_ToverifyTabsVisibleOnAccountTest</div> <!-- chronological-class-name -->
              <div class="test-method">
                <span class="method-name">verifyTabsVisibleOnAccount({RunMode=Yes, Password=acid_qa, Role=BRO, UserName=axisadmin, TC No=TC05})</span>
                <span class="method-start">5162 ms</span>
              </div> <!-- test-method -->
              <div class="configuration-test after">
                <img src="failed.png">
                </img>
                <span class="method-name">teardown</span>
                <span class="method-start">5942 ms</span>
              </div> <!-- configuration-test after -->
            </div> <!-- chronological-class -->
            <div class="chronological-class">
              <div class="chronological-class-name">com.crm.testcases.TC06_CustomerSearchTest</div> <!-- chronological-class-name -->
              <div class="test-method">
                <span class="method-name">verifyCustomerSearch({CustomerID=000006289, TC No=TC06, Mobile=9000000208, PAN=CJJPS4758Z, Email=test2074@gmail.com, User...)</span>
                <span class="method-start">5999 ms</span>
              </div> <!-- test-method -->
              <div class="configuration-test after">
                <img src="failed.png">
                </img>
                <span class="method-name">teardown</span>
                <span class="method-start">6809 ms</span>
              </div> <!-- configuration-test after -->
            </div> <!-- chronological-class -->
            <div class="chronological-class">
              <div class="chronological-class-name">com.crm.testcases.TC07_ToverifyAppointmentCreationPageOpenTest</div> <!-- chronological-class-name -->
              <div class="test-method">
                <span class="method-name">verifyAppointmentPageOpen({RunMode=Yes, Password=acid_qa, Role=BRO, UserName=axisadmin, TC No=TC07})</span>
                <span class="method-start">6870 ms</span>
              </div> <!-- test-method -->
              <div class="configuration-test after">
                <img src="failed.png">
                </img>
                <span class="method-name">teardown</span>
                <span class="method-start">7780 ms</span>
              </div> <!-- configuration-test after -->
            </div> <!-- chronological-class -->
            <div class="chronological-class">
              <div class="chronological-class-name">com.crm.testcases.TC08_ToverifyActivityCreatedIndependentlyTest</div> <!-- chronological-class-name -->
              <div class="test-method">
                <span class="method-name">verifyActivityCreated({Subject=appointment3902, TC No=TC07, AppointmentStatus=Meeting Fixed, ActivityID=06035433, TypeofCo...)</span>
                <span class="method-start">7815 ms</span>
              </div> <!-- test-method -->
              <div class="configuration-test after">
                <img src="failed.png">
                </img>
                <span class="method-name">teardown</span>
                <span class="method-start">8644 ms</span>
              </div> <!-- configuration-test after -->
            </div> <!-- chronological-class -->
            <div class="chronological-class">
              <div class="chronological-class-name">com.crm.testcases.TC09_ToverifyCreatedActivityToBeEditedTest</div> <!-- chronological-class-name -->
              <div class="test-method">
                <span class="method-name">verifyCreatedActivityEdited({Subject=appointment3902, TC No=TC09, AppointmentStatus=In Progress, ActivityID=06035433, TypeofCont...)</span>
                <span class="method-start">8673 ms</span>
              </div> <!-- test-method -->
              <div class="configuration-test after">
                <img src="failed.png">
                </img>
                <span class="method-name">teardown</span>
                <span class="method-start">9436 ms</span>
              </div> <!-- configuration-test after -->
            </div> <!-- chronological-class -->
            <div class="chronological-class">
              <div class="chronological-class-name">com.crm.testcases.TC10_ToVerifyPaginationAndOrderByOnAppointmentListingTest</div> <!-- chronological-class-name -->
              <div class="test-method">
                <span class="method-name">verifyPaginationOnApppointment({RunMode=Yes, Password=acid_qa, Role=BRO, UserName=axisadmin, TC No=TC10})</span>
                <span class="method-start">9465 ms</span>
              </div> <!-- test-method -->
              <div class="configuration-test after">
                <img src="failed.png">
                </img>
                <span class="method-name">teardown</span>
                <span class="method-start">10481 ms</span>
              </div> <!-- configuration-test after -->
            </div> <!-- chronological-class -->
            <div class="chronological-class">
              <div class="chronological-class-name">com.crm.testcases.TC11_ToVerifyScheduledAppointmentTest</div> <!-- chronological-class-name -->
              <div class="test-method">
                <span class="method-name">verifyScheduledAppointment({Subject=appointment3902, RunMode=Yes, Password=acid_qa, Role=BRO, ActivityID=06035433, UserName=axi...)</span>
                <span class="method-start">10519 ms</span>
              </div> <!-- test-method -->
              <div class="configuration-test after">
                <img src="failed.png">
                </img>
                <span class="method-name">teardown</span>
                <span class="method-start">11414 ms</span>
              </div> <!-- configuration-test after -->
            </div> <!-- chronological-class -->
            <div class="chronological-class">
              <div class="chronological-class-name">com.crm.testcases.TC12_ToVerfiyCategoryViewAppointmentTest</div> <!-- chronological-class-name -->
              <div class="test-method">
                <span class="method-name">verfiyCategoryViewAppointment({Subject=appointment3902, RunMode=Yes, Password=acid_qa, Role=BRO, ActivityID=06035433, UserName=axi...)</span>
                <span class="method-start">11454 ms</span>
              </div> <!-- test-method -->
              <div class="configuration-test after">
                <img src="failed.png">
                </img>
                <span class="method-name">teardown</span>
                <span class="method-start">12427 ms</span>
              </div> <!-- configuration-test after -->
            </div> <!-- chronological-class -->
            <div class="chronological-class">
              <div class="chronological-class-name">com.crm.testcases.TC13_ToverifyCreatedActivityClosedTest</div> <!-- chronological-class-name -->
              <div class="test-method">
                <span class="method-name">verifyCreatedActivityClosed({TypeofContact=Email, Password=acid_qa, CustomerName=test, Role=BRO, CommunicationSent=Yes, Details=...)</span>
                <span class="method-start">12479 ms</span>
              </div> <!-- test-method -->
              <div class="configuration-test after">
                <img src="failed.png">
                </img>
                <span class="method-name">teardown</span>
                <span class="method-start">13234 ms</span>
              </div> <!-- configuration-test after -->
            </div> <!-- chronological-class -->
            <div class="chronological-class">
              <div class="chronological-class-name">com.crm.testcases.TC14_ToverifyLeadCreationPageOpenTest</div> <!-- chronological-class-name -->
              <div class="test-method">
                <span class="method-name">verifyLeadPageOpen({RunMode=Yes, Password=acid_qa, Role=BRO, UserName=axisadmin, TC No=TC14})</span>
                <span class="method-start">13256 ms</span>
              </div> <!-- test-method -->
              <div class="configuration-test after">
                <img src="failed.png">
                </img>
                <span class="method-name">teardown</span>
                <span class="method-start">14124 ms</span>
              </div> <!-- configuration-test after -->
            </div> <!-- chronological-class -->
            <div class="chronological-class">
              <div class="chronological-class-name">com.crm.testcases.TC15_ToVerifyNewLeadCreatedTest</div> <!-- chronological-class-name -->
              <div class="test-method">
                <span class="method-name">verifyNewLeadIsCreated({Mobile=9000004610, Password=acid_qa, Role=BRO, Name=Mr., LeadSource=Walk-In, SubProduct=Activation,...)</span>
                <span class="method-start">14153 ms</span>
              </div> <!-- test-method -->
              <div class="configuration-test after">
                <img src="failed.png">
                </img>
                <span class="method-name">teardown</span>
                <span class="method-start">14981 ms</span>
              </div> <!-- configuration-test after -->
            </div> <!-- chronological-class -->
            <div class="chronological-class">
              <div class="chronological-class-name">com.crm.testcases.TC16_LeadSearchTest</div> <!-- chronological-class-name -->
              <div class="test-method">
                <span class="method-name">verifyLeadSearch({TC No=TC16, Mobile=9000004610, PAN=CJJPS7157Z, Email=test1731@gmail.com, UserName=axisadmin, Passwo...)</span>
                <span class="method-start">15008 ms</span>
              </div> <!-- test-method -->
              <div class="configuration-test after">
                <img src="failed.png">
                </img>
                <span class="method-name">teardown</span>
                <span class="method-start">15730 ms</span>
              </div> <!-- configuration-test after -->
            </div> <!-- chronological-class -->
            <div class="chronological-class">
              <div class="chronological-class-name">com.crm.testcases.TC17_ToVerifyEditLeadAllDataDisplayInEditPageTest</div> <!-- chronological-class-name -->
              <div class="test-method">
                <span class="method-name">verifyEditLead({Mobile=9000004610, Password=acid_qa, Role=BRO, LeadSource=Walk-In, SubProduct=Activation, LeadDescr...)</span>
                <span class="method-start">15753 ms</span>
              </div> <!-- test-method -->
              <div class="configuration-test after">
                <img src="failed.png">
                </img>
                <span class="method-name">teardown</span>
                <span class="method-start">16511 ms</span>
              </div> <!-- configuration-test after -->
            </div> <!-- chronological-class -->
            <div class="chronological-class">
              <div class="chronological-class-name">com.crm.testcases.TC18_ToverifyDocumentAttachementOnLeadDetailsPageTest</div> <!-- chronological-class-name -->
              <div class="test-method">
                <span class="method-name">verifyDocumentAttachementOnLead({RunMode=Yes, Password=acid_qa, LeadID=300088760, Role=BRO, UserName=axisadmin, TC No=TC18})</span>
                <span class="method-start">16535 ms</span>
              </div> <!-- test-method -->
              <div class="configuration-test after">
                <img src="failed.png">
                </img>
                <span class="method-name">teardown</span>
                <span class="method-start">17471 ms</span>
              </div> <!-- configuration-test after -->
            </div> <!-- chronological-class -->
            <div class="chronological-class">
              <div class="chronological-class-name">com.crm.testcases.TC19_ToverifyAppointmentCreatedOnLeadTest</div> <!-- chronological-class-name -->
              <div class="test-method">
                <span class="method-name">verifyAppointmentCreatedOnLead({TypeofContact=Email, Password=acid_qa, CustomerName=test, Role=BRO, CommunicationSent=Yes, Details=...)</span>
                <span class="method-start">17525 ms</span>
              </div> <!-- test-method -->
              <div class="configuration-test after">
                <img src="failed.png">
                </img>
                <span class="method-name">teardown</span>
                <span class="method-start">18272 ms</span>
              </div> <!-- configuration-test after -->
            </div> <!-- chronological-class -->
            <div class="chronological-class">
              <div class="chronological-class-name">com.crm.testcases.TC20_ToverifyTaskCreatedOnLeadTest</div> <!-- chronological-class-name -->
              <div class="test-method">
                <span class="method-name">verifyTaskCreatedOnLead({Subject=task4151, RunMode=Yes, Password=acid_qa, LeadID=300088760, Role=BRO, Description=taskcreati...)</span>
                <span class="method-start">18294 ms</span>
              </div> <!-- test-method -->
              <div class="configuration-test after">
                <img src="failed.png">
                </img>
                <span class="method-name">teardown</span>
                <span class="method-start">19114 ms</span>
              </div> <!-- configuration-test after -->
            </div> <!-- chronological-class -->
            <div class="chronological-class">
              <div class="chronological-class-name">com.crm.testcases.TC21_ToverifyLeadHistoryPageTest</div> <!-- chronological-class-name -->
              <div class="test-method">
                <span class="method-name">verifyLeadHistoryPage({RunMode=Yes, Password=acid_qa, LeadID=300088760, Role=BRO, UserName=axisadmin, TC No=TC21})</span>
                <span class="method-start">19135 ms</span>
              </div> <!-- test-method -->
              <div class="configuration-test after">
                <img src="failed.png">
                </img>
                <span class="method-name">teardown</span>
                <span class="method-start">19859 ms</span>
              </div> <!-- configuration-test after -->
            </div> <!-- chronological-class -->
            <div class="chronological-class">
              <div class="chronological-class-name">com.crm.testcases.TC22_ToverifyPaginationAndOrderByOnLeadListingPageTest</div> <!-- chronological-class-name -->
              <div class="test-method">
                <span class="method-name">verifyPaginationOnLead({RunMode=Yes, Password=acid_qa, Role=BRO, UserName=axisadmin, TC No=TC22})</span>
                <span class="method-start">19877 ms</span>
              </div> <!-- test-method -->
              <div class="configuration-test after">
                <img src="failed.png">
                </img>
                <span class="method-name">teardown</span>
                <span class="method-start">20653 ms</span>
              </div> <!-- configuration-test after -->
            </div> <!-- chronological-class -->
            <div class="chronological-class">
              <div class="chronological-class-name">com.crm.testcases.TC23_ToverifyCategoryViewLeadTest</div> <!-- chronological-class-name -->
              <div class="test-method">
                <span class="method-name">verifyCategoryViewLead({RunMode=Yes, Password=acid_qa, LeadID=300088760, Role=BRO, UserName=axisadmin, TC No=TC23})</span>
                <span class="method-start">20677 ms</span>
              </div> <!-- test-method -->
              <div class="configuration-test after">
                <img src="failed.png">
                </img>
                <span class="method-name">teardown</span>
                <span class="method-start">21416 ms</span>
              </div> <!-- configuration-test after -->
            </div> <!-- chronological-class -->
            <div class="chronological-class">
              <div class="chronological-class-name">com.crm.testcases.TC24_ToverifyOfferCreationPageOpenTest</div> <!-- chronological-class-name -->
              <div class="test-method">
                <span class="method-name">verifyOfferCreationPageOpen({RunMode=Yes, Password=acid_qa, Role=Administrator, UserName=axisadmin, TC No=TC24})</span>
                <span class="method-start">21434 ms</span>
              </div> <!-- test-method -->
              <div class="configuration-test after">
                <img src="failed.png">
                </img>
                <span class="method-name">teardown</span>
                <span class="method-start">22082 ms</span>
              </div> <!-- configuration-test after -->
            </div> <!-- chronological-class -->
            <div class="chronological-class">
              <div class="chronological-class-name">com.crm.testcases.TC25_ToverifyOfferCreationTest</div> <!-- chronological-class-name -->
              <div class="test-method">
                <span class="method-name">verifyOfferCreation({SubProduct=Activation, RunMode=Yes, Password=acid_qa, Product=Axis Direct, Priority=1, Role=Adminis...)</span>
                <span class="method-start">22101 ms</span>
              </div> <!-- test-method -->
              <div class="configuration-test after">
                <img src="failed.png">
                </img>
                <span class="method-name">teardown</span>
                <span class="method-start">22729 ms</span>
              </div> <!-- configuration-test after -->
            </div> <!-- chronological-class -->
            <div class="chronological-class">
              <div class="chronological-class-name">com.crm.testcases.TC26_ToVerifyonEditOffersAlldataDisplayInEditPageTest</div> <!-- chronological-class-name -->
              <div class="test-method">
                <span class="method-name">VerifyEditOnOffers({SubProduct=Activation, RunMode=Yes, Password=acid_qa, Product=Axis Direct, Priority=1, Role=Adminis...)</span>
                <span class="method-start">22763 ms</span>
              </div> <!-- test-method -->
              <div class="configuration-test after">
                <span class="method-name">teardown</span>
                <span class="method-start">94894 ms</span>
              </div> <!-- configuration-test after -->
            </div> <!-- chronological-class -->
            <div class="chronological-class">
              <div class="chronological-class-name">com.crm.testcases.TC27_ToverifySRIsGettingCreatedTest</div> <!-- chronological-class-name -->
              <div class="test-method">
                <span class="method-name">verifySRIsCreated({AccountCardDetailSearchParameter=Prospect Customer, SubFunction=Customer Details Maintenance, SRNum...)</span>
                <span class="method-start">95198 ms</span>
              </div> <!-- test-method -->
              <div class="configuration-test after">
                <span class="method-name">teardown</span>
                <span class="method-start">95919 ms</span>
              </div> <!-- configuration-test after -->
            </div> <!-- chronological-class -->
            <div class="chronological-class">
              <div class="chronological-class-name">com.crm.testcases.TC28_ToVerifySRIsAssignedToUserTest</div> <!-- chronological-class-name -->
              <div class="test-method">
                <span class="method-name">verifySRIsAssignedToUser({AccountCardDetailSearchParameter=Prospect Customer, SubFunction=Customer Details Maintenance, SRNum...)</span>
                <span class="method-start">95936 ms</span>
              </div> <!-- test-method -->
              <div class="configuration-test after">
                <span class="method-name">teardown</span>
                <span class="method-start">96559 ms</span>
              </div> <!-- configuration-test after -->
            </div> <!-- chronological-class -->
            <div class="chronological-class">
              <div class="chronological-class-name">com.crm.testcases.TC29_ToVerifySRVisibleInViewsTest</div> <!-- chronological-class-name -->
              <div class="test-method">
                <span class="method-name">verifySRVisibleInViews({AccountCardDetailSearchParameter=Prospect Customer, SubFunction=Customer Details Maintenance, SRNum...)</span>
                <span class="method-start">96573 ms</span>
              </div> <!-- test-method -->
              <div class="configuration-test after">
                <span class="method-name">teardown</span>
                <span class="method-start">97191 ms</span>
              </div> <!-- configuration-test after -->
            </div> <!-- chronological-class -->
            <div class="chronological-class">
              <div class="chronological-class-name">com.crm.testcases.TC30_ToVerifySRSearchTest</div> <!-- chronological-class-name -->
              <div class="test-method">
                <span class="method-name">verifySRSearch({Password=acid_qa, ProductType=Cheque, ClientCode=0000001098, SRNumber=221229042270, PickUpAddress=A...)</span>
                <span class="method-start">97206 ms</span>
              </div> <!-- test-method -->
              <div class="configuration-test after">
                <span class="method-name">teardown</span>
                <span class="method-start">97868 ms</span>
              </div> <!-- configuration-test after -->
            </div> <!-- chronological-class -->
            <div class="chronological-class">
              <div class="chronological-class-name">com.crm.testcases.TC31_TOverifySREditedByAssignedUserTest</div> <!-- chronological-class-name -->
              <div class="test-method">
                <span class="method-name">verifySREditedByAssignedToUser({AccountCardDetailSearchParameter=Prospect Customer, SubFunction=Customer Details Maintenance, SRNum...)</span>
                <span class="method-start">97882 ms</span>
              </div> <!-- test-method -->
              <div class="configuration-test after">
                <span class="method-name">teardown</span>
                <span class="method-start">98469 ms</span>
              </div> <!-- configuration-test after -->
            </div> <!-- chronological-class -->
            <div class="chronological-class">
              <div class="chronological-class-name">com.crm.testcases.TC32_ToVerifySRHistoryPageTest</div> <!-- chronological-class-name -->
              <div class="test-method">
                <span class="method-name">verifySRHistoryPage({Password=acid_qa, STATEMENTNOTRECEIVED=NO, Missedpaymentdate=, Preferrableaddress=Work, SRNumber=22...)</span>
                <span class="method-start">98483 ms</span>
              </div> <!-- test-method -->
              <div class="configuration-test after">
                <span class="method-name">teardown</span>
                <span class="method-start">99041 ms</span>
              </div> <!-- configuration-test after -->
            </div> <!-- chronological-class -->
            <div class="chronological-class">
              <div class="chronological-class-name">com.crm.testcases.TC33_ToVerifyDedupeRuleTest</div> <!-- chronological-class-name -->
              <div class="test-method">
                <span class="method-name">verifyDedupeRule({Password=acid_qa, ProductType=Cheque, ClientCode=0000006357, SRNumber=221229042273, PickUpAddress=A...)</span>
                <span class="method-start">99056 ms</span>
              </div> <!-- test-method -->
              <div class="configuration-test after">
                <span class="method-name">teardown</span>
                <span class="method-start">99632 ms</span>
              </div> <!-- configuration-test after -->
            </div> <!-- chronological-class -->
            <div class="chronological-class">
              <div class="chronological-class-name">com.crm.testcases.TC34_ToVerifyImportFunctionalityTest</div> <!-- chronological-class-name -->
              <div class="test-method">
                <span class="method-name">verifyImportFunctionality({Password=acid_qa, ProductType=Cheque, ClientCode=0000006835, SRNumber=221229042274, PickUpAddress=A...)</span>
                <span class="method-start">99645 ms</span>
              </div> <!-- test-method -->
              <div class="configuration-test after">
                <span class="method-name">teardown</span>
                <span class="method-start">100185 ms</span>
              </div> <!-- configuration-test after -->
            </div> <!-- chronological-class -->
            <div class="chronological-class">
              <div class="chronological-class-name">com.crm.testcases.TC35_ToVerifyCalendarAppointmentCreationTest</div> <!-- chronological-class-name -->
              <div class="test-method">
                <span class="method-name">VerifyCalendarAppointment({Subject=appointment2371, ClientSegmentCode=Others, RunMode=Yes, Password=acid_qa, Reason=Others, Ro...)</span>
                <span class="method-start">100218 ms</span>
              </div> <!-- test-method -->
              <div class="configuration-test after">
                <span class="method-name">teardown</span>
                <span class="method-start">100817 ms</span>
              </div> <!-- configuration-test after -->
            </div> <!-- chronological-class -->
            <div class="chronological-class">
              <div class="chronological-class-name">com.crm.testcases.TC36_ToverifyTaskCreationTest</div> <!-- chronological-class-name -->
              <div class="test-method">
                <span class="method-name">verifyTaskCreation({Subject=task9348, RunMode=Yes, Password=acid_qa, Role=BRO, Description=taskcreation, UserName=axisa...)</span>
                <span class="method-start">100829 ms</span>
              </div> <!-- test-method -->
              <div class="configuration-test after">
                <span class="method-name">teardown</span>
                <span class="method-start">101428 ms</span>
              </div> <!-- configuration-test after -->
            </div> <!-- chronological-class -->
            <div class="chronological-class">
              <div class="chronological-class-name">com.crm.testcases.TC37_ToverifyAlertsTest</div> <!-- chronological-class-name -->
              <div class="test-method">
                <span class="method-name">VerifyAlerts({Subject=alert5533, TC No=TC37, UserName=axisadmin, Title=testalert, Password=acid_qa, RunMode=Yes, ...)</span>
                <span class="method-start">101441 ms</span>
              </div> <!-- test-method -->
              <div class="configuration-test after">
                <span class="method-name">teardown</span>
                <span class="method-start">102043 ms</span>
              </div> <!-- configuration-test after -->
            </div> <!-- chronological-class -->
            <div class="chronological-class">
              <div class="chronological-class-name">com.crm.testcases.TC38_ToverifyConditionalAccessTest</div> <!-- chronological-class-name -->
              <div class="test-method">
                <span class="method-name">verifyConditionalAccess({AccountCardDetailSearchParameter=Prospect Customer, SubFunction=Customer Details Maintenance, SRNum...)</span>
                <span class="method-start">102058 ms</span>
              </div> <!-- test-method -->
              <div class="configuration-test after">
                <span class="method-name">teardown</span>
                <span class="method-start">102661 ms</span>
              </div> <!-- configuration-test after -->
            </div> <!-- chronological-class -->
            <div class="chronological-class">
              <div class="chronological-class-name">com.crm.testcases.TC39_ToverifyCustomActionButtonTest</div> <!-- chronological-class-name -->
              <div class="test-method">
                <span class="method-name">verifyCustomActionButton({AccountCardDetailSearchParameter=Prospect Customer, SubFunction=Customer Details Maintenance, SRNum...)</span>
                <span class="method-start">102676 ms</span>
              </div> <!-- test-method -->
              <div class="configuration-test after">
                <span class="method-name">teardown</span>
                <span class="method-start">103312 ms</span>
              </div> <!-- configuration-test after -->
            </div> <!-- chronological-class -->
            <div class="chronological-class">
              <div class="chronological-class-name">com.crm.testcases.TC40_ToverifyStandardSRProcessTest</div> <!-- chronological-class-name -->
              <div class="test-method">
                <span class="method-name">verifyStandardSRProcess({Password=acid_qa, STATEMENTNOTRECEIVED=NO, Missedpaymentdate=, Preferrableaddress=Work, SRNumber=22...)</span>
                <span class="method-start">103326 ms</span>
              </div> <!-- test-method -->
              <div class="configuration-test after">
                <span class="method-name">teardown</span>
                <span class="method-start">103956 ms</span>
              </div> <!-- configuration-test after -->
            </div> <!-- chronological-class -->
            <div class="chronological-class">
              <div class="chronological-class-name">com.crm.testcases.TC41_ToVerifyListOfReportsDisplayTest</div> <!-- chronological-class-name -->
              <div class="test-method">
                <span class="method-name">verifylistofReportsDisplay({RunMode=Yes, Password=axis@123, UserName=dpdissupervisor, TC No=TC41})</span>
                <span class="method-start">103970 ms</span>
              </div> <!-- test-method -->
              <div class="configuration-test after">
                <span class="method-name">teardown</span>
                <span class="method-start">104582 ms</span>
              </div> <!-- configuration-test after -->
            </div> <!-- chronological-class -->
            <div class="chronological-class">
              <div class="chronological-class-name">com.crm.testcases.TC42_ToVerifyReportsOpenProperlyTest</div> <!-- chronological-class-name -->
              <div class="test-method">
                <span class="method-name">verifyReportsOpenProperly({RunMode=Yes, Password=axis@123, UserName=dpdissupervisor, TC No=TC42})</span>
                <span class="method-start">104594 ms</span>
              </div> <!-- test-method -->
              <div class="configuration-test after">
                <span class="method-name">teardown</span>
                <span class="method-start">105170 ms</span>
              </div> <!-- configuration-test after -->
            </div> <!-- chronological-class -->
            <div class="chronological-class">
              <div class="chronological-class-name">com.crm.testcases.TC43_ToVerifyExecuteRecordsReportTest</div> <!-- chronological-class-name -->
              <div class="test-method">
                <span class="method-name">verifyExecuteRecordsReport({Password=acid_qa, SerialNo=1234567891, Date=30/12/2022, SRNumber=221229042286, SupervisorPassword=a...)</span>
                <span class="method-start">105182 ms</span>
              </div> <!-- test-method -->
              <div class="configuration-test after">
                <span class="method-name">teardown</span>
                <span class="method-start">105731 ms</span>
              </div> <!-- configuration-test after -->
            </div> <!-- chronological-class -->
            <div class="chronological-class">
              <div class="chronological-class-name">com.crm.testcases.TC44_ToVerifyReportsAddedToQuickLinksTest</div> <!-- chronological-class-name -->
              <div class="test-method">
                <span class="method-name">verifyReportsAddedToQuicklinks({RunMode=Yes, Password=acid_qa, Role=Administrator, UserName=axisadmin, TC No=TC44})</span>
                <span class="method-start">105759 ms</span>
              </div> <!-- test-method -->
              <div class="configuration-test after">
                <span class="method-name">teardown</span>
                <span class="method-start">106283 ms</span>
              </div> <!-- configuration-test after -->
            </div> <!-- chronological-class -->
            <div class="chronological-class">
              <div class="chronological-class-name">com.crm.testcases.TC45_VerfyEmailSentToExistingSRTest</div> <!-- chronological-class-name -->
              <div class="test-method">
                <span class="method-name">verifyEmailSentToExistingSR({EmailBCC=rahul.jadhav@crmnext.com, Password=acid_qa, ProductType=Cheque, ClientCode=0000003911, SRN...)</span>
                <span class="method-start">106297 ms</span>
              </div> <!-- test-method -->
              <div class="configuration-test after">
                <span class="method-name">teardown</span>
                <span class="method-start">106840 ms</span>
              </div> <!-- configuration-test after -->
            </div> <!-- chronological-class -->
            <div class="chronological-class">
              <div class="chronological-class-name">com.crm.testcases.TC46_VerifyDataPresenterTest</div> <!-- chronological-class-name -->
              <div class="test-method">
                <span class="method-name">verifyDataPresenter({SubFunction=FEASIBILITY CHECKING WITH VENDOR, SRNumber=221229042278, Function=CMS LOGISTICS, TC No=...)</span>
                <span class="method-start">106852 ms</span>
              </div> <!-- test-method -->
              <div class="configuration-test after">
                <span class="method-name">teardown</span>
                <span class="method-start">107414 ms</span>
              </div> <!-- configuration-test after -->
            </div> <!-- chronological-class -->
            <div class="chronological-class">
              <div class="chronological-class-name">com.crm.testcases.TC47_ToVerifySummaryPageTest</div> <!-- chronological-class-name -->
              <div class="test-method">
                <span class="method-name">verifySummaryPage({Subject=appointment2371, RunMode=Yes, Password=acid_qa, LeadID=300088760, Role=BRO, UserName=axisad...)</span>
                <span class="method-start">107425 ms</span>
              </div> <!-- test-method -->
              <div class="configuration-test after">
                <span class="method-name">teardown</span>
                <span class="method-start">107955 ms</span>
              </div> <!-- configuration-test after -->
            </div> <!-- chronological-class -->
            <div class="chronological-class">
              <div class="chronological-class-name">com.crm.testcases.TC48_ToVerfiyListOfFilterDisplayInReportsTest</div> <!-- chronological-class-name -->
              <div class="test-method">
                <span class="method-name">verifyListOfFiltersReports({Password=acid_qa, SerialNo=1234567891, Date=30/12/2022, SRNumber=221229042285, SupervisorPassword=a...)</span>
                <span class="method-start">107966 ms</span>
              </div> <!-- test-method -->
              <div class="configuration-test after">
                <span class="method-name">teardown</span>
                <span class="method-start">108496 ms</span>
              </div> <!-- configuration-test after -->
          </div> <!-- main-panel-content rounded-window-bottom -->
        </div> <!-- panel -->
      </div> <!-- main-panel-root -->
    </div> <!-- wrapper -->
  </body>
<script type="text/javascript" src="testng-reports2.js"></script>
</html>
